*------------------------------------------------------------*
* Score Log
Date:                December 08, 2017
Time:                02:29:30
*------------------------------------------------------------*
16643  %let EMEXCEPTIONSTRING=;
16644  *------------------------------------------------------------*;
16645  * SCORE: Tree2;
16646  *------------------------------------------------------------*;
16647  %let EM_ACTION = SCORE;
16648  %let syscc = 0;
16649  %macro main;
16650  
16651    %if %upcase(&EM_ACTION) = CREATE %then %do;
16652      filename temp catalog 'sashelp.emmodl.tree_create.source';
16653      %include temp;
16654      filename temp;
16655  
16656      %em_tree_create;
16657    %end;
16658  
16659     %else
16660     %if %upcase(&EM_ACTION) = TRAIN %then %do;
16661  
16662         filename temp catalog 'sashelp.emmodl.tree_train.source';
16663         %include temp;
16664         filename temp;
16665         %em_tree_train;
16666     %end;
16667  
16668    %else
16669    %if %upcase(&EM_ACTION) = SCORE %then %do;
16670      filename temp catalog 'sashelp.emmodl.tree_score.source';
16671      %include temp;
16672      filename temp;
16673  
16674      %em_tree_score;
16675  
16676    %end;
16677  
16678    %else
16679    %if %upcase(&EM_ACTION) = REPORT %then %do;
16680  
16681         filename temp catalog 'sashelp.emmodl.tree_report.source';
16682         %include temp;
16683         filename temp;
16684  
16685         %em_tree_report;
16686     %end;
16687  
16688    %else
16689    %if %upcase(&EM_ACTION) = OPENINT %then %do;
16690  
16691         filename temp catalog 'sashelp.emmodl.tree_actions.source';
16692         %include temp;
16693         filename temp;
16694         %EM_TREE_OPENTREEVIEWER;
16695  
16696     %end;
16697  
16698    %else
16699    %if %upcase(&EM_ACTION) = CLOSEINT %then %do;
16700  
16701         filename temp catalog 'sashelp.emmodl.tree_actions.source';
16702         %include temp;
16703         filename temp;
16704         %EM_TREE_CLOSETREEVIEWER;
16705  
16706     %end;
16707  
16708  
16709     %doendm:
16710  %mend main;
16711  
16712  %main;
NOTE: %INCLUDE (level 1) file TEMP is file SASHELP.EMMODL.TREE_SCORE.SOURCE.
16714 +%macro em_tree_score;
16716 +   /* determine if multiple targets will be processed */
16717 +   %let em_tree_multipleTargets=N;
16718 +   %let em_tree_numTarget=1;
16719 +   %if "&EM_PROPERTY_USEMULTIPLETARGET" eq "Y" %then %do;
16720 +      /* determine if there are any ordinal target variables - if so, multiple targets are not supported */
16721 +      %if &EM_NUM_ORDINAL_TARGET gt 0 %then %do;
16722 +         %let em_tree_multipleTargets=N;
16723 +      %end;
16724 +      %else %do;
16725 +         /* create macro array of targets  */
16726 +         data _null_;
16727 +           set &EM_DATA_VARIABLESET(where=(ROLE='TARGET' AND LEVEL^='ORDINAL')) end=eof;
16728 +           call symput('em_tree_targetVars'!!strip(put(_N_, BEST.)), strip(Name));
16729 +           if eof then
16730 +             call symput('em_tree_numTarget', strip(put(_N_, BEST.)));
16731 +        run;
16733 +        %if &em_tree_numTarget gt 1 %then %do;
16734 +           %let em_tree_multipleTargets=Y;
16735 +        %end;
16736 +      %end;
16737 +   %end;
16739 +   /* build flow and publish scoring code */
16740 +   %EM_GETNAME(key=TREEFLOW, type=FILE, extension=sas);
16741 +   %EM_GETNAME(key=TREEPUBLISH, type=FILE, extension=sas);
16743 +   filename treeflow "&EM_USER_TREEFLOW";
16744 +   filename treepub "&EM_USER_TREEPUBLISH";
16746 +   filename flowref  "&EM_FILE_EMFLOWSCORECODE";
16747 +   filename pubref   "&EM_FILE_EMPUBLISHSCORECODE";
16749 +   %em_copyfile(infref=treeflow, outfref=flowref);
16750 +   %em_copyfile(infref=treepub, outfref=pubref);
16752 +   filename treeflow;
16753 +   filename treepub;
16755 +   /* if priors are used, add code to generate unadjusted residuals in export */
16756 +   %let useAdjPriors = N;
16757 +   data _null_;
16758 +     set &EM_DEC_DECMETA(where=(_TYPE_="DECPRIOR"));
16759 +     if USE="Y" then call symput('useAdjPriors', 'Y');
16760 +   run;
16761 +   %if (("&em_tree_multipleTargets" eq "N") AND ("&useAdjPriors" eq "Y")) %then %do;
16762 +      filename temp catalog 'sashelp.emutil.em_makeunadjustedresidualvars.source';
16763 +      %include temp;
16764 +      filename temp;
16766 +      %EM_GETNAME(key=adjResidualCode, type=FILE, extension=sas);
16767 +      filename adjref "&EM_USER_adjResidualCode";
16768 +      %makeUnadjustedResidualVars(target=%EM_TARGET, decmeta=&EM_DEC_DECMETA, fref=adjref);
16770 +      %em_copyfile(infref=adjref, outfref=flowref, append=Y);
16772 +      filename adjref;
16773 +   %end;
16775 +   /* LEAF */
16776 +   %if "&EM_PROPERTY_LEAFID" eq "Y" %then %do;
16777 +      data _null_;
16778 +        file flowref mod;
16779 +        put 'drop _LEAF_;';
16780 +      run;
16782 +      data _null_;
16783 +        file pubref mod;
16784 +        put 'drop _LEAF_;';
16785 +      run;
16787 +   %end;
16789 +   filename flowref;
16790 +   filename pubref;
16792 +   /* em_metachange code */
16793 +   %if "&EM_PROPERTY_LEAFID" eq "Y" %then %do;
16794 +     %EM_METACHANGE(name=_NODE_, role=&EM_PROPERTY_NODEROLE, LEVEL=NOMINAL);
16795 +   %end;
16797 +   /* variable selection based on importance stat    */
16798 +   %if "&EM_PROPERTY_VARSELECTION" eq "Y" %then %do;
16799 +     %EM_GETNAME(key=OUTIMPORT, type=DATA);
16800 +     %let dsid = %sysfunc(open(&EM_USER_OUTIMPORT(where=(IMPORTANCE<0.05))));
16801 +     %let varnum = %sysfunc(varnum(&dsid, NAME));
16802 +     %let obs = %sysfunc(fetch(&dsid));
16803 +     %do %while(&obs=0);
16804 +       %let temp = %nrbquote(%sysfunc(getvarc(&dsid, &varnum)));
16805 +       %let varname = %nrbquote(%sysfunc(tranwrd(&temp,  %str(%"),"")));
16806 +       %EM_METACHANGE(name=&varname, role=REJECTED);
16807 +       %let obs = %sysfunc(fetch(&dsid));
16808 +     %end;
16809 +     %if &dsid %then %let dsid=%sysfunc(close(&dsid));
16810 +   %end;
16812 +   /* set Q_ varaibles to role of ASSESS when in the presense of prior probabilities */
16813 +   %if %sysfunc(exist(&EM_DEC_DECMETA)) %then %do;
16814 +    %let tree_pred_vars = ;
16815 +    %let tree_pred_lvl =;
16816 +    %let numpred= 0;
16818 +    data _null_;
16819 +     set &EM_DEC_DECMETA(where=(_TYPE_="PREDICTED")) end=eof;
16820 +     call symput('tree_pred_vars'!!strip(put(_N_, BEST.)), strip(VARIABLE));
16821 +     call symput('tree_pred_lvl'!!strip(put(_N_, BEST.)), strip(LEVEL));
16822 +     if eof then
16823 +       call symput('numpred', strip(put(_N_, BEST.)));
16824 +    run;
16825 +   %end;
16827 +   %if &numpred ne 0 %then %do;
16828 +    %do i=1 %to &numpred;
16829 +      %let qpred = Q%substr(&&tree_pred_vars&i,2);
16830 +      %EM_METACHANGE(name=&qpred, role=ASSESS);
16831 +    %end;
16832 +   %end;
16834 +   /* determine if multiple targets will be processed */
16835 +   %let em_tree_multipleTargets=N;
16836 +   %let em_tree_numTarget=1;
16837 +   %if "&EM_PROPERTY_USEMULTIPLETARGET" eq "Y" %then %do;
16838 +      /* determine if there are any ordinal target variables - if so, multiple targets are not supported */
16839 +      %if &EM_NUM_ORDINAL_TARGET gt 0 %then %do;
16840 +         %let em_tree_multipleTargets=N;
16841 +      %end;
16842 +      %else %do;
16843 +        data _null_;
16844 +          set &EM_DATA_VARIABLESET(where=(ROLE='TARGET' AND LEVEL^='ORDINAL')) end=eof;
16845 +          if eof then
16846 +            call symput('em_tree_numTarget', strip(put(_N_, BEST.)));
16847 +        run;
16849 +        %if &em_tree_numTarget gt 1 %then %do;
16850 +           %let em_tree_multipleTargets=Y;
16851 +        %end;
16852 +     %end;
16853 +   %end;
16855 +   /* need to include this code to do the %em_report for OUTIMPORT here instead of in Report code so _loop data set is created when group processing */
16856 +   %if "&em_tree_multipleTargets" eq "N" %then %do;
16858 +      /* variable importance */
16859 +      %EM_GETNAME(key=OUTIMPORT, type=DATA);
16860 +      %if %sysfunc(exist(&EM_USER_OUTIMPORT)) eq 1 %then %do;
16862 +         %let validexist=0;
16863 +         %if (("&EM_IMPORT_VALIDATE" ne "") AND (%sysfunc(exist(&EM_IMPORT_VALIDATE)) or %sysfunc(exist(&EM_IMPORT_VALIDATE,VIEW)))) %then %do;
16864 +           %let validexist=1;
16865 +         %end;
16867 +         /* determine if vars exists - properties could indicate they are they but freeze=Y would mean the node wasn't retrained */
16868 +         /* and the columns may not be generated                                                                                 */
16869 +         %let em_tree_cvexists=;
16870 +         %let em_tree_surrexists=.;
16871 +         data _null_;
16872 +            set &EM_USER_OUTIMPORT (obs=2) end=eof;
16873 +            if eof then do ;
16874 +               call symput("em_tree_cvexists" , strip(put(cvimportance,best.))) ;
16875 +               call symput("em_tree_surrexists", strip(put(nsurrogates, best.)));
16876 +            end;
16877 +         run;
16879 +         data &EM_USER_OUTIMPORT;
16880 +            set &EM_USER_OUTIMPORT;
16882 +            /* format columns based on Precison value specified */
16883 +            format importance 15.&EM_PROPERTY_PRECISION
16884 +                 %if &validexist %then %do;
16885 +                   vimportance ratio 15.&EM_PROPERTY_PRECISION
16886 +                 %end;
16887 +                 %if "&EM_TREE_CVEXISTS" ne "." %then %do;
16888 +                   cvimportance vimportance ratio 15.&EM_PROPERTY_PRECISION
16889 +                 %end;
16890 +            ;
16891 +            label  NAME       = "%sysfunc(sasmsg(sashelp.dmine, meta_name_vlabel, noquote))"
16892 +                 LABEL        = "%sysfunc(sasmsg(sashelp.dmine, meta_label_vlabel, noquote))"
16893 +                 NRULES       = "%sysfunc(sasmsg(sashelp.dmine, rpt_nrules_vlabel, noquote))"
16894 +                 IMPORTANCE   = "%sysfunc(sasmsg(sashelp.dmine, rpt_importance_vlabel, noquote))"
16895 +                 %if "&em_tree_surrexists" ne "" %then %do;
16896 +                   NSURROGATES  = "%sysfunc(sasmsg(sashelp.dmine, rpt_nsurrogates_vlabel, noquote))"
16897 +                 %end;
16898 +                 %if &validexist %then %do;
16899 +                   VIMPORTANCE = "%sysfunc(sasmsg(sashelp.dmine, rpt_vimportance_vlabel, noquote))"
16900 +                   RATIO       = "%sysfunc(sasmsg(sashelp.dmine, rpt_ratio_vlabel, noquote))"
16901 +                 %end;
16902 +                 %if "&EM_TREE_CVEXISTS" ne "" %then %do;
16903 +                   VIMPORTANCE = "%sysfunc(sasmsg(sashelp.dmine, rpt_vimportance_vlabel, noquote))"
16904 +                   CVIMPORTANCE =  "%sysfunc(sasmsg(sashelp.dmine, rpt_cvimport_vlabel, noquote))"
16905 +                   CVRULES= "%sysfunc(sasmsg(sashelp.dmine, rpt_cvrules_vlabel, noquote))"
16906 +                   RATIO = "%sysfunc(sasmsg(sashelp.dmine, rpt_ratio_vlabel, noquote))"
16907 +                 %end;
16908 +            ;
16909 +         run;
16911 +         %EM_REPORT(key=OUTIMPORT, viewtype=DATA, block=MODEL, description=IMPORTANCE, autodisplay=N);
16912 +      %end;
16913 +   %end;
16915 +   %doendm:
16916 +%mend em_tree_score;
NOTE: %INCLUDE (level 1) ending.
NOTE: Fileref TEMP has been deassigned.

NOTE: The file FLOWREF is:
      Filename=\\filer.uncc.edu\home\aadwani\SAS project\sas project\Workspaces\EMWS2\Tree2\EMFLOWSCORE.sas,
      RECFM=V,LRECL=20000,File Size (bytes)=0,
      Last Modified=08Dec2017:02:29:29,
      Create Time=08Dec2017:02:29:29

NOTE: 170 records were written to the file FLOWREF.
      The minimum record length was 1.
      The maximum record length was 65.
NOTE: DATA statement used (Total process time):
      real time           0.01 seconds
      cpu time            0.01 seconds
      


NOTE: The file PUBREF is:
      Filename=\\filer.uncc.edu\home\aadwani\SAS project\sas project\Workspaces\EMWS2\Tree2\EMPUBLISHSCORE.sas,
      RECFM=V,LRECL=20000,File Size (bytes)=0,
      Last Modified=08Dec2017:02:29:29,
      Create Time=08Dec2017:02:29:29

NOTE: 148 records were written to the file PUBREF.
      The minimum record length was 1.
      The maximum record length was 65.
NOTE: DATA statement used (Total process time):
      real time           0.01 seconds
      cpu time            0.01 seconds
      

NOTE: Fileref TREEFLOW has been deassigned.
NOTE: Fileref TREEPUB has been deassigned.

NOTE: There were 1 observations read from the data set EMWS2.IDS_RESPOND_DM.
      WHERE _TYPE_='DECPRIOR';
NOTE: DATA statement used (Total process time):
      real time           0.00 seconds
      cpu time            0.00 seconds
      


NOTE: The file FLOWREF is:
      Filename=\\filer.uncc.edu\home\aadwani\SAS project\sas project\Workspaces\EMWS2\Tree2\EMFLOWSCORE.sas,
      RECFM=V,LRECL=32767,File Size (bytes)=5983,
      Last Modified=08Dec2017:02:29:29,
      Create Time=08Dec2017:02:29:29

NOTE: 1 record was written to the file FLOWREF.
      The minimum record length was 12.
      The maximum record length was 12.
NOTE: DATA statement used (Total process time):
      real time           0.01 seconds
      cpu time            0.01 seconds
      


NOTE: The file PUBREF is:
      Filename=\\filer.uncc.edu\home\aadwani\SAS project\sas project\Workspaces\EMWS2\Tree2\EMPUBLISHSCORE.sas,
      RECFM=V,LRECL=32767,File Size (bytes)=5354,
      Last Modified=08Dec2017:02:29:29,
      Create Time=08Dec2017:02:29:29

NOTE: 1 record was written to the file PUBREF.
      The minimum record length was 12.
      The maximum record length was 12.
NOTE: DATA statement used (Total process time):
      real time           0.00 seconds
      cpu time            0.00 seconds
      

NOTE: Fileref FLOWREF has been deassigned.
NOTE: Fileref PUBREF has been deassigned.

NOTE: The data set WORK.EM_METACHANGE has 1 observations and 9 variables.
NOTE: DATA statement used (Total process time):
      real time           0.00 seconds
      cpu time            0.00 seconds
      


NOTE: There were 1 observations read from the data set WORK.EM_METACHANGE.
NOTE: The data set WORK.EM_METACHANGE has 2 observations and 9 variables.
NOTE: DATA statement used (Total process time):
      real time           0.01 seconds
      cpu time            0.01 seconds
      


NOTE: There were 2 observations read from the data set WORK.EM_METACHANGE.
NOTE: The data set WORK.EM_METACHANGE has 3 observations and 9 variables.
NOTE: DATA statement used (Total process time):
      real time           0.00 seconds
      cpu time            0.00 seconds
      


NOTE: There were 3 observations read from the data set WORK.EM_METACHANGE.
NOTE: The data set WORK.EM_METACHANGE has 4 observations and 9 variables.
NOTE: DATA statement used (Total process time):
      real time           0.01 seconds
      cpu time            0.01 seconds
      


NOTE: There were 4 observations read from the data set WORK.EM_METACHANGE.
NOTE: The data set WORK.EM_METACHANGE has 5 observations and 9 variables.
NOTE: DATA statement used (Total process time):
      real time           0.00 seconds
      cpu time            0.00 seconds
      


NOTE: There were 5 observations read from the data set WORK.EM_METACHANGE.
NOTE: The data set WORK.EM_METACHANGE has 6 observations and 9 variables.
NOTE: DATA statement used (Total process time):
      real time           0.01 seconds
      cpu time            0.01 seconds
      


NOTE: There were 6 observations read from the data set WORK.EM_METACHANGE.
NOTE: The data set WORK.EM_METACHANGE has 7 observations and 9 variables.
NOTE: DATA statement used (Total process time):
      real time           0.00 seconds
      cpu time            0.00 seconds
      


NOTE: There were 7 observations read from the data set WORK.EM_METACHANGE.
NOTE: The data set WORK.EM_METACHANGE has 8 observations and 9 variables.
NOTE: DATA statement used (Total process time):
      real time           0.01 seconds
      cpu time            0.01 seconds
      


NOTE: There were 8 observations read from the data set WORK.EM_METACHANGE.
NOTE: The data set WORK.EM_METACHANGE has 9 observations and 9 variables.
NOTE: DATA statement used (Total process time):
      real time           0.00 seconds
      cpu time            0.00 seconds
      


NOTE: There were 9 observations read from the data set WORK.EM_METACHANGE.
NOTE: The data set WORK.EM_METACHANGE has 10 observations and 9 variables.
NOTE: DATA statement used (Total process time):
      real time           0.01 seconds
      cpu time            0.01 seconds
      


NOTE: There were 10 observations read from the data set WORK.EM_METACHANGE.
NOTE: The data set WORK.EM_METACHANGE has 11 observations and 9 variables.
NOTE: DATA statement used (Total process time):
      real time           0.00 seconds
      cpu time            0.00 seconds
      


NOTE: There were 11 observations read from the data set WORK.EM_METACHANGE.
NOTE: The data set WORK.EM_METACHANGE has 12 observations and 9 variables.
NOTE: DATA statement used (Total process time):
      real time           0.00 seconds
      cpu time            0.00 seconds
      


NOTE: There were 12 observations read from the data set WORK.EM_METACHANGE.
NOTE: The data set WORK.EM_METACHANGE has 13 observations and 9 variables.
NOTE: DATA statement used (Total process time):
      real time           0.00 seconds
      cpu time            0.00 seconds
      


NOTE: There were 13 observations read from the data set WORK.EM_METACHANGE.
NOTE: The data set WORK.EM_METACHANGE has 14 observations and 9 variables.
NOTE: DATA statement used (Total process time):
      real time           0.00 seconds
      cpu time            0.00 seconds
      


NOTE: There were 14 observations read from the data set WORK.EM_METACHANGE.
NOTE: The data set WORK.EM_METACHANGE has 15 observations and 9 variables.
NOTE: DATA statement used (Total process time):
      real time           0.01 seconds
      cpu time            0.01 seconds
      


NOTE: There were 15 observations read from the data set WORK.EM_METACHANGE.
NOTE: The data set WORK.EM_METACHANGE has 16 observations and 9 variables.
NOTE: DATA statement used (Total process time):
      real time           0.00 seconds
      cpu time            0.00 seconds
      


NOTE: There were 16 observations read from the data set WORK.EM_METACHANGE.
NOTE: The data set WORK.EM_METACHANGE has 17 observations and 9 variables.
NOTE: DATA statement used (Total process time):
      real time           0.01 seconds
      cpu time            0.01 seconds
      


NOTE: There were 17 observations read from the data set WORK.EM_METACHANGE.
NOTE: The data set WORK.EM_METACHANGE has 18 observations and 9 variables.
NOTE: DATA statement used (Total process time):
      real time           0.00 seconds
      cpu time            0.00 seconds
      


NOTE: There were 18 observations read from the data set WORK.EM_METACHANGE.
NOTE: The data set WORK.EM_METACHANGE has 19 observations and 9 variables.
NOTE: DATA statement used (Total process time):
      real time           0.01 seconds
      cpu time            0.01 seconds
      


NOTE: There were 19 observations read from the data set WORK.EM_METACHANGE.
NOTE: The data set WORK.EM_METACHANGE has 20 observations and 9 variables.
NOTE: DATA statement used (Total process time):
      real time           0.00 seconds
      cpu time            0.00 seconds
      


NOTE: There were 20 observations read from the data set WORK.EM_METACHANGE.
NOTE: The data set WORK.EM_METACHANGE has 21 observations and 9 variables.
NOTE: DATA statement used (Total process time):
      real time           0.01 seconds
      cpu time            0.01 seconds
      


NOTE: There were 21 observations read from the data set WORK.EM_METACHANGE.
NOTE: The data set WORK.EM_METACHANGE has 22 observations and 9 variables.
NOTE: DATA statement used (Total process time):
      real time           0.00 seconds
      cpu time            0.00 seconds
      


NOTE: There were 22 observations read from the data set WORK.EM_METACHANGE.
NOTE: The data set WORK.EM_METACHANGE has 23 observations and 9 variables.
NOTE: DATA statement used (Total process time):
      real time           0.01 seconds
      cpu time            0.01 seconds
      


NOTE: There were 23 observations read from the data set WORK.EM_METACHANGE.
NOTE: The data set WORK.EM_METACHANGE has 24 observations and 9 variables.
NOTE: DATA statement used (Total process time):
      real time           0.00 seconds
      cpu time            0.00 seconds
      


NOTE: There were 24 observations read from the data set WORK.EM_METACHANGE.
NOTE: The data set WORK.EM_METACHANGE has 25 observations and 9 variables.
NOTE: DATA statement used (Total process time):
      real time           0.01 seconds
      cpu time            0.01 seconds
      


NOTE: There were 25 observations read from the data set WORK.EM_METACHANGE.
NOTE: The data set WORK.EM_METACHANGE has 26 observations and 9 variables.
NOTE: DATA statement used (Total process time):
      real time           0.00 seconds
      cpu time            0.00 seconds
      


NOTE: There were 26 observations read from the data set WORK.EM_METACHANGE.
NOTE: The data set WORK.EM_METACHANGE has 27 observations and 9 variables.
NOTE: DATA statement used (Total process time):
      real time           0.01 seconds
      cpu time            0.01 seconds
      


NOTE: There were 27 observations read from the data set WORK.EM_METACHANGE.
NOTE: The data set WORK.EM_METACHANGE has 28 observations and 9 variables.
NOTE: DATA statement used (Total process time):
      real time           0.00 seconds
      cpu time            0.00 seconds
      


NOTE: There were 28 observations read from the data set WORK.EM_METACHANGE.
NOTE: The data set WORK.EM_METACHANGE has 29 observations and 9 variables.
NOTE: DATA statement used (Total process time):
      real time           0.00 seconds
      cpu time            0.00 seconds
      


NOTE: There were 29 observations read from the data set WORK.EM_METACHANGE.
NOTE: The data set WORK.EM_METACHANGE has 30 observations and 9 variables.
NOTE: DATA statement used (Total process time):
      real time           0.00 seconds
      cpu time            0.00 seconds
      


NOTE: There were 30 observations read from the data set WORK.EM_METACHANGE.
NOTE: The data set WORK.EM_METACHANGE has 31 observations and 9 variables.
NOTE: DATA statement used (Total process time):
      real time           0.00 seconds
      cpu time            0.00 seconds
      


NOTE: There were 31 observations read from the data set WORK.EM_METACHANGE.
NOTE: The data set WORK.EM_METACHANGE has 32 observations and 9 variables.
NOTE: DATA statement used (Total process time):
      real time           0.01 seconds
      cpu time            0.01 seconds
      


NOTE: There were 32 observations read from the data set WORK.EM_METACHANGE.
NOTE: The data set WORK.EM_METACHANGE has 33 observations and 9 variables.
NOTE: DATA statement used (Total process time):
      real time           0.00 seconds
      cpu time            0.00 seconds
      


NOTE: There were 33 observations read from the data set WORK.EM_METACHANGE.
NOTE: The data set WORK.EM_METACHANGE has 34 observations and 9 variables.
NOTE: DATA statement used (Total process time):
      real time           0.01 seconds
      cpu time            0.01 seconds
      


NOTE: There were 34 observations read from the data set WORK.EM_METACHANGE.
NOTE: The data set WORK.EM_METACHANGE has 35 observations and 9 variables.
NOTE: DATA statement used (Total process time):
      real time           0.00 seconds
      cpu time            0.00 seconds
      


NOTE: There were 35 observations read from the data set WORK.EM_METACHANGE.
NOTE: The data set WORK.EM_METACHANGE has 36 observations and 9 variables.
NOTE: DATA statement used (Total process time):
      real time           0.01 seconds
      cpu time            0.01 seconds
      


NOTE: There were 36 observations read from the data set WORK.EM_METACHANGE.
NOTE: The data set WORK.EM_METACHANGE has 37 observations and 9 variables.
NOTE: DATA statement used (Total process time):
      real time           0.00 seconds
      cpu time            0.00 seconds
      


NOTE: There were 37 observations read from the data set WORK.EM_METACHANGE.
NOTE: The data set WORK.EM_METACHANGE has 38 observations and 9 variables.
NOTE: DATA statement used (Total process time):
      real time           0.00 seconds
      cpu time            0.00 seconds
      


NOTE: There were 38 observations read from the data set WORK.EM_METACHANGE.
NOTE: The data set WORK.EM_METACHANGE has 39 observations and 9 variables.
NOTE: DATA statement used (Total process time):
      real time           0.00 seconds
      cpu time            0.00 seconds
      


NOTE: There were 39 observations read from the data set WORK.EM_METACHANGE.
NOTE: The data set WORK.EM_METACHANGE has 40 observations and 9 variables.
NOTE: DATA statement used (Total process time):
      real time           0.00 seconds
      cpu time            0.00 seconds
      


NOTE: There were 40 observations read from the data set WORK.EM_METACHANGE.
NOTE: The data set WORK.EM_METACHANGE has 41 observations and 9 variables.
NOTE: DATA statement used (Total process time):
      real time           0.01 seconds
      cpu time            0.01 seconds
      


NOTE: There were 41 observations read from the data set WORK.EM_METACHANGE.
NOTE: The data set WORK.EM_METACHANGE has 42 observations and 9 variables.
NOTE: DATA statement used (Total process time):
      real time           0.00 seconds
      cpu time            0.00 seconds
      


NOTE: There were 42 observations read from the data set WORK.EM_METACHANGE.
NOTE: The data set WORK.EM_METACHANGE has 43 observations and 9 variables.
NOTE: DATA statement used (Total process time):
      real time           0.01 seconds
      cpu time            0.01 seconds
      


NOTE: There were 43 observations read from the data set WORK.EM_METACHANGE.
NOTE: The data set WORK.EM_METACHANGE has 44 observations and 9 variables.
NOTE: DATA statement used (Total process time):
      real time           0.00 seconds
      cpu time            0.00 seconds
      


NOTE: There were 44 observations read from the data set WORK.EM_METACHANGE.
NOTE: The data set WORK.EM_METACHANGE has 45 observations and 9 variables.
NOTE: DATA statement used (Total process time):
      real time           0.01 seconds
      cpu time            0.01 seconds
      


NOTE: There were 45 observations read from the data set WORK.EM_METACHANGE.
NOTE: The data set WORK.EM_METACHANGE has 46 observations and 9 variables.
NOTE: DATA statement used (Total process time):
      real time           0.00 seconds
      cpu time            0.00 seconds
      


NOTE: There were 46 observations read from the data set WORK.EM_METACHANGE.
NOTE: The data set WORK.EM_METACHANGE has 47 observations and 9 variables.
NOTE: DATA statement used (Total process time):
      real time           0.00 seconds
      cpu time            0.00 seconds
      


NOTE: There were 47 observations read from the data set WORK.EM_METACHANGE.
NOTE: The data set WORK.EM_METACHANGE has 48 observations and 9 variables.
NOTE: DATA statement used (Total process time):
      real time           0.01 seconds
      cpu time            0.01 seconds
      


NOTE: There were 48 observations read from the data set WORK.EM_METACHANGE.
NOTE: The data set WORK.EM_METACHANGE has 49 observations and 9 variables.
NOTE: DATA statement used (Total process time):
      real time           0.00 seconds
      cpu time            0.00 seconds
      


NOTE: There were 49 observations read from the data set WORK.EM_METACHANGE.
NOTE: The data set WORK.EM_METACHANGE has 50 observations and 9 variables.
NOTE: DATA statement used (Total process time):
      real time           0.01 seconds
      cpu time            0.01 seconds
      


NOTE: There were 50 observations read from the data set WORK.EM_METACHANGE.
NOTE: The data set WORK.EM_METACHANGE has 51 observations and 9 variables.
NOTE: DATA statement used (Total process time):
      real time           0.00 seconds
      cpu time            0.00 seconds
      


NOTE: There were 51 observations read from the data set WORK.EM_METACHANGE.
NOTE: The data set WORK.EM_METACHANGE has 52 observations and 9 variables.
NOTE: DATA statement used (Total process time):
      real time           0.01 seconds
      cpu time            0.01 seconds
      


NOTE: There were 52 observations read from the data set WORK.EM_METACHANGE.
NOTE: The data set WORK.EM_METACHANGE has 53 observations and 9 variables.
NOTE: DATA statement used (Total process time):
      real time           0.00 seconds
      cpu time            0.00 seconds
      


NOTE: There were 53 observations read from the data set WORK.EM_METACHANGE.
NOTE: The data set WORK.EM_METACHANGE has 54 observations and 9 variables.
NOTE: DATA statement used (Total process time):
      real time           0.00 seconds
      cpu time            0.00 seconds
      


NOTE: There were 54 observations read from the data set WORK.EM_METACHANGE.
NOTE: The data set WORK.EM_METACHANGE has 55 observations and 9 variables.
NOTE: DATA statement used (Total process time):
      real time           0.00 seconds
      cpu time            0.00 seconds
      


NOTE: There were 55 observations read from the data set WORK.EM_METACHANGE.
NOTE: The data set WORK.EM_METACHANGE has 56 observations and 9 variables.
NOTE: DATA statement used (Total process time):
      real time           0.00 seconds
      cpu time            0.00 seconds
      


NOTE: There were 56 observations read from the data set WORK.EM_METACHANGE.
NOTE: The data set WORK.EM_METACHANGE has 57 observations and 9 variables.
NOTE: DATA statement used (Total process time):
      real time           0.00 seconds
      cpu time            0.00 seconds
      


NOTE: There were 57 observations read from the data set WORK.EM_METACHANGE.
NOTE: The data set WORK.EM_METACHANGE has 58 observations and 9 variables.
NOTE: DATA statement used (Total process time):
      real time           0.00 seconds
      cpu time            0.00 seconds
      


NOTE: There were 58 observations read from the data set WORK.EM_METACHANGE.
NOTE: The data set WORK.EM_METACHANGE has 59 observations and 9 variables.
NOTE: DATA statement used (Total process time):
      real time           0.01 seconds
      cpu time            0.01 seconds
      


NOTE: There were 59 observations read from the data set WORK.EM_METACHANGE.
NOTE: The data set WORK.EM_METACHANGE has 60 observations and 9 variables.
NOTE: DATA statement used (Total process time):
      real time           0.00 seconds
      cpu time            0.00 seconds
      


NOTE: There were 60 observations read from the data set WORK.EM_METACHANGE.
NOTE: The data set WORK.EM_METACHANGE has 61 observations and 9 variables.
NOTE: DATA statement used (Total process time):
      real time           0.01 seconds
      cpu time            0.01 seconds
      


NOTE: There were 61 observations read from the data set WORK.EM_METACHANGE.
NOTE: The data set WORK.EM_METACHANGE has 62 observations and 9 variables.
NOTE: DATA statement used (Total process time):
      real time           0.00 seconds
      cpu time            0.00 seconds
      


NOTE: There were 62 observations read from the data set WORK.EM_METACHANGE.
NOTE: The data set WORK.EM_METACHANGE has 63 observations and 9 variables.
NOTE: DATA statement used (Total process time):
      real time           0.01 seconds
      cpu time            0.01 seconds
      


NOTE: There were 63 observations read from the data set WORK.EM_METACHANGE.
NOTE: The data set WORK.EM_METACHANGE has 64 observations and 9 variables.
NOTE: DATA statement used (Total process time):
      real time           0.00 seconds
      cpu time            0.00 seconds
      


NOTE: There were 64 observations read from the data set WORK.EM_METACHANGE.
NOTE: The data set WORK.EM_METACHANGE has 65 observations and 9 variables.
NOTE: DATA statement used (Total process time):
      real time           0.01 seconds
      cpu time            0.01 seconds
      


NOTE: There were 65 observations read from the data set WORK.EM_METACHANGE.
NOTE: The data set WORK.EM_METACHANGE has 66 observations and 9 variables.
NOTE: DATA statement used (Total process time):
      real time           0.00 seconds
      cpu time            0.00 seconds
      


NOTE: There were 66 observations read from the data set WORK.EM_METACHANGE.
NOTE: The data set WORK.EM_METACHANGE has 67 observations and 9 variables.
NOTE: DATA statement used (Total process time):
      real time           0.01 seconds
      cpu time            0.01 seconds
      


NOTE: There were 67 observations read from the data set WORK.EM_METACHANGE.
NOTE: The data set WORK.EM_METACHANGE has 68 observations and 9 variables.
NOTE: DATA statement used (Total process time):
      real time           0.00 seconds
      cpu time            0.00 seconds
      


NOTE: There were 68 observations read from the data set WORK.EM_METACHANGE.
NOTE: The data set WORK.EM_METACHANGE has 69 observations and 9 variables.
NOTE: DATA statement used (Total process time):
      real time           0.01 seconds
      cpu time            0.01 seconds
      


NOTE: There were 69 observations read from the data set WORK.EM_METACHANGE.
NOTE: The data set WORK.EM_METACHANGE has 70 observations and 9 variables.
NOTE: DATA statement used (Total process time):
      real time           0.00 seconds
      cpu time            0.00 seconds
      


NOTE: There were 70 observations read from the data set WORK.EM_METACHANGE.
NOTE: The data set WORK.EM_METACHANGE has 71 observations and 9 variables.
NOTE: DATA statement used (Total process time):
      real time           0.01 seconds
      cpu time            0.01 seconds
      


NOTE: There were 71 observations read from the data set WORK.EM_METACHANGE.
NOTE: The data set WORK.EM_METACHANGE has 72 observations and 9 variables.
NOTE: DATA statement used (Total process time):
      real time           0.00 seconds
      cpu time            0.00 seconds
      


NOTE: There were 72 observations read from the data set WORK.EM_METACHANGE.
NOTE: The data set WORK.EM_METACHANGE has 73 observations and 9 variables.
NOTE: DATA statement used (Total process time):
      real time           0.01 seconds
      cpu time            0.01 seconds
      


NOTE: There were 73 observations read from the data set WORK.EM_METACHANGE.
NOTE: The data set WORK.EM_METACHANGE has 74 observations and 9 variables.
NOTE: DATA statement used (Total process time):
      real time           0.00 seconds
      cpu time            0.00 seconds
      


NOTE: There were 74 observations read from the data set WORK.EM_METACHANGE.
NOTE: The data set WORK.EM_METACHANGE has 75 observations and 9 variables.
NOTE: DATA statement used (Total process time):
      real time           0.01 seconds
      cpu time            0.01 seconds
      


NOTE: There were 75 observations read from the data set WORK.EM_METACHANGE.
NOTE: The data set WORK.EM_METACHANGE has 76 observations and 9 variables.
NOTE: DATA statement used (Total process time):
      real time           0.03 seconds
      cpu time            0.00 seconds
      


NOTE: There were 76 observations read from the data set WORK.EM_METACHANGE.
NOTE: The data set WORK.EM_METACHANGE has 77 observations and 9 variables.
NOTE: DATA statement used (Total process time):
      real time           0.00 seconds
      cpu time            0.00 seconds
      


NOTE: There were 77 observations read from the data set WORK.EM_METACHANGE.
NOTE: The data set WORK.EM_METACHANGE has 78 observations and 9 variables.
NOTE: DATA statement used (Total process time):
      real time           0.01 seconds
      cpu time            0.01 seconds
      


NOTE: There were 78 observations read from the data set WORK.EM_METACHANGE.
NOTE: The data set WORK.EM_METACHANGE has 79 observations and 9 variables.
NOTE: DATA statement used (Total process time):
      real time           0.00 seconds
      cpu time            0.00 seconds
      


NOTE: There were 79 observations read from the data set WORK.EM_METACHANGE.
NOTE: The data set WORK.EM_METACHANGE has 80 observations and 9 variables.
NOTE: DATA statement used (Total process time):
      real time           0.01 seconds
      cpu time            0.01 seconds
      


NOTE: There were 80 observations read from the data set WORK.EM_METACHANGE.
NOTE: The data set WORK.EM_METACHANGE has 81 observations and 9 variables.
NOTE: DATA statement used (Total process time):
      real time           0.00 seconds
      cpu time            0.00 seconds
      


NOTE: There were 81 observations read from the data set WORK.EM_METACHANGE.
NOTE: The data set WORK.EM_METACHANGE has 82 observations and 9 variables.
NOTE: DATA statement used (Total process time):
      real time           0.01 seconds
      cpu time            0.01 seconds
      


NOTE: There were 82 observations read from the data set WORK.EM_METACHANGE.
NOTE: The data set WORK.EM_METACHANGE has 83 observations and 9 variables.
NOTE: DATA statement used (Total process time):
      real time           0.00 seconds
      cpu time            0.00 seconds
      


NOTE: There were 83 observations read from the data set WORK.EM_METACHANGE.
NOTE: The data set WORK.EM_METACHANGE has 84 observations and 9 variables.
NOTE: DATA statement used (Total process time):
      real time           0.01 seconds
      cpu time            0.01 seconds
      


NOTE: There were 84 observations read from the data set WORK.EM_METACHANGE.
NOTE: The data set WORK.EM_METACHANGE has 85 observations and 9 variables.
NOTE: DATA statement used (Total process time):
      real time           0.00 seconds
      cpu time            0.00 seconds
      


NOTE: There were 85 observations read from the data set WORK.EM_METACHANGE.
NOTE: The data set WORK.EM_METACHANGE has 86 observations and 9 variables.
NOTE: DATA statement used (Total process time):
      real time           0.01 seconds
      cpu time            0.01 seconds
      


NOTE: There were 86 observations read from the data set WORK.EM_METACHANGE.
NOTE: The data set WORK.EM_METACHANGE has 87 observations and 9 variables.
NOTE: DATA statement used (Total process time):
      real time           0.00 seconds
      cpu time            0.00 seconds
      


NOTE: There were 2 observations read from the data set EMWS2.IDS_RESPOND_DM.
      WHERE _TYPE_='PREDICTED';
NOTE: DATA statement used (Total process time):
      real time           0.01 seconds
      cpu time            0.01 seconds
      


NOTE: There were 87 observations read from the data set WORK.EM_METACHANGE.
NOTE: The data set WORK.EM_METACHANGE has 88 observations and 9 variables.
NOTE: DATA statement used (Total process time):
      real time           0.00 seconds
      cpu time            0.00 seconds
      


NOTE: There were 88 observations read from the data set WORK.EM_METACHANGE.
NOTE: The data set WORK.EM_METACHANGE has 89 observations and 9 variables.
NOTE: DATA statement used (Total process time):
      real time           0.01 seconds
      cpu time            0.01 seconds
      


NOTE: Variable cvimportance is uninitialized.
NOTE: Variable nsurrogates is uninitialized.
NOTE: There were 2 observations read from the data set EMWS2.TREE2_OUTIMPORT.
NOTE: DATA statement used (Total process time):
      real time           0.00 seconds
      cpu time            0.00 seconds
      


NOTE: Variable NSURROGATES is uninitialized.
NOTE: Variable CVIMPORTANCE is uninitialized.
NOTE: Variable CVRULES is uninitialized.
NOTE: There were 92 observations read from the data set EMWS2.TREE2_OUTIMPORT.
NOTE: The data set EMWS2.TREE2_OUTIMPORT has 92 observations and 6 variables.
NOTE: DATA statement used (Total process time):
      real time           0.04 seconds
      cpu time            0.01 seconds
      


NOTE: The data set WORK.EM_USER_REPORT has 132 observations and 4 variables.
NOTE: DATA statement used (Total process time):
      real time           0.02 seconds
      cpu time            0.03 seconds
      

16917  
16918  *------------------------------------------------------------*;
16919  * End SCORE: Tree2;
16920  *------------------------------------------------------------*;

16921  proc sort data=WORK.EM_METACHANGE;
16922  by key uname;
16923  run;

NOTE: There were 89 observations read from the data set WORK.EM_METACHANGE.
NOTE: The data set WORK.EM_METACHANGE has 89 observations and 9 variables.
NOTE: PROCEDURE SORT used (Total process time):
      real time           0.01 seconds
      cpu time            0.01 seconds
      

16924  filename x "\\filer.uncc.edu\home\aadwani\SAS project\sas project\Workspaces\EMWS2\Tree2\CDELTA_TRAIN.sas";
16925  data _null_;
16926  file x;
16927  put 'if upcase(NAME) = "BOTHPAYM" then do;';
16928  put 'ROLE = "REJECTED";';
16929  put 'end;';
16930  put 'else ';
16931  put 'if upcase(NAME) = "BUYPROP" then do;';
16932  put 'ROLE = "REJECTED";';
16933  put 'end;';
16934  put 'else ';
16935  put 'if upcase(NAME) = "CATALOGCNT" then do;';
16936  put 'ROLE = "REJECTED";';
16937  put 'end;';
16938  put 'else ';
16939  put 'if upcase(NAME) = "CCPAYM" then do;';
16940  put 'ROLE = "REJECTED";';
16941  put 'end;';
16942  put 'else ';
16943  put 'if upcase(NAME) = "COUNTY" then do;';
16944  put 'ROLE = "REJECTED";';
16945  put 'end;';
16946  put 'else ';
16947  put 'if upcase(NAME) = "DEPT01" then do;';
16948  put 'ROLE = "REJECTED";';
16949  put 'end;';
16950  put 'else ';
16951  put 'if upcase(NAME) = "DEPT02" then do;';
16952  put 'ROLE = "REJECTED";';
16953  put 'end;';
16954  put 'else ';
16955  put 'if upcase(NAME) = "DEPT03" then do;';
16956  put 'ROLE = "REJECTED";';
16957  put 'end;';
16958  put 'else ';
16959  put 'if upcase(NAME) = "DEPT04" then do;';
16960  put 'ROLE = "REJECTED";';
16961  put 'end;';
16962  put 'else ';
16963  put 'if upcase(NAME) = "DEPT05" then do;';
16964  put 'ROLE = "REJECTED";';
16965  put 'end;';
16966  put 'else ';
16967  put 'if upcase(NAME) = "DEPT06" then do;';
16968  put 'ROLE = "REJECTED";';
16969  put 'end;';
16970  put 'else ';
16971  put 'if upcase(NAME) = "DEPT07" then do;';
16972  put 'ROLE = "REJECTED";';
16973  put 'end;';
16974  put 'else ';
16975  put 'if upcase(NAME) = "DEPT08" then do;';
16976  put 'ROLE = "REJECTED";';
16977  put 'end;';
16978  put 'else ';
16979  put 'if upcase(NAME) = "DEPT09" then do;';
16980  put 'ROLE = "REJECTED";';
16981  put 'end;';
16982  put 'else ';
16983  put 'if upcase(NAME) = "DEPT10" then do;';
16984  put 'ROLE = "REJECTED";';
16985  put 'end;';
16986  put 'else ';
16987  put 'if upcase(NAME) = "DEPT11" then do;';
16988  put 'ROLE = "REJECTED";';
16989  put 'end;';
16990  put 'else ';
16991  put 'if upcase(NAME) = "DEPT12" then do;';
16992  put 'ROLE = "REJECTED";';
16993  put 'end;';
16994  put 'else ';
16995  put 'if upcase(NAME) = "DEPT13" then do;';
16996  put 'ROLE = "REJECTED";';
16997  put 'end;';
16998  put 'else ';
16999  put 'if upcase(NAME) = "DEPT14" then do;';
17000  put 'ROLE = "REJECTED";';
17001  put 'end;';
17002  put 'else ';
17003  put 'if upcase(NAME) = "DEPT15" then do;';
17004  put 'ROLE = "REJECTED";';
17005  put 'end;';
17006  put 'else ';
17007  put 'if upcase(NAME) = "DEPT16" then do;';
17008  put 'ROLE = "REJECTED";';
17009  put 'end;';
17010  put 'else ';
17011  put 'if upcase(NAME) = "DEPT17" then do;';
17012  put 'ROLE = "REJECTED";';
17013  put 'end;';
17014  put 'else ';
17015  put 'if upcase(NAME) = "DEPT18" then do;';
17016  put 'ROLE = "REJECTED";';
17017  put 'end;';
17018  put 'else ';
17019  put 'if upcase(NAME) = "DEPT19" then do;';
17020  put 'ROLE = "REJECTED";';
17021  put 'end;';
17022  put 'else ';
17023  put 'if upcase(NAME) = "DEPT20" then do;';
17024  put 'ROLE = "REJECTED";';
17025  put 'end;';
17026  put 'else ';
17027  put 'if upcase(NAME) = "DEPT21" then do;';
17028  put 'ROLE = "REJECTED";';
17029  put 'end;';
17030  put 'else ';
17031  put 'if upcase(NAME) = "DEPT22" then do;';
17032  put 'ROLE = "REJECTED";';
17033  put 'end;';
17034  put 'else ';
17035  put 'if upcase(NAME) = "DEPT23" then do;';
17036  put 'ROLE = "REJECTED";';
17037  put 'end;';
17038  put 'else ';
17039  put 'if upcase(NAME) = "DEPT24" then do;';
17040  put 'ROLE = "REJECTED";';
17041  put 'end;';
17042  put 'else ';
17043  put 'if upcase(NAME) = "DEPT26" then do;';
17044  put 'ROLE = "REJECTED";';
17045  put 'end;';
17046  put 'else ';
17047  put 'if upcase(NAME) = "DEPT27" then do;';
17048  put 'ROLE = "REJECTED";';
17049  put 'end;';
17050  put 'else ';
17051  put 'if upcase(NAME) = "DOLINDEA" then do;';
17052  put 'ROLE = "REJECTED";';
17053  put 'end;';
17054  put 'else ';
17055  put 'if upcase(NAME) = "DOLINDET" then do;';
17056  put 'ROLE = "REJECTED";';
17057  put 'end;';
17058  put 'else ';
17059  put 'if upcase(NAME) = "DOLLARQ01" then do;';
17060  put 'ROLE = "REJECTED";';
17061  put 'end;';
17062  put 'else ';
17063  put 'if upcase(NAME) = "DOLLARQ02" then do;';
17064  put 'ROLE = "REJECTED";';
17065  put 'end;';
17066  put 'else ';
17067  put 'if upcase(NAME) = "DOLLARQ03" then do;';
17068  put 'ROLE = "REJECTED";';
17069  put 'end;';
17070  put 'else ';
17071  put 'if upcase(NAME) = "DOLLARQ04" then do;';
17072  put 'ROLE = "REJECTED";';
17073  put 'end;';
17074  put 'else ';
17075  put 'if upcase(NAME) = "DOLLARQ05" then do;';
17076  put 'ROLE = "REJECTED";';
17077  put 'end;';
17078  put 'else ';
17079  put 'if upcase(NAME) = "DOLLARQ06" then do;';
17080  put 'ROLE = "REJECTED";';
17081  put 'end;';
17082  put 'else ';
17083  put 'if upcase(NAME) = "DOLLARQ07" then do;';
17084  put 'ROLE = "REJECTED";';
17085  put 'end;';
17086  put 'else ';
17087  put 'if upcase(NAME) = "DOLLARQ08" then do;';
17088  put 'ROLE = "REJECTED";';
17089  put 'end;';
17090  put 'else ';
17091  put 'if upcase(NAME) = "DOLLARQ09" then do;';
17092  put 'ROLE = "REJECTED";';
17093  put 'end;';
17094  put 'else ';
17095  put 'if upcase(NAME) = "DOLLARQ10" then do;';
17096  put 'ROLE = "REJECTED";';
17097  put 'end;';
17098  put 'else ';
17099  put 'if upcase(NAME) = "DOLLARQ11" then do;';
17100  put 'ROLE = "REJECTED";';
17101  put 'end;';
17102  put 'else ';
17103  put 'if upcase(NAME) = "DOLLARQ12" then do;';
17104  put 'ROLE = "REJECTED";';
17105  put 'end;';
17106  put 'else ';
17107  put 'if upcase(NAME) = "DOLLARQ13" then do;';
17108  put 'ROLE = "REJECTED";';
17109  put 'end;';
17110  put 'else ';
17111  put 'if upcase(NAME) = "DOLLARQ14" then do;';
17112  put 'ROLE = "REJECTED";';
17113  put 'end;';
17114  put 'else ';
17115  put 'if upcase(NAME) = "DOLLARQ15" then do;';
17116  put 'ROLE = "REJECTED";';
17117  put 'end;';
17118  put 'else ';
17119  put 'if upcase(NAME) = "DOLLARQ16" then do;';
17120  put 'ROLE = "REJECTED";';
17121  put 'end;';
17122  put 'else ';
17123  put 'if upcase(NAME) = "DOLLARQ17" then do;';
17124  put 'ROLE = "REJECTED";';
17125  put 'end;';
17126  put 'else ';
17127  put 'if upcase(NAME) = "DOLLARQ18" then do;';
17128  put 'ROLE = "REJECTED";';
17129  put 'end;';
17130  put 'else ';
17131  put 'if upcase(NAME) = "DOLLARQ19" then do;';
17132  put 'ROLE = "REJECTED";';
17133  put 'end;';
17134  put 'else ';
17135  put 'if upcase(NAME) = "DOLLARQ20" then do;';
17136  put 'ROLE = "REJECTED";';
17137  put 'end;';
17138  put 'else ';
17139  put 'if upcase(NAME) = "DOLLARQ21" then do;';
17140  put 'ROLE = "REJECTED";';
17141  put 'end;';
17142  put 'else ';
17143  put 'if upcase(NAME) = "DOLLARQ22" then do;';
17144  put 'ROLE = "REJECTED";';
17145  put 'end;';
17146  put 'else ';
17147  put 'if upcase(NAME) = "DOLNETDA" then do;';
17148  put 'ROLE = "REJECTED";';
17149  put 'end;';
17150  put 'else ';
17151  put 'if upcase(NAME) = "DOLNETDT" then do;';
17152  put 'ROLE = "REJECTED";';
17153  put 'end;';
17154  put 'else ';
17155  put 'if upcase(NAME) = "DTBUYLST" then do;';
17156  put 'ROLE = "REJECTED";';
17157  put 'end;';
17158  put 'else ';
17159  put 'if upcase(NAME) = "METHPAYM" then do;';
17160  put 'ROLE = "REJECTED";';
17161  put 'end;';
17162  put 'else ';
17163  put 'if upcase(NAME) = "MONLAST" then do;';
17164  put 'ROLE = "REJECTED";';
17165  put 'end;';
17166  put 'else ';
17167  put 'if upcase(NAME) = "PCPAYM" then do;';
17168  put 'ROLE = "REJECTED";';
17169  put 'end;';
17170  put 'else ';
17171  put 'if upcase(NAME) = "Q_RESPOND0" then do;';
17172  put 'ROLE = "ASSESS";';
17173  put 'end;';
17174  put 'else ';
17175  put 'if upcase(NAME) = "Q_RESPOND1" then do;';
17176  put 'ROLE = "ASSESS";';
17177  put 'end;';
17178  put 'else ';
17179  put 'if upcase(NAME) = "TOTORDQ01" then do;';
17180  put 'ROLE = "REJECTED";';
17181  put 'end;';
17182  put 'else ';
17183  put 'if upcase(NAME) = "TOTORDQ02" then do;';
17184  put 'ROLE = "REJECTED";';
17185  put 'end;';
17186  put 'else ';
17187  put 'if upcase(NAME) = "TOTORDQ03" then do;';
17188  put 'ROLE = "REJECTED";';
17189  put 'end;';
17190  put 'else ';
17191  put 'if upcase(NAME) = "TOTORDQ04" then do;';
17192  put 'ROLE = "REJECTED";';
17193  put 'end;';
17194  put 'else ';
17195  put 'if upcase(NAME) = "TOTORDQ05" then do;';
17196  put 'ROLE = "REJECTED";';
17197  put 'end;';
17198  put 'else ';
17199  put 'if upcase(NAME) = "TOTORDQ06" then do;';
17200  put 'ROLE = "REJECTED";';
17201  put 'end;';
17202  put 'else ';
17203  put 'if upcase(NAME) = "TOTORDQ07" then do;';
17204  put 'ROLE = "REJECTED";';
17205  put 'end;';
17206  put 'else ';
17207  put 'if upcase(NAME) = "TOTORDQ08" then do;';
17208  put 'ROLE = "REJECTED";';
17209  put 'end;';
17210  put 'else ';
17211  put 'if upcase(NAME) = "TOTORDQ09" then do;';
17212  put 'ROLE = "REJECTED";';
17213  put 'end;';
17214  put 'else ';
17215  put 'if upcase(NAME) = "TOTORDQ10" then do;';
17216  put 'ROLE = "REJECTED";';
17217  put 'end;';
17218  put 'else ';
17219  put 'if upcase(NAME) = "TOTORDQ11" then do;';
17220  put 'ROLE = "REJECTED";';
17221  put 'end;';
17222  put 'else ';
17223  put 'if upcase(NAME) = "TOTORDQ12" then do;';
17224  put 'ROLE = "REJECTED";';
17225  put 'end;';
17226  put 'else ';
17227  put 'if upcase(NAME) = "TOTORDQ13" then do;';
17228  put 'ROLE = "REJECTED";';
17229  put 'end;';
17230  put 'else ';
17231  put 'if upcase(NAME) = "TOTORDQ14" then do;';
17232  put 'ROLE = "REJECTED";';
17233  put 'end;';
17234  put 'else ';
17235  put 'if upcase(NAME) = "TOTORDQ15" then do;';
17236  put 'ROLE = "REJECTED";';
17237  put 'end;';
17238  put 'else ';
17239  put 'if upcase(NAME) = "TOTORDQ16" then do;';
17240  put 'ROLE = "REJECTED";';
17241  put 'end;';
17242  put 'else ';
17243  put 'if upcase(NAME) = "TOTORDQ17" then do;';
17244  put 'ROLE = "REJECTED";';
17245  put 'end;';
17246  put 'else ';
17247  put 'if upcase(NAME) = "TOTORDQ18" then do;';
17248  put 'ROLE = "REJECTED";';
17249  put 'end;';
17250  put 'else ';
17251  put 'if upcase(NAME) = "TOTORDQ19" then do;';
17252  put 'ROLE = "REJECTED";';
17253  put 'end;';
17254  put 'else ';
17255  put 'if upcase(NAME) = "TOTORDQ20" then do;';
17256  put 'ROLE = "REJECTED";';
17257  put 'end;';
17258  put 'else ';
17259  put 'if upcase(NAME) = "TOTORDQ21" then do;';
17260  put 'ROLE = "REJECTED";';
17261  put 'end;';
17262  put 'else ';
17263  put 'if upcase(NAME) = "TOTORDQ22" then do;';
17264  put 'ROLE = "REJECTED";';
17265  put 'end;';
17266  put 'else ';
17267  put 'if upcase(NAME) = "UNITSIDD" then do;';
17268  put 'ROLE = "REJECTED";';
17269  put 'end;';
17270  put 'else ';
17271  put 'if upcase(NAME) = "UNITSLAP" then do;';
17272  put 'ROLE = "REJECTED";';
17273  put 'end;';
17274  put 'else ';
17275  put 'if upcase(NAME) = "UNTLANPO" then do;';
17276  put 'ROLE = "REJECTED";';
17277  put 'end;';
17278  put 'else ';
17279  put 'if upcase(NAME) = "_NODE_" then do;';
17280  put 'ROLE = "SEGMENT";';
17281  put 'LEVEL = "NOMINAL";';
17282  put 'end;';
17283  run;

NOTE: The file X is:
      Filename=\\filer.uncc.edu\home\aadwani\SAS project\sas project\Workspaces\EMWS2\Tree2\CDELTA_TRAIN.sas,
      RECFM=V,LRECL=32767,File Size (bytes)=0,
      Last Modified=08Dec2017:02:29:30,
      Create Time=08Dec2017:02:26:57

NOTE: 356 records were written to the file X.
      The minimum record length was 4.
      The maximum record length was 39.
NOTE: DATA statement used (Total process time):
      real time           0.01 seconds
      cpu time            0.00 seconds
      

17284  filename x;
NOTE: Fileref X has been deassigned.

17285  filename emflow "\\filer.uncc.edu\home\aadwani\SAS project\sas project\Workspaces\EMWS2\Tree2\EMFLOWSCORE.sas";
17286  *------------------------------------------------------------*;
17287  * Tree2: Scoring DATA data;
17288  *------------------------------------------------------------*;
17289  data EMWS2.Tree2_TRAIN
17290  / view=EMWS2.Tree2_TRAIN
17291  ;
17292  set EMWS2.Part_TRAIN
17293  ;
17294  %inc emflow;
NOTE: %INCLUDE (level 1) file EMFLOW is file \\filer.uncc.edu\home\aadwani\SAS project\sas project\Workspaces\EMWS2\Tree2\EMFLOWSCORE.sas.
17295 +****************************************************************;
17296 +******             DECISION TREE SCORING CODE             ******;
17297 +****************************************************************;
17298 +
17299 +******         LENGTHS OF NEW CHARACTER VARIABLES         ******;
17300 +LENGTH F_RESPOND  $   12;
17301 +LENGTH I_RESPOND  $   12;
17302 +LENGTH _WARN_  $    4;
17303 +
17304 +******              LABELS FOR NEW VARIABLES              ******;
17305 +label _NODE_ = 'Node' ;
17306 +label _LEAF_ = 'Leaf' ;
17307 +label P_RESPOND1 = 'Predicted: RESPOND=1' ;
17308 +label P_RESPOND0 = 'Predicted: RESPOND=0' ;
17309 +label Q_RESPOND1 = 'Unadjusted P: RESPOND=1' ;
17310 +label Q_RESPOND0 = 'Unadjusted P: RESPOND=0' ;
17311 +label V_RESPOND1 = 'Validated: RESPOND=1' ;
17312 +label V_RESPOND0 = 'Validated: RESPOND=0' ;
17313 +label R_RESPOND1 = 'Residual: RESPOND=1' ;
17314 +label R_RESPOND0 = 'Residual: RESPOND=0' ;
17315 +label F_RESPOND = 'From: RESPOND' ;
17316 +label I_RESPOND = 'Into: RESPOND' ;
17317 +label U_RESPOND = 'Unnormalized Into: RESPOND' ;
17318 +label _WARN_ = 'Warnings' ;
17319 +
17320 +
17321 +******      TEMPORARY VARIABLES FOR FORMATTED VALUES      ******;
17322 +LENGTH _ARBFMT_12 $     12; DROP _ARBFMT_12;
17323 +_ARBFMT_12 = ' '; /* Initialize to avoid warning. */
17324 +
17325 +
17326 +_ARBFMT_12 = PUT( RESPOND , BEST12.);
17327 + %DMNORMCP( _ARBFMT_12, F_RESPOND );
17328 +
17329 +******             ASSIGN OBSERVATION TO NODE             ******;
17330 +IF  NOT MISSING(DOLL24 ) AND
17331 +                 121.2 <= DOLL24  THEN DO;
17332 +  IF  NOT MISSING(DEPT25 ) AND
17333 +                    32.5 <= DEPT25  THEN DO;
17334 +    _NODE_  =                    7;
17335 +    _LEAF_  =                    8;
17336 +    P_RESPOND1  =      0.4390243902439;
17337 +    P_RESPOND0  =     0.56097560975609;
17338 +    Q_RESPOND1  =      0.4390243902439;
17339 +    Q_RESPOND0  =     0.56097560975609;
17340 +    V_RESPOND1  =      0.3076923076923;
17341 +    V_RESPOND0  =     0.69230769230769;
17342 +    I_RESPOND  = '0' ;
17343 +    U_RESPOND  =                    0;
17344 +    END;
17345 +  ELSE DO;
17346 +    IF  NOT MISSING(FREQPRCH ) AND
17347 +                       8.5 <= FREQPRCH  THEN DO;
17348 +      _NODE_  =                   13;
17349 +      _LEAF_  =                    7;
17350 +      P_RESPOND1  =     0.17607413647851;
17351 +      P_RESPOND0  =     0.82392586352148;
17352 +      Q_RESPOND1  =     0.17607413647851;
17353 +      Q_RESPOND0  =     0.82392586352148;
17354 +      V_RESPOND1  =     0.17874396135265;
17355 +      V_RESPOND0  =     0.82125603864734;
17356 +      I_RESPOND  = '0' ;
17357 +      U_RESPOND  =                    0;
17358 +      END;
17359 +    ELSE DO;
17360 +      _NODE_  =                   12;
17361 +      _LEAF_  =                    6;
17362 +      P_RESPOND1  =     0.10013175230566;
17363 +      P_RESPOND0  =     0.89986824769433;
17364 +      Q_RESPOND1  =     0.10013175230566;
17365 +      Q_RESPOND0  =     0.89986824769433;
17366 +      V_RESPOND1  =       0.089590443686;
17367 +      V_RESPOND0  =     0.91040955631399;
17368 +      I_RESPOND  = '0' ;
17369 +      U_RESPOND  =                    0;
17370 +      END;
17371 +    END;
17372 +  END;
17373 +ELSE DO;
17374 +  IF  NOT MISSING(TENURE ) AND
17375 +    TENURE  <                  1.5 THEN DO;
17376 +    IF  NOT MISSING(DAYLAST ) AND
17377 +                      46.5 <= DAYLAST  THEN DO;
17378 +      _NODE_  =                    9;
17379 +      _LEAF_  =                    2;
17380 +      P_RESPOND1  =     0.11111111111111;
17381 +      P_RESPOND0  =     0.88888888888888;
17382 +      Q_RESPOND1  =     0.11111111111111;
17383 +      Q_RESPOND0  =     0.88888888888888;
17384 +      V_RESPOND1  =                    0;
17385 +      V_RESPOND0  =                    1;
17386 +      I_RESPOND  = '0' ;
17387 +      U_RESPOND  =                    0;
17388 +      END;
17389 +    ELSE DO;
17390 +      _NODE_  =                    8;
17391 +      _LEAF_  =                    1;
17392 +      P_RESPOND1  =     0.95454545454545;
17393 +      P_RESPOND0  =     0.04545454545454;
17394 +      Q_RESPOND1  =     0.95454545454545;
17395 +      Q_RESPOND0  =     0.04545454545454;
17396 +      V_RESPOND1  =                    1;
17397 +      V_RESPOND0  =                    0;
17398 +      I_RESPOND  = '1' ;
17399 +      U_RESPOND  =                    1;
17400 +      END;
17401 +    END;
17402 +  ELSE DO;
17403 +    IF  NOT MISSING(DOLL24 ) AND
17404 +                    23.975 <= DOLL24  THEN DO;
17405 +      IF  NOT MISSING(ACTBUY ) AND
17406 +                         1.5 <= ACTBUY  THEN DO;
17407 +        _NODE_  =                   19;
17408 +        _LEAF_  =                    5;
17409 +        P_RESPOND1  =     0.10306612486147;
17410 +        P_RESPOND0  =     0.89693387513852;
17411 +        Q_RESPOND1  =     0.10306612486147;
17412 +        Q_RESPOND0  =     0.89693387513852;
17413 +        V_RESPOND1  =     0.09674922600619;
17414 +        V_RESPOND0  =      0.9032507739938;
17415 +        I_RESPOND  = '0' ;
17416 +        U_RESPOND  =                    0;
17417 +        END;
17418 +      ELSE DO;
17419 +        _NODE_  =                   18;
17420 +        _LEAF_  =                    4;
17421 +        P_RESPOND1  =     0.05328917657684;
17422 +        P_RESPOND0  =     0.94671082342315;
17423 +        Q_RESPOND1  =     0.05328917657684;
17424 +        Q_RESPOND0  =     0.94671082342315;
17425 +        V_RESPOND1  =     0.05952028427598;
17426 +        V_RESPOND0  =     0.94047971572401;
17427 +        I_RESPOND  = '0' ;
17428 +        U_RESPOND  =                    0;
17429 +        END;
17430 +      END;
17431 +    ELSE DO;
17432 +      _NODE_  =                   10;
17433 +      _LEAF_  =                    3;
17434 +      P_RESPOND1  =     0.03609902631033;
17435 +      P_RESPOND0  =     0.96390097368966;
17436 +      Q_RESPOND1  =     0.03609902631033;
17437 +      Q_RESPOND0  =     0.96390097368966;
17438 +      V_RESPOND1  =     0.03674786591713;
17439 +      V_RESPOND0  =     0.96325213408286;
17440 +      I_RESPOND  = '0' ;
17441 +      U_RESPOND  =                    0;
17442 +      END;
17443 +    END;
17444 +  END;
17445 +
17446 +*****  RESIDUALS R_ *************;
17447 +IF  F_RESPOND  NE '1'
17448 +AND F_RESPOND  NE '0'  THEN DO;
17449 +        R_RESPOND1  = .;
17450 +        R_RESPOND0  = .;
17451 + END;
17452 + ELSE DO;
17453 +       R_RESPOND1  =  -P_RESPOND1 ;
17454 +       R_RESPOND0  =  -P_RESPOND0 ;
17455 +       SELECT( F_RESPOND  );
17456 +          WHEN( '1'  ) R_RESPOND1  = R_RESPOND1  +1;
17457 +          WHEN( '0'  ) R_RESPOND0  = R_RESPOND0  +1;
17458 +       END;
17459 + END;
17460 +
17461 +****************************************************************;
17462 +******          END OF DECISION TREE SCORING CODE         ******;
17463 +****************************************************************;
17464 +
17465 +drop _LEAF_;
NOTE: %INCLUDE (level 1) ending.
17466  run;

NOTE: DATA STEP view saved on file EMWS2.TREE2_TRAIN.
NOTE: A stored DATA STEP view cannot run under a different operating system.
NOTE: DATA statement used (Total process time):
      real time           0.03 seconds
      cpu time            0.01 seconds
      

17467  quit;
17468  filename emflow;
NOTE: Fileref EMFLOW has been deassigned.

17469  filename emflow "\\filer.uncc.edu\home\aadwani\SAS project\sas project\Workspaces\EMWS2\Tree2\EMFLOWSCORE.sas";
17470  *------------------------------------------------------------*;
17471  * Tree2: Scoring VALIDATE data;
17472  *------------------------------------------------------------*;
17473  data EMWS2.Tree2_VALIDATE
17474  / view=EMWS2.Tree2_VALIDATE
17475  ;
17476  set EMWS2.Part_VALIDATE
17477  ;
17478  %inc emflow;
NOTE: %INCLUDE (level 1) file EMFLOW is file \\filer.uncc.edu\home\aadwani\SAS project\sas project\Workspaces\EMWS2\Tree2\EMFLOWSCORE.sas.
17479 +****************************************************************;
17480 +******             DECISION TREE SCORING CODE             ******;
17481 +****************************************************************;
17482 +
17483 +******         LENGTHS OF NEW CHARACTER VARIABLES         ******;
17484 +LENGTH F_RESPOND  $   12;
17485 +LENGTH I_RESPOND  $   12;
17486 +LENGTH _WARN_  $    4;
17487 +
17488 +******              LABELS FOR NEW VARIABLES              ******;
17489 +label _NODE_ = 'Node' ;
17490 +label _LEAF_ = 'Leaf' ;
17491 +label P_RESPOND1 = 'Predicted: RESPOND=1' ;
17492 +label P_RESPOND0 = 'Predicted: RESPOND=0' ;
17493 +label Q_RESPOND1 = 'Unadjusted P: RESPOND=1' ;
17494 +label Q_RESPOND0 = 'Unadjusted P: RESPOND=0' ;
17495 +label V_RESPOND1 = 'Validated: RESPOND=1' ;
17496 +label V_RESPOND0 = 'Validated: RESPOND=0' ;
17497 +label R_RESPOND1 = 'Residual: RESPOND=1' ;
17498 +label R_RESPOND0 = 'Residual: RESPOND=0' ;
17499 +label F_RESPOND = 'From: RESPOND' ;
17500 +label I_RESPOND = 'Into: RESPOND' ;
17501 +label U_RESPOND = 'Unnormalized Into: RESPOND' ;
17502 +label _WARN_ = 'Warnings' ;
17503 +
17504 +
17505 +******      TEMPORARY VARIABLES FOR FORMATTED VALUES      ******;
17506 +LENGTH _ARBFMT_12 $     12; DROP _ARBFMT_12;
17507 +_ARBFMT_12 = ' '; /* Initialize to avoid warning. */
17508 +
17509 +
17510 +_ARBFMT_12 = PUT( RESPOND , BEST12.);
17511 + %DMNORMCP( _ARBFMT_12, F_RESPOND );
17512 +
17513 +******             ASSIGN OBSERVATION TO NODE             ******;
17514 +IF  NOT MISSING(DOLL24 ) AND
17515 +                 121.2 <= DOLL24  THEN DO;
17516 +  IF  NOT MISSING(DEPT25 ) AND
17517 +                    32.5 <= DEPT25  THEN DO;
17518 +    _NODE_  =                    7;
17519 +    _LEAF_  =                    8;
17520 +    P_RESPOND1  =      0.4390243902439;
17521 +    P_RESPOND0  =     0.56097560975609;
17522 +    Q_RESPOND1  =      0.4390243902439;
17523 +    Q_RESPOND0  =     0.56097560975609;
17524 +    V_RESPOND1  =      0.3076923076923;
17525 +    V_RESPOND0  =     0.69230769230769;
17526 +    I_RESPOND  = '0' ;
17527 +    U_RESPOND  =                    0;
17528 +    END;
17529 +  ELSE DO;
17530 +    IF  NOT MISSING(FREQPRCH ) AND
17531 +                       8.5 <= FREQPRCH  THEN DO;
17532 +      _NODE_  =                   13;
17533 +      _LEAF_  =                    7;
17534 +      P_RESPOND1  =     0.17607413647851;
17535 +      P_RESPOND0  =     0.82392586352148;
17536 +      Q_RESPOND1  =     0.17607413647851;
17537 +      Q_RESPOND0  =     0.82392586352148;
17538 +      V_RESPOND1  =     0.17874396135265;
17539 +      V_RESPOND0  =     0.82125603864734;
17540 +      I_RESPOND  = '0' ;
17541 +      U_RESPOND  =                    0;
17542 +      END;
17543 +    ELSE DO;
17544 +      _NODE_  =                   12;
17545 +      _LEAF_  =                    6;
17546 +      P_RESPOND1  =     0.10013175230566;
17547 +      P_RESPOND0  =     0.89986824769433;
17548 +      Q_RESPOND1  =     0.10013175230566;
17549 +      Q_RESPOND0  =     0.89986824769433;
17550 +      V_RESPOND1  =       0.089590443686;
17551 +      V_RESPOND0  =     0.91040955631399;
17552 +      I_RESPOND  = '0' ;
17553 +      U_RESPOND  =                    0;
17554 +      END;
17555 +    END;
17556 +  END;
17557 +ELSE DO;
17558 +  IF  NOT MISSING(TENURE ) AND
17559 +    TENURE  <                  1.5 THEN DO;
17560 +    IF  NOT MISSING(DAYLAST ) AND
17561 +                      46.5 <= DAYLAST  THEN DO;
17562 +      _NODE_  =                    9;
17563 +      _LEAF_  =                    2;
17564 +      P_RESPOND1  =     0.11111111111111;
17565 +      P_RESPOND0  =     0.88888888888888;
17566 +      Q_RESPOND1  =     0.11111111111111;
17567 +      Q_RESPOND0  =     0.88888888888888;
17568 +      V_RESPOND1  =                    0;
17569 +      V_RESPOND0  =                    1;
17570 +      I_RESPOND  = '0' ;
17571 +      U_RESPOND  =                    0;
17572 +      END;
17573 +    ELSE DO;
17574 +      _NODE_  =                    8;
17575 +      _LEAF_  =                    1;
17576 +      P_RESPOND1  =     0.95454545454545;
17577 +      P_RESPOND0  =     0.04545454545454;
17578 +      Q_RESPOND1  =     0.95454545454545;
17579 +      Q_RESPOND0  =     0.04545454545454;
17580 +      V_RESPOND1  =                    1;
17581 +      V_RESPOND0  =                    0;
17582 +      I_RESPOND  = '1' ;
17583 +      U_RESPOND  =                    1;
17584 +      END;
17585 +    END;
17586 +  ELSE DO;
17587 +    IF  NOT MISSING(DOLL24 ) AND
17588 +                    23.975 <= DOLL24  THEN DO;
17589 +      IF  NOT MISSING(ACTBUY ) AND
17590 +                         1.5 <= ACTBUY  THEN DO;
17591 +        _NODE_  =                   19;
17592 +        _LEAF_  =                    5;
17593 +        P_RESPOND1  =     0.10306612486147;
17594 +        P_RESPOND0  =     0.89693387513852;
17595 +        Q_RESPOND1  =     0.10306612486147;
17596 +        Q_RESPOND0  =     0.89693387513852;
17597 +        V_RESPOND1  =     0.09674922600619;
17598 +        V_RESPOND0  =      0.9032507739938;
17599 +        I_RESPOND  = '0' ;
17600 +        U_RESPOND  =                    0;
17601 +        END;
17602 +      ELSE DO;
17603 +        _NODE_  =                   18;
17604 +        _LEAF_  =                    4;
17605 +        P_RESPOND1  =     0.05328917657684;
17606 +        P_RESPOND0  =     0.94671082342315;
17607 +        Q_RESPOND1  =     0.05328917657684;
17608 +        Q_RESPOND0  =     0.94671082342315;
17609 +        V_RESPOND1  =     0.05952028427598;
17610 +        V_RESPOND0  =     0.94047971572401;
17611 +        I_RESPOND  = '0' ;
17612 +        U_RESPOND  =                    0;
17613 +        END;
17614 +      END;
17615 +    ELSE DO;
17616 +      _NODE_  =                   10;
17617 +      _LEAF_  =                    3;
17618 +      P_RESPOND1  =     0.03609902631033;
17619 +      P_RESPOND0  =     0.96390097368966;
17620 +      Q_RESPOND1  =     0.03609902631033;
17621 +      Q_RESPOND0  =     0.96390097368966;
17622 +      V_RESPOND1  =     0.03674786591713;
17623 +      V_RESPOND0  =     0.96325213408286;
17624 +      I_RESPOND  = '0' ;
17625 +      U_RESPOND  =                    0;
17626 +      END;
17627 +    END;
17628 +  END;
17629 +
17630 +*****  RESIDUALS R_ *************;
17631 +IF  F_RESPOND  NE '1'
17632 +AND F_RESPOND  NE '0'  THEN DO;
17633 +        R_RESPOND1  = .;
17634 +        R_RESPOND0  = .;
17635 + END;
17636 + ELSE DO;
17637 +       R_RESPOND1  =  -P_RESPOND1 ;
17638 +       R_RESPOND0  =  -P_RESPOND0 ;
17639 +       SELECT( F_RESPOND  );
17640 +          WHEN( '1'  ) R_RESPOND1  = R_RESPOND1  +1;
17641 +          WHEN( '0'  ) R_RESPOND0  = R_RESPOND0  +1;
17642 +       END;
17643 + END;
17644 +
17645 +****************************************************************;
17646 +******          END OF DECISION TREE SCORING CODE         ******;
17647 +****************************************************************;
17648 +
17649 +drop _LEAF_;
NOTE: %INCLUDE (level 1) ending.
17650  run;

NOTE: DATA STEP view saved on file EMWS2.TREE2_VALIDATE.
NOTE: A stored DATA STEP view cannot run under a different operating system.
NOTE: DATA statement used (Total process time):
      real time           0.03 seconds
      cpu time            0.01 seconds
      

17651  quit;
17652  filename emflow;
NOTE: Fileref EMFLOW has been deassigned.

NOTE: View EMWS2.TREE2_TRAIN.VIEW used (Total process time):
      real time           0.03 seconds
      cpu time            0.03 seconds
      
17654  proc sort data=WORK.EM_USER_REPORT;
17655  by ID VIEW;
17656  run;

NOTE: There were 132 observations read from the data set WORK.EM_USER_REPORT.
NOTE: The data set WORK.EM_USER_REPORT has 132 observations and 4 variables.
NOTE: PROCEDURE SORT used (Total process time):
      real time           0.00 seconds
      cpu time            0.00 seconds
      

17657  *------------------------------------------------------------*;
17658  * Tree2: Computing metadata for TRAIN data;
17659  *------------------------------------------------------------*;

NOTE: View EMWS2.TREE2_TRAIN.VIEW used (Total process time):
      real time           0.03 seconds
      cpu time            0.01 seconds
      
18360  data EMWS2.Tree2_EMINFO;
18361  length TARGET KEY $32 DATA $43;
18362  input TARGET KEY DATA $;
18363  cards;

NOTE: The data set EMWS2.TREE2_EMINFO has 3 observations and 3 variables.
NOTE: DATA statement used (Total process time):
      real time           0.01 seconds
      cpu time            0.00 seconds
      

18367  run;
18368  proc sort data = EMWS2.Tree2_EMINFO NOTHREADS;
18369  by TARGET KEY;
18370  run;

NOTE: There were 3 observations read from the data set EMWS2.TREE2_EMINFO.
NOTE: The data set EMWS2.TREE2_EMINFO has 3 observations and 3 variables.
NOTE: PROCEDURE SORT used (Total process time):
      real time           0.01 seconds
      cpu time            0.01 seconds
      

18371  proc sort data = EMWS2.Ids_EMINFO OUT=WORK.SORTEDEMINFO NOTHREADS;
18372  by TARGET KEY;
18373  run;

NOTE: There were 3 observations read from the data set EMWS2.IDS_EMINFO.
NOTE: The data set WORK.SORTEDEMINFO has 3 observations and 3 variables.
NOTE: PROCEDURE SORT used (Total process time):
      real time           0.00 seconds
      cpu time            0.00 seconds
      

18374  proc sort data = EMWS2.Tree2_EMINFO OUT=WORK.TEMP_INFO NOTHREADS;
18375  by TARGET KEY;
18376  run;

NOTE: Input data set is already sorted; it has been copied to the output data set.
NOTE: There were 3 observations read from the data set EMWS2.TREE2_EMINFO.
NOTE: The data set WORK.TEMP_INFO has 3 observations and 3 variables.
NOTE: PROCEDURE SORT used (Total process time):
      real time           0.00 seconds
      cpu time            0.00 seconds
      

18377  data EMWS2.Tree2_EMINFO;
18378  merge WORK.SORTEDEMINFO WORK.TEMP_INFO;
18379  by TARGET KEY;
18380  run;

NOTE: There were 3 observations read from the data set WORK.SORTEDEMINFO.
NOTE: There were 3 observations read from the data set WORK.TEMP_INFO.
NOTE: The data set EMWS2.TREE2_EMINFO has 4 observations and 3 variables.
NOTE: DATA statement used (Total process time):
      real time           0.03 seconds
      cpu time            0.00 seconds
      

18381  proc datasets lib=work nolist;
18382  delete TEMP_INFO SORTEDEMINFO;
18383  run;

NOTE: Deleting WORK.TEMP_INFO (memtype=DATA).
NOTE: Deleting WORK.SORTEDEMINFO (memtype=DATA).
18384  quit;

NOTE: PROCEDURE DATASETS used (Total process time):
      real time           0.00 seconds
      cpu time            0.00 seconds
      

NOTE: View EMWS2.TREE2_TRAIN.VIEW used (Total process time):
      real time           0.03 seconds
      cpu time            0.03 seconds
      
NOTE: View EMWS2.TREE2_VALIDATE.VIEW used (Total process time):
      real time           0.03 seconds
      cpu time            0.03 seconds
      
