*------------------------------------------------------------*
* Score Log
Date:                December 07, 2017
Time:                21:36:23
*------------------------------------------------------------*
15212  %let syscc = 0;
15213  *------------------------------------------------------------*;
15214  * EMCODE2: Scoring DATA data;
15215  *------------------------------------------------------------*;
15216  data EMWS1.EMCODE2_TRAIN
15217  / view=EMWS1.EMCODE2_TRAIN
15218  ;
15219  set EMWS1.Ids_DATA
15220  ;
15221  run;

NOTE: DATA STEP view saved on file EMWS1.EMCODE2_TRAIN.
NOTE: A stored DATA STEP view cannot run under a different operating system.
NOTE: View EMWS1.IDS_DATA.VIEW used (Total process time):
      real time           0.04 seconds
      cpu time            0.03 seconds
      
NOTE: DATA statement used (Total process time):
      real time           0.06 seconds
      cpu time            0.04 seconds
      

15222  quit;

15224  *------------------------------------------------------------*;
15225  * EMCODE2: Computing metadata for TRAIN data;
15226  *------------------------------------------------------------*;

NOTE: View EMWS1.EMCODE2_TRAIN.VIEW used (Total process time):
      real time           0.06 seconds
      cpu time            0.06 seconds
      
NOTE: View EMWS1.EMCODE2_TRAIN.VIEW used (Total process time):
      real time           0.04 seconds
      cpu time            0.04 seconds
      
