*------------------------------------------------------------*
* Score Log
Date:                December 07, 2017
Time:                23:43:09
*------------------------------------------------------------*
11564  *------------------------------------------------------------*;
11565  * Ids: Computing metadata for DATA data;
11566  *------------------------------------------------------------*;

NOTE: View EMWS3.IDS_DATA.VIEW used (Total process time):
      real time           0.03 seconds
      cpu time            0.03 seconds
      
11567  data EMWS3.Ids_EMINFO;
11568  length TARGET KEY $32 DATA $43;
11569  TARGET="";
11570  KEY="IDSTABLE";
11571  DATA="BIA.PVA97NK";
11572  output;
11573  TARGET="TargetB";
11574  KEY="DECDATA";
11575  DATA="EMWS3.Ids_TargetB_DD";
11576  output;
11577  TARGET="TargetB";
11578  KEY="DECMETA";
11579  DATA="EMWS3.Ids_TargetB_DM";
11580  output;
11581  run;

NOTE: The data set EMWS3.IDS_EMINFO has 3 observations and 3 variables.
NOTE: DATA statement used (Total process time):
      real time           0.04 seconds
      cpu time            0.00 seconds
      

NOTE: View EMWS3.IDS_DATA.VIEW used (Total process time):
      real time           0.03 seconds
      cpu time            0.03 seconds
      
11582  data EMWS3.Ids_CMeta_DATA;
11583  set EMWS3.Ids_VariableSet;
11584  drop DROP;
11585  where DROP='N';
11586  run;

NOTE: There were 28 observations read from the data set EMWS3.IDS_VARIABLESET.
      WHERE DROP='N';
NOTE: The data set EMWS3.IDS_CMETA_DATA has 28 observations and 20 variables.
NOTE: DATA statement used (Total process time):
      real time           0.06 seconds
      cpu time            0.01 seconds
      

