*------------------------------------------------------------*
* Training Log
Date:                December 08, 2017
Time:                14:33:10
*------------------------------------------------------------*
14715  proc freq data=EMWS4.EMCODE_VariableSet noprint;
14716  table ROLE*LEVEL/out=WORK.EMCODEMETA;
14717  run;

NOTE: There were 13 observations read from the data set EMWS4.EMCODE_VARIABLESET.
NOTE: The data set WORK.EMCODEMETA has 6 observations and 4 variables.
NOTE: PROCEDURE FREQ used (Total process time):
      real time           0.01 seconds
      cpu time            0.00 seconds
      

14718  proc print data=WORK.EMCODEMETA label noobs;
14719  var ROLE LEVEL COUNT;
14720  label ROLE = "%sysfunc(sasmsg(sashelp.dmine, meta_role_vlabel, NOQUOTE))" LEVEL = "%sysfunc(sasmsg(sashelp.dmine, meta_level_vlabel, NOQUOTE))" COUNT = "%sysfunc(sasmsg(sashelp.dmine, rpt_count_vlabel, NOQUOTE))";
14721  title9 ' ';
14722  title10 "%sysfunc(sasmsg(sashelp.dmine, rpt_varSummary_title  , NOQUOTE))";
14723  run;

NOTE: There were 6 observations read from the data set WORK.EMCODEMETA.
NOTE: The PROCEDURE PRINT printed page 1.
NOTE: PROCEDURE PRINT used (Total process time):
      real time           0.01 seconds
      cpu time            0.01 seconds
      

14724  title10;

14725  %let EMEXCEPTIONSTRING=;
14726  %let syscc = 0;
PERFORMANCE  DETAILS
15040  *------------------------------------------------------------*;
15041  * EMCODE: Generation of macros and macro variables;
15042  * To see the code generated, set the EM_DEBUG macro variable to SOURCE or _ALL_;
15043  *------------------------------------------------------------*;

15044  %let syscc = 0;
15045  %inc "\\filer.uncc.edu\home\aadwani\SAS project\sas project\Workspaces\EMWS4\EMCODE\EMTRAINCODE.sas";
NOTE: %INCLUDE (level 1) file \\filer.uncc.edu\home\aadwani\SAS project\sas project\Workspaces\EMWS4\EMCODE\EMTRAINCODE.sas is file \\filer.uncc.edu\home\aadwani\SAS project\sas project\Workspaces\EMWS4\EMCODE\EMTRAINCODE.sas.
15046 +ods graphics on;
15047 +proc corr data=&em_import_data;
15048 +var targetbuy targetamt;
15049 +run;

NOTE: View EMWS4.IDS_DATA.VIEW used (Total process time):
      real time           0.12 seconds
      cpu time            0.12 seconds
      
NOTE: There were 22223 observations read from the data set BIA.ORGANICS.
NOTE: The PROCEDURE CORR printed page 2.
NOTE: PROCEDURE CORR used (Total process time):
      real time           0.12 seconds
      cpu time            0.12 seconds
      

15050 +ods graphics off;
NOTE: %INCLUDE (level 1) ending.
15051  *------------------------------------------------------------*;
15052  * Close any missing semi colons;
15053  *------------------------------------------------------------*;
15054  ;
15055  ;
15056  ;
15057  ;
15058  quit;
15059  *------------------------------------------------------------*;
15060  * Close any unbalanced quotes;
15061  *------------------------------------------------------------*;
15062  /*; *"; *'; */
15063  ;
15064  run;
15065  quit;
15066  /* Reset EM Options */
15067  options formchar="|----|+|---+=|-/\<>*";
15068  options nocenter ls=256 ps=10000;
15069  goptions reset=all device=GIF NODISPLAY;

