*------------------------------------------------------------*
* Training Log
Date:                December 07, 2017
Time:                21:11:17
*------------------------------------------------------------*
14715  proc freq data=EMWS1.EMCODE_VariableSet noprint;
14716  table ROLE*LEVEL/out=WORK.EMCODEMETA;
14717  run;

NOTE: There were 98 observations read from the data set EMWS1.EMCODE_VARIABLESET.
NOTE: The data set WORK.EMCODEMETA has 5 observations and 4 variables.
NOTE: PROCEDURE FREQ used (Total process time):
      real time           0.01 seconds
      cpu time            0.01 seconds
      

14718  proc print data=WORK.EMCODEMETA label noobs;
14719  var ROLE LEVEL COUNT;
14720  label ROLE = "%sysfunc(sasmsg(sashelp.dmine, meta_role_vlabel, NOQUOTE))" LEVEL = "%sysfunc(sasmsg(sashelp.dmine, meta_level_vlabel, NOQUOTE))" COUNT = "%sysfunc(sasmsg(sashelp.dmine, rpt_count_vlabel, NOQUOTE))";
14721  title9 ' ';
14722  title10 "%sysfunc(sasmsg(sashelp.dmine, rpt_varSummary_title  , NOQUOTE))";
14723  run;

NOTE: There were 5 observations read from the data set WORK.EMCODEMETA.
NOTE: The PROCEDURE PRINT printed page 1.
NOTE: PROCEDURE PRINT used (Total process time):
      real time           0.00 seconds
      cpu time            0.00 seconds
      

14724  title10;

14725  %let EMEXCEPTIONSTRING=;
14726  %let syscc = 0;
PERFORMANCE  DETAILS
15078  *------------------------------------------------------------*;
15079  * EMCODE: Generation of macros and macro variables;
15080  * To see the code generated, set the EM_DEBUG macro variable to SOURCE or _ALL_;
15081  *------------------------------------------------------------*;

15082  %let syscc = 0;
15083  %inc "\\filer.uncc.edu\home\aadwani\SAS project\sas project\Workspaces\EMWS1\EMCODE\EMTRAINCODE.sas";
NOTE: %INCLUDE (level 1) file \\filer.uncc.edu\home\aadwani\SAS project\sas project\Workspaces\EMWS1\EMCODE\EMTRAINCODE.sas is file \\filer.uncc.edu\home\aadwani\SAS project\sas project\Workspaces\EMWS1\EMCODE\EMTRAINCODE.sas.
15084 +proc corr data=&em_import_data;
15085 +var monlast tenure unitsidd unitslap untlanpo freqprch dolindet dolnetdt dolindea dolnetda doll24;
15086 +run;

NOTE: View EMWS1.IDS_DATA.VIEW used (Total process time):
      real time           0.49 seconds
      cpu time            0.18 seconds
      
NOTE: There were 48356 observations read from the data set BIA.CATALOG2010.
NOTE: The PROCEDURE CORR printed page 2.
NOTE: PROCEDURE CORR used (Total process time):
      real time           0.51 seconds
      cpu time            0.20 seconds
      

15087 +ods graphics off;
NOTE: %INCLUDE (level 1) ending.
15088  *------------------------------------------------------------*;
15089  * Close any missing semi colons;
15090  *------------------------------------------------------------*;
15091  ;
15092  ;
15093  ;
15094  ;
15095  quit;
15096  *------------------------------------------------------------*;
15097  * Close any unbalanced quotes;
15098  *------------------------------------------------------------*;
15099  /*; *"; *'; */
15100  ;
15101  run;
15102  quit;
15103  /* Reset EM Options */
15104  options formchar="|----|+|---+=|-/\<>*";
15105  options nocenter ls=256 ps=10000;
15106  goptions reset=all device=GIF NODISPLAY;

