NOTE: PROCEDURE PRINTTO used (Total process time):
      real time           0.01 seconds
      cpu time            0.00 seconds
      

Traverser: Traverser invoked.  MPCONNECT command is !sascmdv -nosyntaxcheck -noasynchio -noobjectserver. 
Traverser: Beginning flow traversal 
16066      data _null_;
MPRINT(EM_DIAGRAM):    data _null_;
16067      file emwipmsg;
MPRINT(EM_DIAGRAM):   file emwipmsg;
16068      put '<Node Id="Ids" Event="Update" Pid="" Gridid=""/>';
MPRINT(EM_DIAGRAM):   put '<Node Id="Ids" Event="Update" Pid="" Gridid=""/>';
16069      run;
MPRINT(EM_DIAGRAM):   run;

NOTE: The file EMWIPMSG is:
      Local Host Name=upitsctxsh012,
      Local Host IP addr=fe80::8132:d136:45c0:635%12,
      Peer Hostname Name=upitsctxsh012.its.uncc.edu,
      Peer IP addr=127.0.0.1,Peer Name=N/A,
      Peer Portno=55144,Lrecl=32767,Recfm=Variable

NOTE: 1 record was written to the file EMWIPMSG.
      The minimum record length was 48.
      The maximum record length was 48.
NOTE: DATA statement used (Total process time):
      real time           0.01 seconds
      cpu time            0.01 seconds
      

16070      %let emloopmode =;
*------------------------------------------------------------* 
* 
* Ids : Beginning update before running 
* datetime : 08DEC2017:14:33:02 
* 
*------------------------------------------------------------* 
MPRINT(EM_DIAGRAM):     filename _emtool_ '\\filer.uncc.edu\home\aadwani\SAS project\sas project\Workspaces\EMWS4\Ids\PROPERTIES.xml' encoding="UTF-8" NOBOM;
16072      %let _HPDMGRIDHOST=;
16073      %let _HPDMGRIDINSTALLLOC=;
16074      %let _HPDMGRIDDATASERVER=;
16075      %hpdm_gridSetOPtions;
MPRINT(EM_DIAGRAM):   
MPRINT(HPDM_GRIDSETOPTIONS):   data _null_;
MPRINT(HPDM_GRIDSETOPTIONS):   length optionString string $2000;
MPRINT(HPDM_GRIDSETOPTIONS):   optionString = reverse(getoption('SET'));
MPRINT(HPDM_GRIDSETOPTIONS):   index = index(optionString, reverse('GRIDHOST'));
MPRINT(HPDM_GRIDSETOPTIONS):   if index then do;
MPRINT(HPDM_GRIDSETOPTIONS):   string = reverse(substr(optionString, 1, index-4));
MPRINT(HPDM_GRIDSETOPTIONS):   host = '"'!!strip(tranwrd(scan(string, 1, ']'), '"', ''))!!'"';
MPRINT(HPDM_GRIDSETOPTIONS):   call symput('_HPDMGRIDHOST', strip(host));
MPRINT(HPDM_GRIDSETOPTIONS):   end;
MPRINT(HPDM_GRIDSETOPTIONS):   index = index(optionString, reverse('GRIDINSTALLLOC'));
MPRINT(HPDM_GRIDSETOPTIONS):   if index then do;
MPRINT(HPDM_GRIDSETOPTIONS):   string = reverse(substr(optionString, 1, index-4));
MPRINT(HPDM_GRIDSETOPTIONS):   install = '"'!!strip(tranwrd(scan(string, 1, ']'), '"', ''))!!'"';
MPRINT(HPDM_GRIDSETOPTIONS):   call symput('_HPDMGRIDINSTALLLOC', strip(install));
MPRINT(HPDM_GRIDSETOPTIONS):   end;
MPRINT(HPDM_GRIDSETOPTIONS):   index = index(optionString, reverse('GRIDDATASERVER'));
MPRINT(HPDM_GRIDSETOPTIONS):   if index then do;
MPRINT(HPDM_GRIDSETOPTIONS):   string = reverse(substr(optionString, 1, index-4));
MPRINT(HPDM_GRIDSETOPTIONS):   server = '"'!!strip(tranwrd(scan(string, 1, ']'), '"', ''))!!'"';
MPRINT(HPDM_GRIDSETOPTIONS):   call symput('_HPDMGRIDDATASERVER', strip(server));
MPRINT(HPDM_GRIDSETOPTIONS):   end;
MPRINT(HPDM_GRIDSETOPTIONS):   run;

NOTE: DATA statement used (Total process time):
      real time           0.00 seconds
      cpu time            0.00 seconds
      

MPRINT(EM_DIAGRAM):  ;

*------------------------------------------------------------* 
* 
* Ids : End update 
* datetime : 08DEC2017:14:33:02 
* 
*------------------------------------------------------------* 
16076      %let _emdsep = \;
16077      %em_getactionstatus(emlib =EMWS4, nodeid=Ids);
MPRINT(EM_DIAGRAM):   
MPRINT(EM_GETACTIONSTATUS):   proc display c=sashelp.emutil.getactionstatus.scl;
MPRINT(EM_GETACTIONSTATUS):   run;

16078      %let em_Train = Y;
16079      %let em_Report = Y;
16080      %let em_Score = Y;
16081      %let em_Run = Y;
NOTE: PROCEDURE DISPLAY used (Total process time):
      real time           0.01 seconds
      cpu time            0.00 seconds
      

MPRINT(EM_GETACTIONSTATUS):   
MPRINT(EM_DIAGRAM):  ;

16082      data _null_;
MPRINT(EM_DIAGRAM):    data _null_;
16083      file emwipmsg;
MPRINT(EM_DIAGRAM):   file emwipmsg;
16084      put '<Node Id="Ids" Event="Run" Pid="" Gridid=""/>';
MPRINT(EM_DIAGRAM):   put '<Node Id="Ids" Event="Run" Pid="" Gridid=""/>';
16085      run;
MPRINT(EM_DIAGRAM):   run;

NOTE: The file EMWIPMSG is:
      Local Host Name=upitsctxsh012,
      Local Host IP addr=fe80::8132:d136:45c0:635%12,
      Peer Hostname Name=upitsctxsh012.its.uncc.edu,
      Peer IP addr=127.0.0.1,Peer Name=N/A,
      Peer Portno=55144,Lrecl=32767,Recfm=Variable

NOTE: 1 record was written to the file EMWIPMSG.
      The minimum record length was 45.
      The maximum record length was 45.
NOTE: DATA statement used (Total process time):
      real time           0.00 seconds
      cpu time            0.00 seconds
      

16086      options sascmd="!sascmdv -nosyntaxcheck -noasynchio -noobjectserver";
MPRINT(EM_DIAGRAM):    options sascmd="!sascmdv -nosyntaxcheck -noasynchio -noobjectserver";
16087      %let SYSCC=0;
16088      signon C023_SX8 macvar=C023_SX8;
MPRINT(EM_DIAGRAM):   signon macvar=C023_SX8;
WARNING: TCP Access method tracing is enabled.
NOTE: Default SASCMD value being used is: "C:\Program Files\SASHome\SASFoundation\9.4\SAS.EXE" -nologo -noterminal -noxcmd -objectserver -objectserverparms "protocol=bridge dnsname=127.0.0.1 jcbp=55145" -sspi -secpackage NTLM  -xcmd.
NOTE: Remote signon to C023_SX8 commencing (SAS Release 9.04.01M3P062415).
NOTE: Unable to open SASUSER.PROFILE. WORK.PROFILE will be opened instead.
NOTE: All profile changes will be lost at the end of the session.
NOTE: Copyright (c) 2002-2012 by SAS Institute Inc., Cary, NC, USA. 
NOTE: SAS (r) Proprietary Software 9.4 (TS1M3) 
      Licensed to UNIVERSITY OF NORTH CAROLINA CHARLOTTE - SFA T&R, Site 70117250.
NOTE: This session is executing on the X64_DSRV12  platform.



NOTE: Updated analytical products:
      
      SAS/STAT 14.1
      SAS/ETS 14.1
      SAS/OR 14.1
      SAS/IML 14.1
      SAS/QC 14.1

NOTE: Additional host information:

 X64_DSRV12 WIN 6.2.9200  Server

NOTE: SAS initialization used:
      real time           0.29 seconds
      cpu time            0.17 seconds
      
NOTE: Remote signon to C023_SX8 complete.
16089      rsubmit C023_SX8 wait=N persist=N  ;
MPRINT(EM_DIAGRAM):    rsubmit wait=N persist=N ;
The SAS System

NOTE: Background remote submit to C023_SX8 in progress.
NOTE: Remote submit to C023_SX8 commencing.
MPRINT(EM_DIAGRAM):   %global emexceptionstring emloopmode emloopnumber;
MPRINT(EM_DIAGRAM):   %let EMUSERID = %bquote(aadwani);
MPRINT(EM_DIAGRAM):   %let EMLDSPATH = %nrstr(\\filer.uncc.edu\home\aadwani\SAS project\sas project\DataSources);
MPRINT(EM_DIAGRAM):   %let EMFLOWMODE = Y;
MPRINT(EM_DIAGRAM):   %let EMONODE = %bquote(Ids);
MPRINT(EM_DIAGRAM):   %let EMPATH = %nrstr(\\filer.uncc.edu\home\aadwani\SAS project\sas project\Workspaces\EMWS4);
MPRINT(EM_DIAGRAM):   %let EMWS = EMWS4;
MPRINT(EM_DIAGRAM):   %let EMNODECLASS = SASHELP.EMSAMP.IDS.CLASS;
MPRINT(EM_DIAGRAM):   %let EMSTATUSDIR = %nrstr(\\filer.uncc.edu\home\aadwani\SAS project\sas project\Workspaces\EMWS4\System);
MPRINT(EM_DIAGRAM):   %let EM_DEBUG =;
MPRINT(EM_DIAGRAM):   %let EMPROJECTCODE = %nrstr(\\filer.uncc.edu\home\aadwani\SAS project\sas project\System\STARTUP.sas);
MPRINT(EM_DIAGRAM):   %let EMSERVERCODE = %nrstr();
MPRINT(EM_DIAGRAM):   %let EM_USERID = %bquote(aadwani);
MPRINT(EM_DIAGRAM):   %let EM_METAHOST =;
MPRINT(EM_DIAGRAM):   %let EM_METAPORT =;
MPRINT(EM_DIAGRAM):   %let EM_JAVAPACKAGE = %bquote();
MPRINT(EM_DIAGRAM):   %let EMPROJECTPATH = %nrstr(\\filer.uncc.edu\home\aadwani\SAS project\sas project);
MPRINT(EM_DIAGRAM):   %let EMPROJNAME = %nrstr(sas project);
MPRINT(EM_DIAGRAM):   %let EMPROJPATH = %nrstr(\\filer.uncc.edu\home\aadwani\SAS project);
MPRINT(EM_DIAGRAM):   %let em_Train = Y;
MPRINT(EM_DIAGRAM):   %let em_Score = Y;
MPRINT(EM_DIAGRAM):   %let em_Report = Y;
MPRINT(EM_DIAGRAM):   %let emloopmode =;
MPRINT(EM_DIAGRAM):   %let emloopnumber =0;
MPRINT(EM_DIAGRAM):   %let emloopId =Ids;
MPRINT(EM_DIAGRAM):   %let emexceptionstring=;
MPRINT(EM_DIAGRAM):   options VBUFSIZE= 64M;
MPRINT(EM_DIAGRAM):   %em5run();
MPRINT(EM_DIAGRAM):   %put &&emexceptionstring;
MPRINT(EM_DIAGRAM):   %sysrput emerror_Ids = &&emexceptionstring;
MPRINT(EM_DIAGRAM):   %put &&emloopmode;
MPRINT(EM_DIAGRAM):   %sysrput emloopmode_Ids = &&emloopmode;
MPRINT(EM_DIAGRAM):   endrsubmit;
16090      data _null_;
MPRINT(EM_DIAGRAM):    data _null_;
16091      file emwipmsg;
MPRINT(EM_DIAGRAM):   file emwipmsg;
16092      put '<Node Id="Ids" Event="Run" Pid=" " Gridid=""/>';
MPRINT(EM_DIAGRAM):   put '<Node Id="Ids" Event="Run" Pid=" " Gridid=""/>';
16093      run;
MPRINT(EM_DIAGRAM):   run;

NOTE: The file EMWIPMSG is:
      Local Host Name=upitsctxsh012,
      Local Host IP addr=fe80::8132:d136:45c0:635%12,
      Peer Hostname Name=upitsctxsh012.its.uncc.edu,
      Peer IP addr=127.0.0.1,Peer Name=N/A,
      Peer Portno=55144,Lrecl=32767,Recfm=Variable

NOTE: 1 record was written to the file EMWIPMSG.
      The minimum record length was 46.
      The maximum record length was 46.
NOTE: DATA statement used (Total process time):
      real time           0.00 seconds
      cpu time            0.00 seconds
      

16094      data _null_;
MPRINT(EM_DIAGRAM):    data _null_;
16095      run;
MPRINT(EM_DIAGRAM):   run;

NOTE: DATA statement used (Total process time):
      real time           0.01 seconds
      cpu time            0.01 seconds
      

Traverser: WaitingNode "EMCODE" 
traverser_runingNode_note 
16096      data _null_;
MPRINT(EM_DIAGRAM):    data _null_;
16097      run;
MPRINT(EM_DIAGRAM):   run;

NOTE: DATA statement used (Total process time):
      real time           0.00 seconds
      cpu time            0.00 seconds
      

Traverser: WaitingNode "EMCODE" 
traverser_runingNode_note 
16098      data _null_;
MPRINT(EM_DIAGRAM):    data _null_;
16099      run;
MPRINT(EM_DIAGRAM):   run;

NOTE: DATA statement used (Total process time):
      real time           0.00 seconds
      cpu time            0.00 seconds
      

Traverser: WaitingNode "EMCODE" 
traverser_runingNode_note 
16100      data _null_;
MPRINT(EM_DIAGRAM):    data _null_;
16101      run;
MPRINT(EM_DIAGRAM):   run;

NOTE: DATA statement used (Total process time):
      real time           0.00 seconds
      cpu time            0.00 seconds
      

Traverser: WaitingNode "EMCODE" 
traverser_runingNode_note 
16102      data _null_;
MPRINT(EM_DIAGRAM):    data _null_;
16103      run;
MPRINT(EM_DIAGRAM):   run;

NOTE: DATA statement used (Total process time):
      real time           0.00 seconds
      cpu time            0.00 seconds
      

Traverser: WaitingNode "EMCODE" 
traverser_runingNode_note 
16104      data _null_;
MPRINT(EM_DIAGRAM):    data _null_;
16105      run;
MPRINT(EM_DIAGRAM):   run;

NOTE: DATA statement used (Total process time):
      real time           0.00 seconds
      cpu time            0.00 seconds
      

Traverser: WaitingNode "EMCODE" 
traverser_runingNode_note 
16106      data _null_;
MPRINT(EM_DIAGRAM):    data _null_;
16107      run;
MPRINT(EM_DIAGRAM):   run;

NOTE: DATA statement used (Total process time):
      real time           0.00 seconds
      cpu time            0.00 seconds
      

Traverser: WaitingNode "EMCODE" 
traverser_runingNode_note 
16108      data _null_;
MPRINT(EM_DIAGRAM):    data _null_;
16109      run;
MPRINT(EM_DIAGRAM):   run;

NOTE: DATA statement used (Total process time):
      real time           0.00 seconds
      cpu time            0.00 seconds
      

1     %global emexceptionstring emloopmode emloopnumber;
2     %let EMUSERID = %bquote(aadwani);
3     %let EMLDSPATH = %nrstr(\\filer.uncc.edu\home\aadwani\SAS project\sas project\DataSources);
4     %let EMFLOWMODE = Y;
5     %let EMONODE = %bquote(Ids);
6     %let EMPATH = %nrstr(\\filer.uncc.edu\home\aadwani\SAS project\sas project\Workspaces\EMWS4);
7     %let EMWS = EMWS4;
8     %let EMNODECLASS = SASHELP.EMSAMP.IDS.CLASS;
9     %let EMSTATUSDIR = %nrstr(\\filer.uncc.edu\home\aadwani\SAS project\sas project\Workspaces\EMWS4\System);
10    %let EM_DEBUG =;
11    %let EMPROJECTCODE = %nrstr(\\filer.uncc.edu\home\aadwani\SAS project\sas project\System\STARTUP.sas);
12    %let EMSERVERCODE = %nrstr();
13    %let EM_USERID = %bquote(aadwani);
14    %let EM_METAHOST =;
15    %let EM_METAPORT =;
16    %let EM_JAVAPACKAGE = %bquote();
17    %let EMPROJECTPATH = %nrstr(\\filer.uncc.edu\home\aadwani\SAS project\sas project);
18    %let EMPROJNAME = %nrstr(sas project);
19    %let EMPROJPATH = %nrstr(\\filer.uncc.edu\home\aadwani\SAS project);
20    %let em_Train = Y;
21    %let em_Score = Y;
22    %let em_Report = Y;
23    %let emloopmode =;
24    %let emloopnumber =0;
25    %let emloopId =Ids;
26    %let emexceptionstring=;
27    options VBUFSIZE= 64M;
28    %em5run();

*------------------------------------------------------------* 
* 
* Ids : Running 
* datetime : 08DEC2017:14:33:03 
* 
*------------------------------------------------------------* 
6005   %let SYSCC =0;
6006   %let EMGROUPMODE =;
6007   %let EMGROUPID =;
11891  data EMWS4.Ids_EMTRAINVARIABLE;
11892  length NAME $64;
11893  set EMWS4.Ids_VariableSet;
11894  label NAME = "%sysfunc(sasmsg(sashelp.dmine, meta_name_vlabel, NOQUOTE))" ROLE = "%sysfunc(sasmsg(sashelp.dmine, meta_role_vlabel, NOQUOTE))" LEVEL = "%sysfunc(sasmsg(sashelp.dmine, meta_level_vlabel, NOQUOTE))" ORDER =
11895     "%sysfunc(sasmsg(sashelp.dmine, meta_order_vlabel, NOQUOTE))" LABEL = "%sysfunc(sasmsg(sashelp.dmine, meta_label_vlabel, NOQUOTE))";
11896  label ROLE = "%sysfunc(sasmsg(sashelp.dmine, META_ROLE_VLABEL, NOQUOTE))";
11897  label LEVEL = "%sysfunc(sasmsg(sashelp.dmine, META_LEVEL_VLABEL, NOQUOTE))";
11898  label REPORT = "%sysfunc(sasmsg(sashelp.dmine, META_REPORT_VLABEL, NOQUOTE))";
11899  label ORDER = "%sysfunc(sasmsg(sashelp.dmine, META_ORDER_VLABEL, NOQUOTE))";
11900  label DROP = "%sysfunc(sasmsg(sashelp.dmine, META_DROP_VLABEL, NOQUOTE))";
11901  label LOWERLIMIT = "%sysfunc(sasmsg(sashelp.dmine, META_LOWERLIMIT_VLABEL, NOQUOTE))";
11902  label UPPERLIMIT = "%sysfunc(sasmsg(sashelp.dmine, META_UPPERLIMIT_VLABEL, NOQUOTE))";
11903  drop lowerlimit upperlimit creator--type format--length;
11904  run;

NOTE: There were 13 observations read from the data set EMWS4.IDS_VARIABLESET.
NOTE: The data set EMWS4.IDS_EMTRAINVARIABLE has 13 observations and 6 variables.
NOTE: DATA statement used (Total process time):
      real time           0.06 seconds
      cpu time            0.03 seconds
      

11905  %let emexceptionstring =;
*------------------------------------------------------------* 
* 
* Ids : End run 
* datetime : 08DEC2017:14:33:07 
* 
*------------------------------------------------------------* 
NOTE: The PROCEDURE DISPLAY printed pages 1-3.
NOTE: PROCEDURE DISPLAY used (Total process time):
      real time           4.28 seconds
      cpu time            1.70 seconds
      

11908   %put &&emexceptionstring;
 
11909   %sysrput emerror_Ids = &&emexceptionstring;
11910   %put &&emloopmode;
 
11911   %sysrput emloopmode_Ids = &&emloopmode;
NOTE: Remote submit to C023_SX8 complete.
NOTE: Remote signoff from C023_SX8 commencing.
NOTE: SAS Institute Inc., SAS Campus Drive, Cary, NC USA 27513-2414
NOTE: The SAS System used:
      real time           4.65 seconds
      cpu time            1.90 seconds
      
NOTE: Remote signoff from C023_SX8 complete.
Traverser: WaitingNode "EMCODE" 
traverser_runingNode_note 
16110      data _null_;
MPRINT(EM_DIAGRAM):    data _null_;
16111      run;
MPRINT(EM_DIAGRAM):   run;

NOTE: DATA statement used (Total process time):
      real time           0.01 seconds
      cpu time            0.01 seconds
      

Node "Ids" ran. 
MPRINT(EM_DIAGRAM):    filename _emtool_ '\\filer.uncc.edu\home\aadwani\SAS project\sas project\Workspaces\EMWS4\Ids\TRAINPROPERTIES.xml' encoding="UTF-8" NOBOM;
Node "Ids" succeeded. 
16113      data _null_;
MPRINT(EM_DIAGRAM):    data _null_;
16114      file emwipmsg;
MPRINT(EM_DIAGRAM):   file emwipmsg;
16115      put '<Node Id="Ids" Event="Complete" Pid="8900" Gridid=""/>';
MPRINT(EM_DIAGRAM):   put '<Node Id="Ids" Event="Complete" Pid="8900" Gridid=""/>';
16116      run;
MPRINT(EM_DIAGRAM):   run;

NOTE: The file EMWIPMSG is:
      Local Host Name=upitsctxsh012,
      Local Host IP addr=fe80::8132:d136:45c0:635%12,
      Peer Hostname Name=upitsctxsh012.its.uncc.edu,
      Peer IP addr=127.0.0.1,Peer Name=N/A,
      Peer Portno=55144,Lrecl=32767,Recfm=Variable

NOTE: 1 record was written to the file EMWIPMSG.
      The minimum record length was 54.
      The maximum record length was 54.
NOTE: DATA statement used (Total process time):
      real time           0.01 seconds
      cpu time            0.01 seconds
      

traverser_readyNode_note 
NOTE: There are no active tasks/transactions.
16117      waitfor _all_ C023_SX8;
MPRINT(EM_DIAGRAM):    waitfor _all_ C023_SX8;
16118      signoff C023_SX8;
MPRINT(EM_DIAGRAM):   signoff;
NOTE: A link to C023_SX8 does not exist.  SIGNOFF is not necessary.
16119      data _null_;
MPRINT(EM_DIAGRAM):   data _null_;
16120      file emwipmsg;
MPRINT(EM_DIAGRAM):   file emwipmsg;
16121      put '<Node Id="EMCODE" Event="Update" Pid="" Gridid=""/>';
MPRINT(EM_DIAGRAM):   put '<Node Id="EMCODE" Event="Update" Pid="" Gridid=""/>';
16122      run;
MPRINT(EM_DIAGRAM):   run;

NOTE: The file EMWIPMSG is:
      Local Host Name=upitsctxsh012,
      Local Host IP addr=fe80::8132:d136:45c0:635%12,
      Peer Hostname Name=upitsctxsh012.its.uncc.edu,
      Peer IP addr=127.0.0.1,Peer Name=N/A,
      Peer Portno=55144,Lrecl=32767,Recfm=Variable

NOTE: 1 record was written to the file EMWIPMSG.
      The minimum record length was 51.
      The maximum record length was 51.
NOTE: DATA statement used (Total process time):
      real time           0.00 seconds
      cpu time            0.00 seconds
      

16123      %let emloopmode =;
*------------------------------------------------------------* 
* 
* EMCODE : Beginning update before running 
* datetime : 08DEC2017:14:33:08 
* 
*------------------------------------------------------------* 
MPRINT(EM_DIAGRAM):     data WORK.EMCODE_FILTERSET;
MPRINT(EM_DIAGRAM):   length PORT $32 USE $1;
MPRINT(EM_DIAGRAM):   DROP DELTACODE APPLYDELTA APPLYSCORE IMPORTPORT;
MPRINT(EM_DIAGRAM):   set EMWS4.Ids_exportSet ;
MPRINT(EM_DIAGRAM):   PORT = '';
MPRINT(EM_DIAGRAM):   USE = '';
MPRINT(EM_DIAGRAM):   where role in( "RAW" "TRAIN" "VALIDATE" "TEST" "SCORE" "TRANSACTION" "DOCUMENT" "RULES" "REPORTFIT" "RANK" "SCOREDIST" "ESTIMATE" "TREE" "CLUSSTAT" "CLUSMEAN" "VARMAP" ) and EXPORT = 'Y' ;
MPRINT(EM_DIAGRAM):   run;
16154      *------------------------------------------------------------*;
MPRINT(EM_DIAGRAM):    *------------------------------------------------------------*;
16155      * EMCODE: Update Variables Set;
MPRINT(EM_DIAGRAM):   * EMCODE: Update Variables Set;
16156      *------------------------------------------------------------*;
MPRINT(EM_DIAGRAM):   *------------------------------------------------------------*;

16157      proc sort data=EMWS4.Ids_CMeta_DATA out=_SortedVar;
MPRINT(EM_DIAGRAM):    proc sort data=EMWS4.Ids_CMeta_DATA out=_SortedVar;
16158      by name;
MPRINT(EM_DIAGRAM):   by name;
16159      run;
MPRINT(EM_DIAGRAM):   run;

NOTE: There were 13 observations read from the data set EMWS4.IDS_CMETA_DATA.
NOTE: The data set WORK._SORTEDVAR has 13 observations and 20 variables.
NOTE: PROCEDURE SORT used (Total process time):
      real time           0.00 seconds
      cpu time            0.00 seconds
      

16160      proc sort data=EMWS4.EMCODE_VariableSet;
MPRINT(EM_DIAGRAM):    proc sort data=EMWS4.EMCODE_VariableSet;
16161      by name;
MPRINT(EM_DIAGRAM):   by name;
16162      run;
MPRINT(EM_DIAGRAM):   run;

NOTE: There were 13 observations read from the data set EMWS4.EMCODE_VARIABLESET.
NOTE: The data set EMWS4.EMCODE_VARIABLESET has 13 observations and 21 variables.
NOTE: PROCEDURE SORT used (Total process time):
      real time           0.04 seconds
      cpu time            0.00 seconds
      

16163      data EMWS4.EMCODE_VariableSet;
MPRINT(EM_DIAGRAM):   data EMWS4.EMCODE_VariableSet;
16164      merge _SortedVar(in=_a) EMWS4.EMCODE_VariableSet(in=_b rename=(ROLE = OLDROLE) keep=NAME ROLE USE REPORT);
MPRINT(EM_DIAGRAM):   merge _SortedVar(in=_a) EMWS4.EMCODE_VariableSet(in=_b rename=(ROLE = OLDROLE) keep=NAME ROLE USE REPORT);
16165      by name;
MPRINT(EM_DIAGRAM):   by name;
16166      if (OLDROLE = 'TARGET' and use = 'Y') and ROLE = 'REJECTED' then USE = 'D';
MPRINT(EM_DIAGRAM):   if (OLDROLE = 'TARGET' and use = 'Y') and ROLE = 'REJECTED' then USE = 'D';
16167      drop OLDROLE;
MPRINT(EM_DIAGRAM):   drop OLDROLE;
16168      if _b and ^_a then delete;
MPRINT(EM_DIAGRAM):   if _b and ^_a then delete;
16169      run;
MPRINT(EM_DIAGRAM):   run;

NOTE: There were 13 observations read from the data set WORK._SORTEDVAR.
NOTE: There were 13 observations read from the data set EMWS4.EMCODE_VARIABLESET.
NOTE: The data set EMWS4.EMCODE_VARIABLESET has 13 observations and 21 variables.
NOTE: DATA statement used (Total process time):
      real time           0.07 seconds
      cpu time            0.03 seconds
      

16170      * EMCODE: End of Update Variables Set;
MPRINT(EM_DIAGRAM):    * EMCODE: End of Update Variables Set;
16171      *------------------------------------------------------------*;
MPRINT(EM_DIAGRAM):   *------------------------------------------------------------*;

MPRINT(EM_DIAGRAM):    filename _emtool_ '\\filer.uncc.edu\home\aadwani\SAS project\sas project\Workspaces\EMWS4\EMCODE\PROPERTIES.xml' encoding="UTF-8" NOBOM;
16173      %let _HPDMGRIDHOST=;
16174      %let _HPDMGRIDINSTALLLOC=;
16175      %let _HPDMGRIDDATASERVER=;
16176      %hpdm_gridSetOPtions;
MPRINT(EM_DIAGRAM):   
MPRINT(HPDM_GRIDSETOPTIONS):   data _null_;
MPRINT(HPDM_GRIDSETOPTIONS):   length optionString string $2000;
MPRINT(HPDM_GRIDSETOPTIONS):   optionString = reverse(getoption('SET'));
MPRINT(HPDM_GRIDSETOPTIONS):   index = index(optionString, reverse('GRIDHOST'));
MPRINT(HPDM_GRIDSETOPTIONS):   if index then do;
MPRINT(HPDM_GRIDSETOPTIONS):   string = reverse(substr(optionString, 1, index-4));
MPRINT(HPDM_GRIDSETOPTIONS):   host = '"'!!strip(tranwrd(scan(string, 1, ']'), '"', ''))!!'"';
MPRINT(HPDM_GRIDSETOPTIONS):   call symput('_HPDMGRIDHOST', strip(host));
MPRINT(HPDM_GRIDSETOPTIONS):   end;
MPRINT(HPDM_GRIDSETOPTIONS):   index = index(optionString, reverse('GRIDINSTALLLOC'));
MPRINT(HPDM_GRIDSETOPTIONS):   if index then do;
MPRINT(HPDM_GRIDSETOPTIONS):   string = reverse(substr(optionString, 1, index-4));
MPRINT(HPDM_GRIDSETOPTIONS):   install = '"'!!strip(tranwrd(scan(string, 1, ']'), '"', ''))!!'"';
MPRINT(HPDM_GRIDSETOPTIONS):   call symput('_HPDMGRIDINSTALLLOC', strip(install));
MPRINT(HPDM_GRIDSETOPTIONS):   end;
MPRINT(HPDM_GRIDSETOPTIONS):   index = index(optionString, reverse('GRIDDATASERVER'));
MPRINT(HPDM_GRIDSETOPTIONS):   if index then do;
MPRINT(HPDM_GRIDSETOPTIONS):   string = reverse(substr(optionString, 1, index-4));
MPRINT(HPDM_GRIDSETOPTIONS):   server = '"'!!strip(tranwrd(scan(string, 1, ']'), '"', ''))!!'"';
MPRINT(HPDM_GRIDSETOPTIONS):   call symput('_HPDMGRIDDATASERVER', strip(server));
MPRINT(HPDM_GRIDSETOPTIONS):   end;
MPRINT(HPDM_GRIDSETOPTIONS):   run;

NOTE: DATA statement used (Total process time):
      real time           0.00 seconds
      cpu time            0.00 seconds
      

MPRINT(EM_DIAGRAM):  ;

*------------------------------------------------------------* 
* 
* EMCODE : End update 
* datetime : 08DEC2017:14:33:09 
* 
*------------------------------------------------------------* 
16177      %let _emdsep = \;
16178      %em_getactionstatus(emlib =EMWS4, nodeid=EMCODE);
MPRINT(EM_DIAGRAM):   
MPRINT(EM_GETACTIONSTATUS):   proc display c=sashelp.emutil.getactionstatus.scl;
MPRINT(EM_GETACTIONSTATUS):   run;

16179      %let em_Train = Y;
16180      %let em_Report = Y;
16181      %let em_Score = Y;
16182      %let em_Run = Y;
NOTE: PROCEDURE DISPLAY used (Total process time):
      real time           0.03 seconds
      cpu time            0.00 seconds
      

MPRINT(EM_GETACTIONSTATUS):   
MPRINT(EM_DIAGRAM):  ;

16183      data _null_;
MPRINT(EM_DIAGRAM):    data _null_;
16184      file emwipmsg;
MPRINT(EM_DIAGRAM):   file emwipmsg;
16185      put '<Node Id="EMCODE" Event="Run" Pid="" Gridid=""/>';
MPRINT(EM_DIAGRAM):   put '<Node Id="EMCODE" Event="Run" Pid="" Gridid=""/>';
16186      run;
MPRINT(EM_DIAGRAM):   run;

NOTE: The file EMWIPMSG is:
      Local Host Name=upitsctxsh012,
      Local Host IP addr=fe80::8132:d136:45c0:635%12,
      Peer Hostname Name=upitsctxsh012.its.uncc.edu,
      Peer IP addr=127.0.0.1,Peer Name=N/A,
      Peer Portno=55144,Lrecl=32767,Recfm=Variable

NOTE: 1 record was written to the file EMWIPMSG.
      The minimum record length was 48.
      The maximum record length was 48.
NOTE: DATA statement used (Total process time):
      real time           0.00 seconds
      cpu time            0.00 seconds
      

16187      options sascmd="!sascmdv -nosyntaxcheck -noasynchio -noobjectserver";
MPRINT(EM_DIAGRAM):    options sascmd="!sascmdv -nosyntaxcheck -noasynchio -noobjectserver";
16188      %let SYSCC=0;
16189      signon C3QDCRYD macvar=C3QDCRYD;
MPRINT(EM_DIAGRAM):   signon macvar=C3QDCRYD;
NOTE: Default SASCMD value being used is: "C:\Program Files\SASHome\SASFoundation\9.4\SAS.EXE" -nologo -noterminal -noxcmd -objectserver -objectserverparms "protocol=bridge dnsname=127.0.0.1 jcbp=55145" -sspi -secpackage NTLM  -xcmd.
NOTE: Remote signon to C3QDCRYD commencing (SAS Release 9.04.01M3P062415).
NOTE: Unable to open SASUSER.PROFILE. WORK.PROFILE will be opened instead.
NOTE: All profile changes will be lost at the end of the session.
NOTE: Copyright (c) 2002-2012 by SAS Institute Inc., Cary, NC, USA. 
NOTE: SAS (r) Proprietary Software 9.4 (TS1M3) 
      Licensed to UNIVERSITY OF NORTH CAROLINA CHARLOTTE - SFA T&R, Site 70117250.
NOTE: This session is executing on the X64_DSRV12  platform.



NOTE: Updated analytical products:
      
      SAS/STAT 14.1
      SAS/ETS 14.1
      SAS/OR 14.1
      SAS/IML 14.1
      SAS/QC 14.1

NOTE: Additional host information:

 X64_DSRV12 WIN 6.2.9200  Server

NOTE: SAS initialization used:
      real time           0.28 seconds
      cpu time            0.15 seconds
      
NOTE: Remote signon to C3QDCRYD complete.
16190      rsubmit C3QDCRYD wait=N persist=N  ;
MPRINT(EM_DIAGRAM):    rsubmit wait=N persist=N ;
The SAS System

NOTE: Background remote submit to C3QDCRYD in progress.
NOTE: Remote submit to C3QDCRYD commencing.
MPRINT(EM_DIAGRAM):   %global emexceptionstring emloopmode emloopnumber;
MPRINT(EM_DIAGRAM):   %let EMUSERID = %bquote(aadwani);
MPRINT(EM_DIAGRAM):   %let EMLDSPATH = %nrstr(\\filer.uncc.edu\home\aadwani\SAS project\sas project\DataSources);
MPRINT(EM_DIAGRAM):   %let EMFLOWMODE = Y;
MPRINT(EM_DIAGRAM):   %let EMONODE = %bquote(EMCODE);
MPRINT(EM_DIAGRAM):   %let EMPATH = %nrstr(\\filer.uncc.edu\home\aadwani\SAS project\sas project\Workspaces\EMWS4);
MPRINT(EM_DIAGRAM):   %let EMWS = EMWS4;
MPRINT(EM_DIAGRAM):   %let EMNODECLASS = SASHELP.EMCORE.EMCODETOOL.CLASS;
MPRINT(EM_DIAGRAM):   %let EMSTATUSDIR = %nrstr(\\filer.uncc.edu\home\aadwani\SAS project\sas project\Workspaces\EMWS4\System);
MPRINT(EM_DIAGRAM):   %let EM_DEBUG =;
MPRINT(EM_DIAGRAM):   %let EMPROJECTCODE = %nrstr(\\filer.uncc.edu\home\aadwani\SAS project\sas project\System\STARTUP.sas);
MPRINT(EM_DIAGRAM):   %let EMSERVERCODE = %nrstr();
MPRINT(EM_DIAGRAM):   %let EM_USERID = %bquote(aadwani);
MPRINT(EM_DIAGRAM):   %let EM_METAHOST =;
MPRINT(EM_DIAGRAM):   %let EM_METAPORT =;
MPRINT(EM_DIAGRAM):   %let EM_JAVAPACKAGE = %bquote();
MPRINT(EM_DIAGRAM):   %let EMPROJECTPATH = %nrstr(\\filer.uncc.edu\home\aadwani\SAS project\sas project);
MPRINT(EM_DIAGRAM):   %let EMPROJNAME = %nrstr(sas project);
MPRINT(EM_DIAGRAM):   %let EMPROJPATH = %nrstr(\\filer.uncc.edu\home\aadwani\SAS project);
MPRINT(EM_DIAGRAM):   %let em_Train = Y;
MPRINT(EM_DIAGRAM):   %let em_Score = Y;
MPRINT(EM_DIAGRAM):   %let em_Report = Y;
MPRINT(EM_DIAGRAM):   %let emloopmode =;
MPRINT(EM_DIAGRAM):   %let emloopnumber =0;
MPRINT(EM_DIAGRAM):   %let emloopId =EMCODE;
MPRINT(EM_DIAGRAM):   %let emexceptionstring=;
MPRINT(EM_DIAGRAM):   options VBUFSIZE= 64M;
MPRINT(EM_DIAGRAM):   %em5run();
MPRINT(EM_DIAGRAM):   %put &&emexceptionstring;
MPRINT(EM_DIAGRAM):   %sysrput emerror_EMCODE = &&emexceptionstring;
MPRINT(EM_DIAGRAM):   %put &&emloopmode;
MPRINT(EM_DIAGRAM):   %sysrput emloopmode_EMCODE = &&emloopmode;
MPRINT(EM_DIAGRAM):   endrsubmit;
16191      data _null_;
MPRINT(EM_DIAGRAM):    data _null_;
16192      file emwipmsg;
MPRINT(EM_DIAGRAM):   file emwipmsg;
16193      put '<Node Id="EMCODE" Event="Run" Pid=" " Gridid=""/>';
MPRINT(EM_DIAGRAM):   put '<Node Id="EMCODE" Event="Run" Pid=" " Gridid=""/>';
16194      run;
MPRINT(EM_DIAGRAM):   run;

NOTE: The file EMWIPMSG is:
      Local Host Name=upitsctxsh012,
      Local Host IP addr=fe80::8132:d136:45c0:635%12,
      Peer Hostname Name=upitsctxsh012.its.uncc.edu,
      Peer IP addr=127.0.0.1,Peer Name=N/A,
      Peer Portno=55144,Lrecl=32767,Recfm=Variable

NOTE: 1 record was written to the file EMWIPMSG.
      The minimum record length was 49.
      The maximum record length was 49.
NOTE: DATA statement used (Total process time):
      real time           0.00 seconds
      cpu time            0.00 seconds
      

16195      data _null_;
MPRINT(EM_DIAGRAM):    data _null_;
16196      run;
MPRINT(EM_DIAGRAM):   run;

NOTE: DATA statement used (Total process time):
      real time           0.01 seconds
      cpu time            0.01 seconds
      

traverser_runingNode_note 
16197      data _null_;
MPRINT(EM_DIAGRAM):    data _null_;
16198      run;
MPRINT(EM_DIAGRAM):   run;

NOTE: DATA statement used (Total process time):
      real time           0.00 seconds
      cpu time            0.00 seconds
      

traverser_runingNode_note 
16199      data _null_;
MPRINT(EM_DIAGRAM):    data _null_;
16200      run;
MPRINT(EM_DIAGRAM):   run;

NOTE: DATA statement used (Total process time):
      real time           0.00 seconds
      cpu time            0.00 seconds
      

traverser_runingNode_note 
16201      data _null_;
MPRINT(EM_DIAGRAM):    data _null_;
16202      run;
MPRINT(EM_DIAGRAM):   run;

NOTE: DATA statement used (Total process time):
      real time           0.00 seconds
      cpu time            0.00 seconds
      

traverser_runingNode_note 
16203      data _null_;
MPRINT(EM_DIAGRAM):    data _null_;
16204      run;
MPRINT(EM_DIAGRAM):   run;

NOTE: DATA statement used (Total process time):
      real time           0.00 seconds
      cpu time            0.00 seconds
      

traverser_runingNode_note 
16205      data _null_;
MPRINT(EM_DIAGRAM):    data _null_;
16206      run;
MPRINT(EM_DIAGRAM):   run;

NOTE: DATA statement used (Total process time):
      real time           0.00 seconds
      cpu time            0.00 seconds
      

traverser_runingNode_note 
16207      data _null_;
MPRINT(EM_DIAGRAM):    data _null_;
16208      run;
MPRINT(EM_DIAGRAM):   run;

NOTE: DATA statement used (Total process time):
      real time           0.00 seconds
      cpu time            0.00 seconds
      

1     %global emexceptionstring emloopmode emloopnumber;
2     %let EMUSERID = %bquote(aadwani);
3     %let EMLDSPATH = %nrstr(\\filer.uncc.edu\home\aadwani\SAS project\sas project\DataSources);
4     %let EMFLOWMODE = Y;
5     %let EMONODE = %bquote(EMCODE);
6     %let EMPATH = %nrstr(\\filer.uncc.edu\home\aadwani\SAS project\sas project\Workspaces\EMWS4);
7     %let EMWS = EMWS4;
8     %let EMNODECLASS = SASHELP.EMCORE.EMCODETOOL.CLASS;
9     %let EMSTATUSDIR = %nrstr(\\filer.uncc.edu\home\aadwani\SAS project\sas project\Workspaces\EMWS4\System);
10    %let EM_DEBUG =;
11    %let EMPROJECTCODE = %nrstr(\\filer.uncc.edu\home\aadwani\SAS project\sas project\System\STARTUP.sas);
12    %let EMSERVERCODE = %nrstr();
13    %let EM_USERID = %bquote(aadwani);
14    %let EM_METAHOST =;
15    %let EM_METAPORT =;
16    %let EM_JAVAPACKAGE = %bquote();
17    %let EMPROJECTPATH = %nrstr(\\filer.uncc.edu\home\aadwani\SAS project\sas project);
18    %let EMPROJNAME = %nrstr(sas project);
19    %let EMPROJPATH = %nrstr(\\filer.uncc.edu\home\aadwani\SAS project);
20    %let em_Train = Y;
21    %let em_Score = Y;
22    %let em_Report = Y;
23    %let emloopmode =;
24    %let emloopnumber =0;
25    %let emloopId =EMCODE;
26    %let emexceptionstring=;
27    options VBUFSIZE= 64M;
28    %em5run();

6005   %let EM_MACROS=Y;
6006   filename temp catalog 'sashelp.emutil.em_loadrunmacros.source';
6007   %include temp;
NOTE: ALT_TOOLS Macros loaded
NOTE: Test usage by running the EM_TEST macro
NOTE: Fileref _TMPHPDM has been deassigned.
NOTE: Fileref _TMPHPDM has been deassigned.
9853   filename temp;
NOTE: Fileref TEMP has been deassigned.

*------------------------------------------------------------* 
* 
* EMCODE : Running 
* datetime : 08DEC2017:14:33:10 
* 
*------------------------------------------------------------* 
9854   %let SYSCC =0;
9855   %let EMGROUPMODE =;
9856   %let EMGROUPID =;
15826  data EMWS4.EMCODE_EMTRAINVARIABLE;
15827  length NAME $64;
15828  set EMWS4.EMCODE_VariableSet;
15829  label NAME = "%sysfunc(sasmsg(sashelp.dmine, meta_name_vlabel, NOQUOTE))" ROLE = "%sysfunc(sasmsg(sashelp.dmine, meta_role_vlabel, NOQUOTE))" LEVEL = "%sysfunc(sasmsg(sashelp.dmine, meta_level_vlabel, NOQUOTE))" ORDER =
15830     "%sysfunc(sasmsg(sashelp.dmine, meta_order_vlabel, NOQUOTE))" LABEL = "%sysfunc(sasmsg(sashelp.dmine, meta_label_vlabel, NOQUOTE))";
15831  label USE = "%sysfunc(sasmsg(sashelp.dmine, META_USE_VLABEL, NOQUOTE))";
15832  label REPORT = "%sysfunc(sasmsg(sashelp.dmine, META_REPORT_VLABEL, NOQUOTE))";
15833  drop lowerlimit upperlimit creator--type format--length;
15834  run;

NOTE: There were 13 observations read from the data set EMWS4.EMCODE_VARIABLESET.
NOTE: The data set EMWS4.EMCODE_EMTRAINVARIABLE has 13 observations and 6 variables.
NOTE: DATA statement used (Total process time):
      real time           0.04 seconds
      cpu time            0.01 seconds
      

15835  %let emexceptionstring =;
*------------------------------------------------------------* 
* 
* EMCODE : End run 
* datetime : 08DEC2017:14:33:13 
* 
*------------------------------------------------------------* 
NOTE: The PROCEDURE DISPLAY printed pages 1-2.
NOTE: PROCEDURE DISPLAY used (Total process time):
      real time           3.60 seconds
      cpu time            2.14 seconds
      

15838   %put &&emexceptionstring;
 
15839   %sysrput emerror_EMCODE = &&emexceptionstring;
15840   %put &&emloopmode;
 
15841   %sysrput emloopmode_EMCODE = &&emloopmode;
NOTE: Remote submit to C3QDCRYD complete.
NOTE: Remote signoff from C3QDCRYD commencing.
NOTE: SAS Institute Inc., SAS Campus Drive, Cary, NC USA 27513-2414
NOTE: The SAS System used:
      real time           3.96 seconds
      cpu time            2.34 seconds
      
NOTE: Remote signoff from C3QDCRYD complete.
traverser_runingNode_note 
16209      data _null_;
MPRINT(EM_DIAGRAM):    data _null_;
16210      run;
MPRINT(EM_DIAGRAM):   run;

NOTE: DATA statement used (Total process time):
      real time           0.01 seconds
      cpu time            0.01 seconds
      

Node "EMCODE" ran. 
MPRINT(EM_DIAGRAM):    filename _emtool_ '\\filer.uncc.edu\home\aadwani\SAS project\sas project\Workspaces\EMWS4\EMCODE\TRAINPROPERTIES.xml' encoding="UTF-8" NOBOM;
Node "EMCODE" succeeded. 
16212      data _null_;
MPRINT(EM_DIAGRAM):    data _null_;
16213      file emwipmsg;
MPRINT(EM_DIAGRAM):   file emwipmsg;
16214      put '<Node Id="EMCODE" Event="Complete" Pid="8564" Gridid=""/>';
MPRINT(EM_DIAGRAM):   put '<Node Id="EMCODE" Event="Complete" Pid="8564" Gridid=""/>';
16215      run;
MPRINT(EM_DIAGRAM):   run;

NOTE: The file EMWIPMSG is:
      Local Host Name=upitsctxsh012,
      Local Host IP addr=fe80::8132:d136:45c0:635%12,
      Peer Hostname Name=upitsctxsh012.its.uncc.edu,
      Peer IP addr=127.0.0.1,Peer Name=N/A,
      Peer Portno=55144,Lrecl=32767,Recfm=Variable

NOTE: 1 record was written to the file EMWIPMSG.
      The minimum record length was 57.
      The maximum record length was 57.
NOTE: DATA statement used (Total process time):
      real time           0.00 seconds
      cpu time            0.00 seconds
      

Traverser: Run Completed 
NOTE: There are no active tasks/transactions.
16216      waitfor _all_ C3QDCRYD;
MPRINT(EM_DIAGRAM):    waitfor _all_ C3QDCRYD;
16217      signoff C3QDCRYD;
MPRINT(EM_DIAGRAM):   signoff;
NOTE: A link to C3QDCRYD does not exist.  SIGNOFF is not necessary.
16218      proc printto;
MPRINT(EM_DIAGRAM):   proc printto;
16219      run;
MPRINT(EM_DIAGRAM):   run;

