NOTE: PROCEDURE PRINTTO used (Total process time):
      real time           0.00 seconds
      cpu time            0.00 seconds
      

1 
Traverser: Traverser invoked.  MPCONNECT command is sas. 
Traverser: Beginning flow traversal 
*------------------------------------------------------------* 
* 
* Ids : Beginning Update 
* datetime : 08DEC2017:14:31:29 
* 
*------------------------------------------------------------* 
12639      %let _HPDMGRIDHOST=;
12640      %let _HPDMGRIDINSTALLLOC=;
12641      %let _HPDMGRIDDATASERVER=;
12642      %hpdm_gridSetOPtions;

NOTE: DATA statement used (Total process time):
      real time           0.00 seconds
      cpu time            0.00 seconds
      


*------------------------------------------------------------* 
* 
* Ids : End Update 
* datetime : 08DEC2017:14:31:30 
* 
*------------------------------------------------------------* 
traverser_readyNode_note 
*------------------------------------------------------------* 
* 
* EMCODE : Beginning Update 
* datetime : 08DEC2017:14:31:30 
* 
*------------------------------------------------------------* 
12674      %let _HPDMGRIDHOST=;
12675      %let _HPDMGRIDINSTALLLOC=;
12676      %let _HPDMGRIDDATASERVER=;
12677      %hpdm_gridSetOPtions;

NOTE: DATA statement used (Total process time):
      real time           0.00 seconds
      cpu time            0.00 seconds
      


*------------------------------------------------------------* 
* 
* EMCODE : End Update 
* datetime : 08DEC2017:14:31:30 
* 
*------------------------------------------------------------* 
Traverser: Run Completed 
12678      proc printto;
12679      run;

