 
                                                                                               
 
 
Fit Statistics

Target=RESPOND Target Label=response target

   Fit
Statistics    Statistics Label                     Train    Validation

 _AIC_        Akaike's Information Criterion    13359.81          .   
 _ASE_        Average Squared Error                 0.05         0.05 
 _AVERR_      Average Error Function                0.21         0.21 
 _DFE_        Degrees of Freedom for Error      32225.00          .   
 _DFM_        Model Degrees of Freedom             10.00          .   
 _DFT_        Total Degrees of Freedom          32235.00          .   
 _DIV_        Divisor for ASE                   64470.00     32242.00 
 _ERR_        Error Function                    13339.81      6720.68 
 _FPE_        Final Prediction Error                0.05          .   
 _MAX_        Maximum Absolute Error                0.99         0.99 
 _MSE_        Mean Square Error                     0.05         0.05 
 _NOBS_       Sum of Frequencies                32235.00     16121.00 
 _NW_         Number of Estimate Weights           10.00          .   
 _RASE_       Root Average Sum of Squares           0.23         0.23 
 _RFPE_       Root Final Prediction Error           0.23          .   
 _RMSE_       Root Mean Squared Error               0.23         0.23 
 _SBC_        Schwarz's Bayesian Criterion      13443.62          .   
 _SSE_        Sum of Squared Errors              3342.42      1678.99 
 _SUMW_       Sum of Case Weights Times Freq    64470.00     32242.00 
 _MISC_       Misclassification Rate                0.06         0.06 
 
                                                                                               
 
 
Classification Table

Data Role=TRAIN Target Variable=RESPOND Target Label=response target

                       Target        Outcome     Frequency       Total
Target    Outcome    Percentage    Percentage      Count      Percentage

  0          0         94.3823       99.9441       30393        94.2857 
  1          0          5.6177       99.1233        1809         5.6119 
  0          1         51.5152        0.0559          17         0.0527 
  1          1         48.4848        0.8767          16         0.0496 


Data Role=VALIDATE Target Variable=RESPOND Target Label=response target

                       Target        Outcome     Frequency       Total
Target    Outcome    Percentage    Percentage      Count      Percentage

  0          0         94.3675       99.9277       15196        94.2621 
  1          0          5.6325       99.2341         907         5.6262 
  0          1         61.1111        0.0723          11         0.0682 
  1          1         38.8889        0.7659           7         0.0434 
 
                                                                                               
 
 
Event Classification Table

Data Role=TRAIN Target=RESPOND Target Label=response target

  False       True        False       True
Negative    Negative    Positive    Positive

  1809        30393        17          16   


Data Role=VALIDATE Target=RESPOND Target Label=response target

  False       True        False       True
Negative    Negative    Positive    Positive

   907        15196        11           7   
 
                                                                                               
 
 
Assessment Score Rankings

Data Role=TRAIN Target Variable=RESPOND Target Label=response target

                                                                                    Mean
                            Cumulative       %      Cumulative     Number of     Posterior
Depth      Gain     Lift       Lift      Response   % Response   Observations   Probability

   5    228.716   3.28716     3.28716     18.6104     18.6104        1612         0.18264  
  10    163.521   1.98325     2.63521     11.2283     14.9194        1612         0.10114  
  15    131.197   1.66550     2.31197      9.4293     13.0893        1612         0.08361  
  20    107.397   1.35954     2.07397      7.6971     11.7419        1611         0.07324  
  25     87.391   1.07381     1.87391      6.0794     10.6093        1612         0.06867  
  30     73.872   1.06285     1.73872      6.0174      9.8439        1612         0.06321  
  35     64.060   1.05189     1.64060      5.9553      9.2883        1612         0.05747  
  40     55.753   0.97580     1.55753      5.5245      8.8181        1611         0.05417  
  45     47.699   0.83275     1.47699      4.7146      8.3621        1612         0.05077  
  50     40.160   0.72318     1.40160      4.0943      7.9352        1612         0.04840  
  55     35.187   0.85466     1.35187      4.8387      7.6537        1612         0.04639  
  60     29.680   0.69073     1.29680      3.9106      7.3419        1611         0.04447  
  65     24.761   0.65743     1.24761      3.7221      7.0634        1612         0.04132  
  70     20.154   0.60265     1.20154      3.4119      6.8026        1612         0.03939  
  75     16.453   0.64648     1.16453      3.6600      6.5930        1612         0.03783  
  80     13.014   0.61398     1.13014      3.4761      6.3983        1611         0.03567  
  85      9.910   0.60265     1.09910      3.4119      6.2226        1612         0.03292  
  90      6.178   0.42733     1.06178      2.4194      6.0113        1612         0.02938  
  95      3.127   0.48212     1.03127      2.7295      5.8386        1612         0.02448  
 100      0.000   0.40567     1.00000      2.2967      5.6615        1611         0.01711  


Data Role=VALIDATE Target Variable=RESPOND Target Label=response target

                                                                                    Mean
                            Cumulative       %      Cumulative     Number of     Posterior
Depth      Gain     Lift       Lift      Response   % Response   Observations   Probability

   5    238.769   3.38769     3.38769     19.2069     19.2069         807         0.18722  
  10    156.968   1.75066     2.56968      9.9256     14.5691         806         0.10152  
  15    122.387   1.53182     2.22387      8.6849     12.6085         806         0.08405  
  20     94.153   1.09416     1.94153      6.2035     11.0078         806         0.07394  
  25     73.272   0.89721     1.73272      5.0868      9.8239         806         0.06882  
  30     65.913   1.29111     1.65913      7.3201      9.4067         806         0.06360  
  35     57.219   1.05039     1.57219      5.9553      8.9137         806         0.05777  
  40     49.603   0.96286     1.49603      5.4591      8.4819         806         0.05432  
  45     40.519   0.67838     1.40519      3.8462      7.9669         806         0.05097  
  50     35.221   0.87533     1.35221      4.9628      7.6665         806         0.04856  
  55     30.688   0.85344     1.30688      4.8387      7.4095         806         0.04637  
  60     26.545   0.80968     1.26545      4.5906      7.1746         806         0.04450  
  65     23.207   0.83156     1.23207      4.7146      6.9854         806         0.04139  
  70     18.628   0.59085     1.18628      3.3499      6.7257         806         0.03943  
  75     14.367   0.54708     1.14367      3.1017      6.4842         806         0.03784  
  80     11.869   0.74403     1.11869      4.2184      6.3426         806         0.03548  
  85      8.507   0.54708     1.08507      3.1017      6.1519         806         0.03274  
  90      6.005   0.63461     1.06005      3.5980      6.0101         806         0.02924  
  95      2.729   0.43766     1.02729      2.4814      5.8244         806         0.02423  
 100      0.000   0.48143     1.00000      2.7295      5.6696         806         0.01701  
 
                                                                                               
 
 
Assessment Score Distribution

Data Role=TRAIN Target Variable=RESPOND Target Label=response target

 Posterior     Number                     Mean
Probability      of      Number of     Posterior
   Range       Events    Nonevents    Probability    Percentage

 0.95-1.00         2           0        0.98910         0.0062 
 0.90-0.95         1           0        0.90282         0.0031 
 0.85-0.90         1           0        0.87309         0.0031 
 0.80-0.85         1           0        0.83536         0.0031 
 0.75-0.80         1           0        0.77128         0.0031 
 0.70-0.75         0           2        0.74627         0.0062 
 0.65-0.70         1           4        0.66491         0.0155 
 0.60-0.65         4           1        0.63541         0.0155 
 0.55-0.60         1           3        0.56863         0.0124 
 0.50-0.55         4           7        0.52464         0.0341 
 0.45-0.50         3          12        0.47530         0.0465 
 0.40-0.45         7          16        0.42163         0.0714 
 0.35-0.40        16           8        0.37290         0.0745 
 0.30-0.35        10          24        0.31874         0.1055 
 0.25-0.30        17          55        0.27291         0.2234 
 0.20-0.25        34         126        0.22153         0.4964 
 0.15-0.20        78         366        0.17106         1.3774 
 0.10-0.15       228        1383        0.11905         4.9977 
 0.05-0.10       797       11059        0.06681        36.7799 
 0.00-0.05       619       17344        0.03630        55.7251 


Data Role=VALIDATE Target Variable=RESPOND Target Label=response target

 Posterior     Number                     Mean
Probability      of      Number of     Posterior
   Range       Events    Nonevents    Probability    Percentage

 0.95-1.00         1           1        0.97747         0.0124 
 0.85-0.90         1           0        0.87690         0.0062 
 0.75-0.80         1           3        0.78220         0.0248 
 0.70-0.75         0           1        0.72548         0.0062 
 0.65-0.70         1           0        0.65182         0.0062 
 0.60-0.65         0           1        0.61973         0.0062 
 0.55-0.60         1           3        0.56834         0.0248 
 0.50-0.55         2           2        0.52185         0.0248 
 0.45-0.50         6           4        0.47017         0.0620 
 0.40-0.45         0           5        0.41922         0.0310 
 0.35-0.40         6           7        0.37377         0.0806 
 0.30-0.35         9          16        0.32055         0.1551 
 0.25-0.30         8          30        0.27054         0.2357 
 0.20-0.25        21          74        0.22010         0.5893 
 0.15-0.20        45         191        0.16904         1.4639 
 0.10-0.15       108         654        0.11904         4.7268 
 0.05-0.10       367        5636        0.06699        37.2371 
 0.00-0.05       337        8579        0.03615        55.3067 
