*------------------------------------------------------------*
* Report Log
Date:                December 08, 2017
Time:                02:41:39
*------------------------------------------------------------*
12129  data EMWS2.Reg_EMOUTFIT;
12130  length TARGET $32;
12131  set EMWS2.Reg_EMESTIMATE end=eof;
12132  where (_TYPE_='PARMS');
12133  drop _STEP_--UNITSLAP;
12134  if eof then do;
12135  TARGET = "RESPOND";
12136  output;
12137  end;
12138  run;

NOTE: There were 13 observations read from the data set EMWS2.REG_EMESTIMATE.
      WHERE _TYPE_='PARMS';
NOTE: The data set EMWS2.REG_EMOUTFIT has 1 observations and 33 variables.
NOTE: DATA statement used (Total process time):
      real time           0.03 seconds
      cpu time            0.01 seconds
      

12139  data EMWS2.Reg_EMOUTFIT;
12140  set EMWS2.Reg_EMOUTFIT;
12141  length TargetLabel $200;
12142  label targetLabel = "%sysfunc(sasmsg(sashelp.dmine, meta_targetlabel_vlabel, NOQUOTE))";
12143  if upcase(TARGET) eq "RESPOND" then TargetLabel = 'response target';
12144  run;

NOTE: There were 1 observations read from the data set EMWS2.REG_EMOUTFIT.
NOTE: The data set EMWS2.REG_EMOUTFIT has 1 observations and 34 variables.
NOTE: DATA statement used (Total process time):
      real time           0.03 seconds
      cpu time            0.03 seconds
      

12145  proc sort data=EMWS2.Reg_EMREPORTFIT nothreads;
12146  by TARGET;
12147  run;

NOTE: There were 20 observations read from the data set EMWS2.REG_EMREPORTFIT.
NOTE: The data set EMWS2.REG_EMREPORTFIT has 20 observations and 7 variables.
NOTE: PROCEDURE SORT used (Total process time):
      real time           0.03 seconds
      cpu time            0.00 seconds
      

12148  %let _EMwarndup = 0;
12149  %let _EMtargetdup =;
12150  %let _EMASEtargetdup =;
12151  data _null_;
12152  set EMWS2.Reg_EMOUTFIT;
12153  if .<_ASE_<0.000001 then do;
12154  call symput('_EMwarndup', '1');
12155  call symput('_EMtargetdup', target);
12156  call symput('_EMASEtargetdup', put(_ASE_, best.));
12157  end;
12158  run;

NOTE: There were 1 observations read from the data set EMWS2.REG_EMOUTFIT.
NOTE: DATA statement used (Total process time):
      real time           0.00 seconds
      cpu time            0.00 seconds
      

12159  proc sort data=EMWS2.VarClus_CMeta_TRAIN out=WORK.SUBSETINMETA;
12160  by NAME;
12161  run;

NOTE: There were 37 observations read from the data set EMWS2.VARCLUS_CMETA_TRAIN.
NOTE: The data set WORK.SUBSETINMETA has 37 observations and 20 variables.
NOTE: PROCEDURE SORT used (Total process time):
      real time           0.00 seconds
      cpu time            0.00 seconds
      

12162  proc sort data=EMWS2.Reg_VariableSet out=WORK.SUBSETVARSET(keep=NAME REPORT);
12163  by NAME;
12164  run;

NOTE: There were 35 observations read from the data set EMWS2.REG_VARIABLESET.
NOTE: The data set WORK.SUBSETVARSET has 35 observations and 2 variables.
NOTE: PROCEDURE SORT used (Total process time):
      real time           0.00 seconds
      cpu time            0.00 seconds
      

12165  data WORK.ASSESS_META;
12166  merge WORK.SUBSETINMETA WORK.SUBSETVARSET;
12167  by NAME;
12168  run;

NOTE: There were 37 observations read from the data set WORK.SUBSETINMETA.
NOTE: There were 35 observations read from the data set WORK.SUBSETVARSET.
NOTE: The data set WORK.ASSESS_META has 37 observations and 20 variables.
NOTE: DATA statement used (Total process time):
      real time           0.00 seconds
      cpu time            0.00 seconds
      

12169  data EM_temp_assessMeta;
12170  set EMWS2.Reg_CMeta_TRAIN;
12171  where role in('DECISION', 'PREDICT', 'RESIDUAL', 'CLASSIFICATION', 'ASSESS', 'COST');
12172  run;

NOTE: There were 8 observations read from the data set EMWS2.REG_CMETA_TRAIN.
      WHERE role in ('ASSESS', 'CLASSIFICATION', 'COST', 'DECISION', 'PREDICT', 'RESIDUAL');
NOTE: The data set WORK.EM_TEMP_ASSESSMETA has 8 observations and 21 variables.
NOTE: DATA statement used (Total process time):
      real time           0.00 seconds
      cpu time            0.00 seconds
      

12173  data EM_temp_assessdata;
12174  set EMWS2.Reg_TRAIN(keep=
12175  F_RESPOND
12176  I_RESPOND
12177  P_RESPOND0
12178  P_RESPOND1
12179  R_RESPOND0
12180  R_RESPOND1
12181  U_RESPOND
12182  _WARN_
12183  RESPOND
12184  );
12185  run;

NOTE: There were 32235 observations read from the data set EMWS2.PART_TRAIN.
NOTE: View EMWS2.REG_TRAIN.VIEW used (Total process time):
      real time           0.15 seconds
      cpu time            0.15 seconds
      
NOTE: There were 32235 observations read from the data set EMWS2.VARCLUS_TRAIN.
NOTE: There were 32235 observations read from the data set EMWS2.REG_TRAIN.
NOTE: The data set WORK.EM_TEMP_ASSESSDATA has 32235 observations and 9 variables.
NOTE: DATA statement used (Total process time):
      real time           0.17 seconds
      cpu time            0.17 seconds
      
















16470  data EM_temp_assessMeta;
16471  set EMWS2.Reg_CMeta_TRAIN;
16472  where role in('DECISION', 'PREDICT', 'RESIDUAL', 'CLASSIFICATION', 'ASSESS', 'COST');
16473  run;

NOTE: There were 8 observations read from the data set EMWS2.REG_CMETA_TRAIN.
      WHERE role in ('ASSESS', 'CLASSIFICATION', 'COST', 'DECISION', 'PREDICT', 'RESIDUAL');
NOTE: The data set WORK.EM_TEMP_ASSESSMETA has 8 observations and 21 variables.
NOTE: DATA statement used (Total process time):
      real time           0.00 seconds
      cpu time            0.00 seconds
      

16474  data EM_temp_assessdata;
16475  set EMWS2.Reg_VALIDATE(keep=
16476  F_RESPOND
16477  I_RESPOND
16478  P_RESPOND0
16479  P_RESPOND1
16480  R_RESPOND0
16481  R_RESPOND1
16482  U_RESPOND
16483  _WARN_
16484  RESPOND
16485  );
16486  run;

NOTE: There were 16121 observations read from the data set EMWS2.PART_VALIDATE.
NOTE: View EMWS2.REG_VALIDATE.VIEW used (Total process time):
      real time           0.09 seconds
      cpu time            0.09 seconds
      
NOTE: There were 16121 observations read from the data set EMWS2.VARCLUS_VALIDATE.
NOTE: There were 16121 observations read from the data set EMWS2.REG_VALIDATE.
NOTE: The data set WORK.EM_TEMP_ASSESSDATA has 16121 observations and 9 variables.
NOTE: DATA statement used (Total process time):
      real time           0.10 seconds
      cpu time            0.10 seconds
      
















20780  %let _cn = %sysfunc(getoption(CENTER));
20781  options nocenter;
20782  proc print data=EMWS2.Reg_EMREPORTFIT noobs label;
20783  var STAT LABEL TRAIN
20784  VALIDATE
20785  ;
20786  by TARGET TARGETLABEL;
20787  title9 ' ';
20788  title10 "%sysfunc(sasmsg(sashelp.dmine, rpt_fitstat_title  , NOQUOTE))";
20789  run;

NOTE: There were 20 observations read from the data set EMWS2.REG_EMREPORTFIT.
NOTE: The PROCEDURE PRINT printed page 17.
NOTE: PROCEDURE PRINT used (Total process time):
      real time           0.00 seconds
      cpu time            0.00 seconds
      

20790  title10;
20791  options &_cn;

20792  proc sort data=EMWS2.Reg_EMCLASSIFICATION nothreads;
20793  by DATAROLE TARGET TARGETLABEL;
20794  run;

NOTE: There were 8 observations read from the data set EMWS2.REG_EMCLASSIFICATION.
NOTE: The data set EMWS2.REG_EMCLASSIFICATION has 8 observations and 12 variables.
NOTE: PROCEDURE SORT used (Total process time):
      real time           0.01 seconds
      cpu time            0.00 seconds
      

20795  %let _cn = %sysfunc(getoption(CENTER));
20796  options nocenter;
20797  proc print data=EMWS2.Reg_EMCLASSIFICATION noobs label;
20798  var from into pct_row pct_col count percent
20799  ;
20800  by DATAROLE TARGET TARGETLABEL;
20801  label FROM = "%sysfunc(sasmsg(sashelp.dmine, rpt_target_vlabel ,     NOQUOTE))";
20802  label INTO = "%sysfunc(sasmsg(sashelp.dmine, rpt_outcome_vlabel ,    NOQUOTE))";
20803  label PCT_ROW = "%sysfunc(sasmsg(sashelp.dmine, rpt_targetpct_vlabel ,  NOQUOTE))";
20804  label PCT_COL = "%sysfunc(sasmsg(sashelp.dmine, rpt_outcomepct_vlabel , NOQUOTE))";
20805  label COUNT = "%sysfunc(sasmsg(sashelp.dmine, rpt_count_vlabel ,      NOQUOTE))";
20806  label PERCENT = "%sysfunc(sasmsg(sashelp.dmine, rpt_totalpct_vlabel ,   NOQUOTE))";
20807  where _TYPE_='PREDICTION';
20808  title9 ' ';
20809  title10 "%sysfunc(sasmsg(sashelp.dmine, rpt_classification_title    , NOQUOTE))";
20810  run;

NOTE: There were 8 observations read from the data set EMWS2.REG_EMCLASSIFICATION.
      WHERE _TYPE_='PREDICTION';
NOTE: The PROCEDURE PRINT printed page 18.
NOTE: PROCEDURE PRINT used (Total process time):
      real time           0.01 seconds
      cpu time            0.00 seconds
      

20811  title9;
20812  title10;
20813  options &_cn;

20814  %let _cn = %sysfunc(getoption(CENTER));
20815  options nocenter;
20816  data EMWS2.Reg_EMEVENTREPORT;
20817  length DATAROLE TARGET $32 TARGETLABEL $200 FALSENEVENT TRUENEVENT FALSEEVENT TRUEEVENT
20817! 8;
20818  label DATAROLE = "%sysfunc(sasmsg(sashelp.dmine, rpt_datarole_vlabel ,    NOQUOTE))"
20818! TARGET = "%sysfunc(sasmsg(sashelp.dmine, rpt_target_vlabel ,      NOQUOTE))" TARGETLABEL
20818!  = "%sysfunc(sasmsg(sashelp.dmine, meta_targetlabel_vlabel, NOQUOTE))" FALSEEVENT
20819  = "%sysfunc(sasmsg(sashelp.dmine, rpt_falseevent_vlabel ,  NOQUOTE))" FALSENEVENT =
20819! "%sysfunc(sasmsg(sashelp.dmine, rpt_falsenevent_vlabel , NOQUOTE))" TRUEEVENT =
20819! "%sysfunc(sasmsg(sashelp.dmine, rpt_trueevent_vlabel ,   NOQUOTE))" TRUENEVENT =
20820     "%sysfunc(sasmsg(sashelp.dmine, rpt_truenevent_vlabel ,  NOQUOTE))";
20821  FALSEEVENT=0;
20822  FALSENEVENT=0;
20823  TRUEEVENT=0;
20824  TRUENEVENT=0;
20825  set EMWS2.Reg_EMEVENTREPORT;
20826  run;

NOTE: There were 2 observations read from the data set EMWS2.REG_EMEVENTREPORT.
NOTE: The data set EMWS2.REG_EMEVENTREPORT has 2 observations and 7 variables.
NOTE: DATA statement used (Total process time):
      real time           0.03 seconds
      cpu time            0.01 seconds
      

20827  proc print data=EMWS2.Reg_EMEVENTREPORT noobs label;
20828  title9 ' ';
20829  title10 "%sysfunc(sasmsg(sashelp.dmine, rpt_eventtable_title    , NOQUOTE))";
20830  by notsorted DATAROLE notsorted TARGET notsorted TARGETLABEL;
20831  run;

NOTE: There were 2 observations read from the data set EMWS2.REG_EMEVENTREPORT.
NOTE: The PROCEDURE PRINT printed page 19.
NOTE: PROCEDURE PRINT used (Total process time):
      real time           0.01 seconds
      cpu time            0.01 seconds
      

20832  title10;
20833  options &_cn;

20834  proc datasets library=EMWS2 nolist;
20835  modify Reg_EMRANK;
20836  label target = "%sysfunc(sasmsg(sashelp.dmine, rpt_targetvar_vlabel ,   NOQUOTE))";
20837  label datarole = "%sysfunc(sasmsg(sashelp.dmine, rpt_datarole_vlabel ,    NOQUOTE))";
20838  run;

NOTE: MODIFY was successful for EMWS2.REG_EMRANK.DATA.
20839  quit;

NOTE: PROCEDURE DATASETS used (Total process time):
      real time           0.04 seconds
      cpu time            0.01 seconds
      

20840  %let _cn = %sysfunc(getoption(CENTER));
20841  options nocenter;
20842  proc print data=EMWS2.Reg_EMRANK label noobs;
20843  var
20844  decile gain lift liftc resp respc N _meanP_;
20845  by
20846  notsorted DATAROLE
20847  notsorted TARGET
20848  notsorted TARGETLABEL
20849  ;
20850  title9 ' ';
20851  title10 "%sysfunc(sasmsg(sashelp.dmine, rpt_scoreranking_title , NOQUOTE))";
20852  run;

NOTE: There were 40 observations read from the data set EMWS2.REG_EMRANK.
NOTE: The PROCEDURE PRINT printed page 20.
NOTE: PROCEDURE PRINT used (Total process time):
      real time           0.01 seconds
      cpu time            0.00 seconds
      

20853  title10;
20854  options &_cn;

20855  proc datasets library=EMWS2 nolist;
20856  modify Reg_EMSCOREDIST;
20857  label target = "%sysfunc(sasmsg(sashelp.dmine, rpt_targetvar_vlabel ,      NOQUOTE))";
20858  label datarole = "%sysfunc(sasmsg(sashelp.dmine, rpt_datarole_vlabel ,    NOQUOTE))";
20859  run;

NOTE: MODIFY was successful for EMWS2.REG_EMSCOREDIST.DATA.
20860  quit;

NOTE: PROCEDURE DATASETS used (Total process time):
      real time           0.04 seconds
      cpu time            0.03 seconds
      

