*------------------------------------------------------------*
* Score Log
Date:                December 08, 2017
Time:                02:41:38
*------------------------------------------------------------*
11289  proc transpose data=EMWS2.Reg_EMESTIMATE out=WORK.TEMPREG;
11290  where _CHOSEN_ ne '' and _TYPE_='PARMS';
11291  run;

NOTE: There were 1 observations read from the data set EMWS2.REG_EMESTIMATE.
      WHERE (_CHOSEN_ not = ' ') and (_TYPE_='PARMS');
NOTE: The data set WORK.TEMPREG has 68 observations and 3 variables.
NOTE: PROCEDURE TRANSPOSE used (Total process time):
      real time           0.01 seconds
      cpu time            0.01 seconds
      

11292  proc transpose data=EMWS2.Reg_MAPDS out=WORK.TEMPREG2(rename=(TARGET=_TARGET_));
11293  var "ACTBUY"n--"UNITSLAP"n;
11294  run;

WARNING: The variable TARGET in the DROP, KEEP, or RENAME list has never been referenced.
NOTE: There were 2 observations read from the data set EMWS2.REG_MAPDS.
NOTE: The data set WORK.TEMPREG2 has 34 observations and 4 variables.
NOTE: PROCEDURE TRANSPOSE used (Total process time):
      real time           0.00 seconds
      cpu time            0.00 seconds
      

11295  proc sort data=WORK.TEMPREG NOTHREADS;
11296  by _NAME_;
11297  run;

NOTE: There were 68 observations read from the data set WORK.TEMPREG.
NOTE: The data set WORK.TEMPREG has 68 observations and 3 variables.
NOTE: PROCEDURE SORT used (Total process time):
      real time           0.00 seconds
      cpu time            0.00 seconds
      

11298  proc sort data=WORK.TEMPREG2 NOTHREADS;
11299  by _NAME_;
11300  run;

NOTE: There were 34 observations read from the data set WORK.TEMPREG2.
NOTE: The data set WORK.TEMPREG2 has 34 observations and 4 variables.
NOTE: PROCEDURE SORT used (Total process time):
      real time           0.01 seconds
      cpu time            0.01 seconds
      

11301  data WORK.TEMPREG3;
11302  merge WORK.TEMPREG(in=ina) WORK.TEMPREG2(in=inb);
11303  by _NAME_;
11304  if (ina and inb) and RESPOND ne . then output;
11305  run;

NOTE: There were 68 observations read from the data set WORK.TEMPREG.
NOTE: There were 34 observations read from the data set WORK.TEMPREG2.
NOTE: The data set WORK.TEMPREG3 has 9 observations and 5 variables.
NOTE: DATA statement used (Total process time):
      real time           0.00 seconds
      cpu time            0.00 seconds
      

11306  data WORK.TEMPREG3(KEEP=TERM);
11307  length term $32;
11308  set WORK.TEMPREG3;
11309  i=1;
11310  do while( scan(input , i, '*') ne '' );
11311  term= scan(input , i, '*');
11312  i=i+1;
11313  output;
11314  end;
11315  run;

NOTE: There were 9 observations read from the data set WORK.TEMPREG3.
NOTE: The data set WORK.TEMPREG3 has 9 observations and 1 variables.
NOTE: DATA statement used (Total process time):
      real time           0.00 seconds
      cpu time            0.00 seconds
      

11316  proc sort data=WORK.TEMPREG3 nodupkey NOTHREADS;
11317  by TERM;
11318  run;

NOTE: There were 9 observations read from the data set WORK.TEMPREG3.
NOTE: 0 observations with duplicate key values were deleted.
NOTE: The data set WORK.TEMPREG3 has 9 observations and 1 variables.
NOTE: PROCEDURE SORT used (Total process time):
      real time           0.00 seconds
      cpu time            0.00 seconds
      

11319  filename emflow "\\filer.uncc.edu\home\aadwani\SAS project\sas project\Workspaces\EMWS2\Reg\EMFLOWSCORE.sas";
11320  *------------------------------------------------------------*;
11321  * Reg: Scoring DATA data;
11322  *------------------------------------------------------------*;
11323  data EMWS2.Reg_TRAIN
11324  / view=EMWS2.Reg_TRAIN
11325  ;
11326  set EMWS2.VarClus_TRAIN
11327  ;
11328  %inc emflow;
11515  run;

NOTE: DATA STEP view saved on file EMWS2.REG_TRAIN.
NOTE: A stored DATA STEP view cannot run under a different operating system.
NOTE: View EMWS2.VARCLUS_TRAIN.VIEW used (Total process time):
      real time           0.04 seconds
      cpu time            0.03 seconds
      
NOTE: DATA statement used (Total process time):
      real time           0.06 seconds
      cpu time            0.03 seconds
      

11516  quit;
11517  filename emflow;
NOTE: Fileref EMFLOW has been deassigned.

11518  filename emflow "\\filer.uncc.edu\home\aadwani\SAS project\sas project\Workspaces\EMWS2\Reg\EMFLOWSCORE.sas";
11519  *------------------------------------------------------------*;
11520  * Reg: Scoring VALIDATE data;
11521  *------------------------------------------------------------*;
11522  data EMWS2.Reg_VALIDATE
11523  / view=EMWS2.Reg_VALIDATE
11524  ;
11525  set EMWS2.VarClus_VALIDATE
11526  ;
11527  %inc emflow;
11714  run;

NOTE: DATA STEP view saved on file EMWS2.REG_VALIDATE.
NOTE: A stored DATA STEP view cannot run under a different operating system.
NOTE: View EMWS2.VARCLUS_VALIDATE.VIEW used (Total process time):
      real time           0.04 seconds
      cpu time            0.03 seconds
      
NOTE: DATA statement used (Total process time):
      real time           0.04 seconds
      cpu time            0.03 seconds
      

11715  quit;
11716  filename emflow;
NOTE: Fileref EMFLOW has been deassigned.

11717  *------------------------------------------------------------*;
11718  * Reg: Computing metadata for TRAIN data;
11719  *------------------------------------------------------------*;

NOTE: View EMWS2.REG_TRAIN.VIEW used (Total process time):
      real time           0.06 seconds
      cpu time            0.06 seconds
      
12081  data EMWS2.Reg_EMINFO;
12082  length TARGET KEY $32 DATA $43;
12083  input TARGET KEY DATA $;
12084  cards;

NOTE: The data set EMWS2.REG_EMINFO has 3 observations and 3 variables.
NOTE: DATA statement used (Total process time):
      real time           0.01 seconds
      cpu time            0.00 seconds
      

12088  run;
12089  proc sort data = EMWS2.Reg_EMINFO NOTHREADS;
12090  by TARGET KEY;
12091  run;

NOTE: There were 3 observations read from the data set EMWS2.REG_EMINFO.
NOTE: The data set EMWS2.REG_EMINFO has 3 observations and 3 variables.
NOTE: PROCEDURE SORT used (Total process time):
      real time           0.03 seconds
      cpu time            0.00 seconds
      

12092  proc sort data = EMWS2.Ids_EMINFO OUT=WORK.SORTEDEMINFO NOTHREADS;
12093  by TARGET KEY;
12094  run;

NOTE: There were 3 observations read from the data set EMWS2.IDS_EMINFO.
NOTE: The data set WORK.SORTEDEMINFO has 3 observations and 3 variables.
NOTE: PROCEDURE SORT used (Total process time):
      real time           0.01 seconds
      cpu time            0.01 seconds
      

12095  proc sort data = EMWS2.Reg_EMINFO OUT=WORK.TEMP_INFO NOTHREADS;
12096  by TARGET KEY;
12097  run;

NOTE: Input data set is already sorted; it has been copied to the output data set.
NOTE: There were 3 observations read from the data set EMWS2.REG_EMINFO.
NOTE: The data set WORK.TEMP_INFO has 3 observations and 3 variables.
NOTE: PROCEDURE SORT used (Total process time):
      real time           0.00 seconds
      cpu time            0.00 seconds
      

12098  data EMWS2.Reg_EMINFO;
12099  merge WORK.SORTEDEMINFO WORK.TEMP_INFO;
12100  by TARGET KEY;
12101  run;

NOTE: There were 3 observations read from the data set WORK.SORTEDEMINFO.
NOTE: There were 3 observations read from the data set WORK.TEMP_INFO.
NOTE: The data set EMWS2.REG_EMINFO has 4 observations and 3 variables.
NOTE: DATA statement used (Total process time):
      real time           0.03 seconds
      cpu time            0.00 seconds
      

12102  proc datasets lib=work nolist;
12103  delete TEMP_INFO SORTEDEMINFO;
12104  run;

NOTE: Deleting WORK.TEMP_INFO (memtype=DATA).
NOTE: Deleting WORK.SORTEDEMINFO (memtype=DATA).
12105  quit;

NOTE: PROCEDURE DATASETS used (Total process time):
      real time           0.00 seconds
      cpu time            0.00 seconds
      

NOTE: View EMWS2.REG_TRAIN.VIEW used (Total process time):
      real time           0.06 seconds
      cpu time            0.06 seconds
      
NOTE: View EMWS2.REG_VALIDATE.VIEW used (Total process time):
      real time           0.04 seconds
      cpu time            0.04 seconds
      
