*------------------------------------------------------------*
* Score Log
Date:                November 13, 2017
Time:                14:30:41
*------------------------------------------------------------*
11542  *------------------------------------------------------------*;
11543  * Ids: Computing metadata for DATA data;
11544  *------------------------------------------------------------*;

NOTE: View EMWS1.IDS_DATA.VIEW used (Total process time):
      real time           0.05 seconds
      cpu time            0.00 seconds
      
11545  data EMWS1.Ids_EMINFO;
11546  length TARGET KEY $32 DATA $43;
11547  TARGET="";
11548  KEY="IDSTABLE";
11549  DATA="BIA.CATALOG2010";
11550  output;
11551  TARGET="RESPOND";
11552  KEY="DECDATA";
11553  DATA="EMWS1.Ids_RESPOND_DD";
11554  output;
11555  TARGET="RESPOND";
11556  KEY="DECMETA";
11557  DATA="EMWS1.Ids_RESPOND_DM";
11558  output;
11559  run;

NOTE: The data set EMWS1.IDS_EMINFO has 3 observations and 3 variables.
NOTE: DATA statement used (Total process time):
      real time           0.09 seconds
      cpu time            0.00 seconds
      

NOTE: View EMWS1.IDS_DATA.VIEW used (Total process time):
      real time           0.00 seconds
      cpu time            0.01 seconds
      
11560  data EMWS1.Ids_CMeta_DATA;
11561  set EMWS1.Ids_VariableSet;
11562  drop DROP;
11563  where DROP='N';
11564  run;

NOTE: There were 98 observations read from the data set EMWS1.IDS_VARIABLESET.
      WHERE DROP='N';
NOTE: The data set EMWS1.IDS_CMETA_DATA has 98 observations and 20 variables.
NOTE: DATA statement used (Total process time):
      real time           0.11 seconds
      cpu time            0.00 seconds
      

