NOTE: PROCEDURE PRINTTO used (Total process time):
      real time           0.00 seconds
      cpu time            0.00 seconds
      

NOTE: 1627794 kilobytes of physical memory.
NOTE: The subtree sequence contains 26 subtrees. The largest has 51 nodes and 26 leaves.
NOTE: Will use 32235 out of 32235 training cases.
NOTE: Using memory pool with 1642619904 bytes.
NOTE: The subtree sequence contains 26 subtrees. The largest has 51 nodes and 26 leaves.
NOTE: Using subtree with 51 nodes and 26 leaves.
NOTE: Created macro variable NLEAVES equal to 26.
NOTE: The data set EMWS2.TREE_OUTIMPORT has 92 observations and 6 variables.
NOTE: The data set EMWS2.TREE_EMTREE has 2323 observations and 4 variables.
NOTE: The data set EMWS2.TREE_OUTNODES has 51 observations and 24 variables.
NOTE: The data set EMWS2.TREE_OUTPATH has 343 observations and 7 variables.
NOTE: The data set EMWS2.TREE_OUTRULES has 656 observations and 6 variables.
NOTE: The data set EMWS2.TREE_OUTSEQ has 26 observations and 20 variables.
NOTE: The data set EMWS2.TREE_OUTSTATS has 357 observations and 5 variables.
NOTE: The data set EMWS2.TREE_OUTSUMMARY has 24 observations and 6 variables.
NOTE: The data set EMWS2.TREE_OUTTOPOLOGY has 51 observations and 5 variables.
NOTE: External file \\filer.uncc.edu\home\aadwani\SAS project\sas project\Workspaces\EMWS2\Tree\TREEFLOW.sas opened.
NOTE: External file \\filer.uncc.edu\home\aadwani\SAS project\sas project\Workspaces\EMWS2\Tree\TREEPUBLISH.sas opened.
NOTE: The data set WORK.FIT_TRAIN has 1 observations and 10 variables.
NOTE: The data set WORK.FIT_VALID has 1 observations and 8 variables.


NOTE: There were 32235 observations read from the data set EMWS2.PART_TRAIN.
NOTE: The data set WORK._NAMEDAT has 2 observations and 5 variables.
NOTE: PROCEDURE ARBOR used (Total process time):
      real time           0.93 seconds
      cpu time            0.53 seconds
      


NOTE: There were 1 observations read from the data set EMWS2.TREE_VARIABLESET.
      WHERE ROLE='TARGET';
NOTE: The data set WORK.TEMPTARGET has 1 observations and 21 variables.
NOTE: DATA statement used (Total process time):
      real time           0.01 seconds
      cpu time            0.01 seconds
      


NOTE: There were 1 observations read from the data set WORK.FIT_TRAIN.
NOTE: There were 1 observations read from the data set WORK.FIT_VALID.
NOTE: The data set EMWS2.TREE_EMOUTFIT has 1 observations and 16 variables.
NOTE: DATA statement used (Total process time):
      real time           0.01 seconds
      cpu time            0.00 seconds
      


NOTE: Deleting WORK.FIT_VALID (memtype=DATA).

NOTE: PROCEDURE DATASETS used (Total process time):
      real time           0.00 seconds
      cpu time            0.00 seconds
      


NOTE: Variable cvimportance is uninitialized.
NOTE: Variable nsurrogates is uninitialized.
NOTE: There were 2 observations read from the data set EMWS2.TREE_OUTIMPORT.
NOTE: DATA statement used (Total process time):
      real time           0.00 seconds
      cpu time            0.00 seconds
      


NOTE: There were 18 observations read from the data set EMWS2.TREE_OUTIMPORT.
      WHERE nrules>0;
NOTE: The PROCEDURE PRINT printed page 1.
NOTE: PROCEDURE PRINT used (Total process time):
      real time           0.01 seconds
      cpu time            0.01 seconds
      


NOTE: There were 343 observations read from the data set EMWS2.TREE_OUTPATH.
NOTE: The data set WORK.TEMPOUTPATH has 343 observations and 8 variables.
NOTE: DATA statement used (Total process time):
      real time           0.01 seconds
      cpu time            0.01 seconds
      


NOTE: There were 2 observations read from the data set EMWS2.IDS_RESPOND_DM.
      WHERE _TYPE_='PREDICTED';
NOTE: DATA statement used (Total process time):
      real time           0.00 seconds
      cpu time            0.00 seconds
      


NOTE: There were 2 observations read from the data set EMWS2.TREE_OUTNODES.
NOTE: DATA statement used (Total process time):
      real time           0.01 seconds
      cpu time            0.01 seconds
      


NOTE: There were 343 observations read from the data set WORK.TEMPOUTPATH.
NOTE: The data set WORK.TEMPOUTPATH has 343 observations and 8 variables.
NOTE: PROCEDURE SORT used (Total process time):
      real time           0.00 seconds
      cpu time            0.00 seconds
      


NOTE: There were 51 observations read from the data set EMWS2.TREE_OUTNODES.
NOTE: The data set WORK.OUTNODES has 51 observations and 24 variables.
NOTE: PROCEDURE SORT used (Total process time):
      real time           0.01 seconds
      cpu time            0.01 seconds
      


NOTE: There were 343 observations read from the data set WORK.TEMPOUTPATH.
NOTE: There were 51 observations read from the data set WORK.OUTNODES.
NOTE: The data set WORK.TEMPOUTPATH has 343 observations and 11 variables.
NOTE: DATA statement used (Total process time):
      real time           0.00 seconds
      cpu time            0.00 seconds
      


NOTE: There were 343 observations read from the data set WORK.TEMPOUTPATH.
NOTE: The data set WORK.TEMPOUTPATH has 343 observations and 11 variables.
NOTE: PROCEDURE SORT used (Total process time):
      real time           0.00 seconds
      cpu time            0.00 seconds
      


NOTE: Numeric values have been converted to character values at the places given by: (Line):(Column).
      218:176   228:190   374:191   381:195   
NOTE: The file X is:
      Filename=\\filer.uncc.edu\home\aadwani\SAS project\sas project\Workspaces\EMWS2\Tree\ENGLISHRULES.txt,
      RECFM=V,LRECL=131068,File Size (bytes)=0,
      Last Modified=08Dec2017:02:25:20,
      Create Time=08Dec2017:02:14:55

NOTE: 364 records were written to the file X.
      The minimum record length was 1.
      The maximum record length was 71.
NOTE: There were 343 observations read from the data set WORK.TEMPOUTPATH.
NOTE: DATA statement used (Total process time):
      real time           0.01 seconds
      cpu time            0.00 seconds
      


NOTE: Deleting WORK.TEMPOUTPATH (memtype=DATA).
NOTE: Deleting WORK.OUTNODES (memtype=DATA).

NOTE: PROCEDURE DATASETS used (Total process time):
      real time           0.01 seconds
      cpu time            0.01 seconds
      


NOTE: The data set WORK.EM_USER_REPORT has 132 observations and 4 variables.
NOTE: DATA statement used (Total process time):
      real time           0.01 seconds
      cpu time            0.01 seconds
      

NOTE: Fileref X has been deassigned.

