*------------------------------------------------------------*
* Report Log
Date:                December 08, 2017
Time:                00:36:08
*------------------------------------------------------------*
12020  *------------------------------------------------------------*;
12021  * &msgString;
12022  *------------------------------------------------------------*;
12023  filename _flowref "\\filer.uncc.edu\home\aadwani\SAS project\sas project\Workspaces\EMWS3\Trans2\EMFLOWSCORE.sas";
12024  proc FCMP NOEXECUTE IMPUTEDDEPS OUTDEPS=WORK.TRANS_SCOREINPUTS;
12025  %INCLUDE _flowref;
12083  run;

NOTE: Dependency structure written to data set WORK.TRANS_SCOREINPUTS.
NOTE: PROCEDURE FCMP used (Total process time):
      real time           0.01 seconds
      cpu time            0.00 seconds
      

12084  quit;
12085  data WORK.TRANS_SCOREINPUTS;
12086  set WORK.TRANS_SCOREINPUTS(keep=RHS rename=(RHS=NAME));
12087  length UNAME $32;
12088  UNAME = upcase(NAME);
12089  run;

NOTE: There were 3 observations read from the data set WORK.TRANS_SCOREINPUTS.
NOTE: The data set WORK.TRANS_SCOREINPUTS has 3 observations and 2 variables.
NOTE: DATA statement used (Total process time):
      real time           0.00 seconds
      cpu time            0.00 seconds
      

12090  proc sort data=WORK.TRANS_SCOREINPUTS NODUPKEY;
12091  by UNAME;
12092  run;

NOTE: There were 3 observations read from the data set WORK.TRANS_SCOREINPUTS.
NOTE: 0 observations with duplicate key values were deleted.
NOTE: The data set WORK.TRANS_SCOREINPUTS has 3 observations and 2 variables.
NOTE: PROCEDURE SORT used (Total process time):
      real time           0.01 seconds
      cpu time            0.01 seconds
      

12093  filename _flowref;
NOTE: Fileref _FLOWREF has been deassigned.
12094  %let SYSCC = 0;
12095  *------------------------------------------------------------*;
12096  * transformcombinevariables;
12097  *------------------------------------------------------------*;
12098  data WORK.TRANS_OUTPUTVARS;
12099  length Uname inputName $32 inputLevel $10 inputType $1 _MetaFlag 8;
12100  set
12101  EMWS3.Trans2_RESULT
12102  ;
12103  _MetaFlag=0;
12104  uname = upcase(name);
12105  run;

NOTE: There were 3 observations read from the data set EMWS3.TRANS2_RESULT.
NOTE: The data set WORK.TRANS_OUTPUTVARS has 3 observations and 13 variables.
NOTE: DATA statement used (Total process time):
      real time           0.00 seconds
      cpu time            0.00 seconds
      

12106  data _temp;
12107  length UNAME $32;
12108  set EMWS3.Trans2_CMeta_TRAIN(keep=NAME LEVEL ROLE TYPE CREATOR LABEL);
12109  UNAME = upcase(name);
12110  where upcase(CREATOR) = upcase("Trans2");
12111  run;

NOTE: There were 3 observations read from the data set EMWS3.TRANS2_CMETA_TRAIN.
      WHERE UPCASE(CREATOR)='TRANS2';
NOTE: The data set WORK._TEMP has 3 observations and 7 variables.
NOTE: DATA statement used (Total process time):
      real time           0.03 seconds
      cpu time            0.01 seconds
      

12112  proc sort data=_temp(drop=CREATOR);
12113  by UNAME;
12114  run;

NOTE: There were 3 observations read from the data set WORK._TEMP.
NOTE: The data set WORK._TEMP has 3 observations and 6 variables.
NOTE: PROCEDURE SORT used (Total process time):
      real time           0.00 seconds
      cpu time            0.00 seconds
      

12115  proc sort data=WORK.TRANS_OUTPUTVARS;
12116  by UNAME;
12117  run;

NOTE: There were 3 observations read from the data set WORK.TRANS_OUTPUTVARS.
NOTE: The data set WORK.TRANS_OUTPUTVARS has 3 observations and 13 variables.
NOTE: PROCEDURE SORT used (Total process time):
      real time           0.00 seconds
      cpu time            0.00 seconds
      

12118  data WORK.TRANS_OUTPUTVARS;
12119  merge WORK.TRANS_OUTPUTVARS _temp;
12120  by UNAME;
12121  run;

NOTE: There were 3 observations read from the data set WORK.TRANS_OUTPUTVARS.
NOTE: There were 3 observations read from the data set WORK._TEMP.
NOTE: The data set WORK.TRANS_OUTPUTVARS has 3 observations and 13 variables.
NOTE: DATA statement used (Total process time):
      real time           0.01 seconds
      cpu time            0.01 seconds
      

12122  *------------------------------------------------------------*;
12123  * Trans2: Get Metadata for the Score Inputs Variables;
12124  *------------------------------------------------------------*;
12125  data _temp;
12126  length UNAME $32;
12127  set EMWS3.Trans2_VariableSet(keep=NAME LEVEL TYPE LABEL);
12128  UNAME = upcase(name);
12129  run;

NOTE: There were 28 observations read from the data set EMWS3.TRANS2_VARIABLESET.
NOTE: The data set WORK._TEMP has 28 observations and 5 variables.
NOTE: DATA statement used (Total process time):
      real time           0.00 seconds
      cpu time            0.00 seconds
      

12130  proc sort data=_temp;
12131  by UNAME;
12132  run;

NOTE: There were 28 observations read from the data set WORK._TEMP.
NOTE: The data set WORK._TEMP has 28 observations and 5 variables.
NOTE: PROCEDURE SORT used (Total process time):
      real time           0.01 seconds
      cpu time            0.01 seconds
      

12133  data WORK.TRANS_SCOREINPUTS;
12134  merge WORK.TRANS_SCOREINPUTS(in=_a) _temp(in=_b);
12135  by UNAME;
12136  if _a and _b then output;
12137  run;

NOTE: There were 3 observations read from the data set WORK.TRANS_SCOREINPUTS.
NOTE: There were 28 observations read from the data set WORK._TEMP.
NOTE: The data set WORK.TRANS_SCOREINPUTS has 3 observations and 5 variables.
NOTE: DATA statement used (Total process time):
      real time           0.00 seconds
      cpu time            0.00 seconds
      

12138  *------------------------------------------------------------*;
12139  * Trans2: Computing Summary Statistics;
12140  *------------------------------------------------------------*;
12141  proc dmdb data=EMWS3.Trans2_TRAIN classout=WORK.TRANS_CLASSSTATS varout=WORK.TRANS_VARSTATS;
12142  class
12143  PCTL_GiftCntAll
12144  PCTL_GiftTimeLast_REV
12145  PCTL_MonetaryValue
12146  ;
12147  var
12148  GiftCntAll
12149  GiftTimeLast_REV
12150  MonetaryValue
12151  ;
12152  run;

NOTE: Records processed = 9686   Memory used = 511K.
NOTE: There were 9686 observations read from the data set BIA.PVA97NK.
NOTE: There were 9686 observations read from the data set EMWS3.IDS_DATA.
NOTE: View EMWS3.TRANS2_TRAIN.VIEW used (Total process time):
      real time           0.10 seconds
      cpu time            0.10 seconds
      
NOTE: There were 9686 observations read from the data set EMWS3.TRANS_TRAIN.
NOTE: There were 9686 observations read from the data set EMWS3.TRANS2_TRAIN.
NOTE: The data set WORK.TRANS_CLASSSTATS has 12 observations and 9 variables.
NOTE: The data set WORK.TRANS_VARSTATS has 3 observations and 9 variables.
NOTE: PROCEDURE DMDB used (Total process time):
      real time           0.12 seconds
      cpu time            0.12 seconds
      

12153  *------------------------------------------------------------*;
12154  * Trans2: Combine Information and Statistics for Class Variables;
12155  *------------------------------------------------------------*;
12156  proc sort data=WORK.TRANS_OUTPUTVARS out=_temp;
12157  by NAME;
12158  run;

NOTE: There were 3 observations read from the data set WORK.TRANS_OUTPUTVARS.
NOTE: The data set WORK._TEMP has 3 observations and 13 variables.
NOTE: PROCEDURE SORT used (Total process time):
      real time           0.00 seconds
      cpu time            0.00 seconds
      

12159  proc sort data=WORK.TRANS_CLASSSTATS;
12160  by NAME;
12161  run;

NOTE: There were 12 observations read from the data set WORK.TRANS_CLASSSTATS.
NOTE: The data set WORK.TRANS_CLASSSTATS has 12 observations and 9 variables.
NOTE: PROCEDURE SORT used (Total process time):
      real time           0.00 seconds
      cpu time            0.00 seconds
      

12162  data WORK.TRANS_CLASSSTATS(keep=name nlevel nmiss);
12163  retain nlevel nmiss;
12164  set WORK.TRANS_CLASSSTATS;
12165  by Name;
12166  if first.Name then do;
12167  nlevel= 0;
12168  nmiss= 0;
12169  end;
12170  if (type='C' and CRAW='') or (type='N' and NRAW=.) then nmiss = FREQUENCY;
12171  else nlevel + 1;
12172  if last.name then output;
12173  run;

NOTE: There were 12 observations read from the data set WORK.TRANS_CLASSSTATS.
NOTE: The data set WORK.TRANS_CLASSSTATS has 3 observations and 3 variables.
NOTE: DATA statement used (Total process time):
      real time           0.01 seconds
      cpu time            0.01 seconds
      

12174  /*Merge Statistics for Class Output Vars */
12175  data WORK.TRANS_CLASSSTATS;
12176  length SOURCE $6 _METHOD_ $8 NAME $32 FORMULA $300;
12177  merge WORK.TRANS_CLASSSTATS(in=_a) _temp(in=_b keep=NAME InputName Formula _MetaFlag LEVEL TYPE LABEL);
12178  by NAME;
12179  if _a and _b then do;
12180  SOURCE='Output';
12181  if _MetaFlag = 1 then _METHOD_="Meta";
12182  else if Formula eq 'Interaction' then _METHOD_="Computed";
12183  else if inputName eq '' then _METHOD_="Formula";
12184  else _METHOD_="Computed";
12185  if Formula = '' then Formula = "User Code";
12186  end;
12187  if _a then output;
12188  drop inputName LEVEL TYPE _MetaFlag;
12189  run;

NOTE: There were 3 observations read from the data set WORK.TRANS_CLASSSTATS.
NOTE: There were 3 observations read from the data set WORK._TEMP.
NOTE: The data set WORK.TRANS_CLASSSTATS has 3 observations and 7 variables.
NOTE: DATA statement used (Total process time):
      real time           0.00 seconds
      cpu time            0.00 seconds
      

12190  /*Merge Statistics for Class Input Vars */
12191  proc sort data=WORK.TRANS_SCOREINPUTS(drop=TYPE LEVEL) out=_temp nodupkey;
12192  by NAME;
12193  run;

NOTE: There were 3 observations read from the data set WORK.TRANS_SCOREINPUTS.
NOTE: 0 observations with duplicate key values were deleted.
NOTE: The data set WORK._TEMP has 3 observations and 3 variables.
NOTE: PROCEDURE SORT used (Total process time):
      real time           0.01 seconds
      cpu time            0.01 seconds
      

12194  data WORK.TRANS_CLASSSTATS;
12195  merge WORK.TRANS_CLASSSTATS(in=_a) _temp(in=_b);
12196  by NAME;
12197  if _a and _b then do;
12198  SOURCE='Input';
12199  _METHOD_="Original";
12200  end;
12201  if _a then output;
12202  run;

NOTE: There were 3 observations read from the data set WORK.TRANS_CLASSSTATS.
NOTE: There were 3 observations read from the data set WORK._TEMP.
NOTE: The data set WORK.TRANS_CLASSSTATS has 3 observations and 8 variables.
NOTE: DATA statement used (Total process time):
      real time           0.00 seconds
      cpu time            0.00 seconds
      

12203  *------------------------------------------------------------*;
12204  * Trans2: Combine Information and Statistics for Interval Variables;
12205  *------------------------------------------------------------*;
12206  proc sort data=WORK.TRANS_OUTPUTVARS out=_temp;
12207  by NAME;
12208  run;

NOTE: There were 3 observations read from the data set WORK.TRANS_OUTPUTVARS.
NOTE: The data set WORK._TEMP has 3 observations and 13 variables.
NOTE: PROCEDURE SORT used (Total process time):
      real time           0.00 seconds
      cpu time            0.00 seconds
      

12209  proc sort data=WORK.TRANS_VARSTATS;
12210  by NAME;
12211  run;

NOTE: There were 3 observations read from the data set WORK.TRANS_VARSTATS.
NOTE: The data set WORK.TRANS_VARSTATS has 3 observations and 9 variables.
NOTE: PROCEDURE SORT used (Total process time):
      real time           0.01 seconds
      cpu time            0.01 seconds
      

12212  *Merge Statistics for Output Vars;
12213  data WORK.TRANS_VARSTATS;
12214  length SOURCE $6 _METHOD_ $8 NAME $32 FORMULA $300;
12215  merge WORK.TRANS_VARSTATS(in=_a) _temp(in=_b keep=NAME Formula InputName _MetaFlag LEVEL TYPE LABEL);
12216  by NAME;
12217  if _a and _b then do;
12218  SOURCE='Output';
12219  if _MetaFlag = 1 then _METHOD_="Meta";
12220  else if Formula eq 'Interaction' then _METHOD_="Computed";
12221  else if inputName eq '' then _METHOD_="Formula";
12222  else _METHOD_="Computed";
12223  if Formula = '' then Formula = "Mixture of variables";
12224  end;
12225  if _a then output;
12226  drop inputName LEVEL TYPE _MetaFlag;
12227  run;

NOTE: There were 3 observations read from the data set WORK.TRANS_VARSTATS.
NOTE: There were 3 observations read from the data set WORK._TEMP.
NOTE: The data set WORK.TRANS_VARSTATS has 3 observations and 13 variables.
NOTE: DATA statement used (Total process time):
      real time           0.00 seconds
      cpu time            0.00 seconds
      

12228  *Merge Statistics for Input Vars;
12229  proc sort data=WORK.TRANS_SCOREINPUTS(drop=TYPE LEVEL) out=_temp nodupkey;
12230  by NAME;
12231  run;

NOTE: There were 3 observations read from the data set WORK.TRANS_SCOREINPUTS.
NOTE: 0 observations with duplicate key values were deleted.
NOTE: The data set WORK._TEMP has 3 observations and 3 variables.
NOTE: PROCEDURE SORT used (Total process time):
      real time           0.00 seconds
      cpu time            0.00 seconds
      

12232  data WORK.TRANS_VARSTATS;
12233  merge WORK.TRANS_VARSTATS(in=_a) _temp(in=_b);
12234  by NAME;
12235  if _a and _b then do;
12236  SOURCE='Input';
12237  _METHOD_="Original";
12238  end;
12239  if _a then output;
12240  run;

NOTE: There were 3 observations read from the data set WORK.TRANS_VARSTATS.
NOTE: There were 3 observations read from the data set WORK._TEMP.
NOTE: The data set WORK.TRANS_VARSTATS has 3 observations and 14 variables.
NOTE: DATA statement used (Total process time):
      real time           0.00 seconds
      cpu time            0.00 seconds
      

12241  *------------------------------------------------------------*;
12242  * Trans2: Combine statistics for class and interval variables;
12243  *------------------------------------------------------------*;
12244  data EMWS3.Trans2_STATISTICS;
12245  length SOURCE $6 _METHOD_ $8 NAME $32 FORMULA $300;
12246  label SOURCE = "%sysfunc(sasmsg(sashelp.dmine, rpt_source_vlabel,  NOQUOTE))" _METHOD_ = "%sysfunc(sasmsg(sashelp.dmine, rpt_method_vlabel,  NOQUOTE))" NAME = "%sysfunc(sasmsg(sashelp.dmine, meta_name_vlabel,  NOQUOTE))" FORMULA =
12247     "%sysfunc(sasmsg(sashelp.dmine, rpt_formula_vlabel,   NOQUOTE))" NLEVEL = "%sysfunc(sasmsg(sashelp.dmine, rpt_numcat_vlabel,   NOQUOTE))" N = "%sysfunc(sasmsg(sashelp.dmine, rpt_nonmiss_vlabel, NOQUOTE))" NMISS =
12248     "%sysfunc(sasmsg(sashelp.dmine, rpt_missing_vlabel, NOQUOTE))" MIN = "%sysfunc(sasmsg(sashelp.dmine, rpt_minimum_vlabel, NOQUOTE))" MAX = "%sysfunc(sasmsg(sashelp.dmine, rpt_maximum_vlabel, NOQUOTE))" MEAN =
12249     "%sysfunc(sasmsg(sashelp.dmine, rpt_mean_vlabel,    NOQUOTE))" STD = "%sysfunc(sasmsg(sashelp.dmine, rpt_std_vlabel,     NOQUOTE))" SKEWNESS = "%sysfunc(sasmsg(sashelp.dmine, rpt_skewness_vlabel, NOQUOTE))" KURTOSIS =
12250     "%sysfunc(sasmsg(sashelp.dmine, rpt_kurtosis_vlabel, NOQUOTE))" LABEL = "%sysfunc(sasmsg(sashelp.dmine, meta_label_vlabel, NOQUOTE))";
12251  set
12252  WORK.TRANS_CLASSSTATS
12253  WORK.TRANS_VARSTATS
12254  ;
12255  drop UNAME;
12256  run;

NOTE: There were 3 observations read from the data set WORK.TRANS_CLASSSTATS.
NOTE: There were 3 observations read from the data set WORK.TRANS_VARSTATS.
NOTE: The data set EMWS3.TRANS2_STATISTICS has 6 observations and 14 variables.
NOTE: DATA statement used (Total process time):
      real time           0.07 seconds
      cpu time            0.04 seconds
      

12257  proc sort data=EMWS3.Trans2_STATISTICS;
12258  by SOURCE _METHOD_ NAME;
12259  run;

NOTE: There were 6 observations read from the data set EMWS3.TRANS2_STATISTICS.
NOTE: The data set EMWS3.TRANS2_STATISTICS has 6 observations and 14 variables.
NOTE: PROCEDURE SORT used (Total process time):
      real time           0.06 seconds
      cpu time            0.00 seconds
      

12260  proc sort data = EMWS3.Trans2_STATISTICS NOTHREADS;
12261  by SOURCE NAME;
12262  run;

NOTE: There were 6 observations read from the data set EMWS3.TRANS2_STATISTICS.
NOTE: The data set EMWS3.TRANS2_STATISTICS has 6 observations and 14 variables.
NOTE: PROCEDURE SORT used (Total process time):
      real time           0.04 seconds
      cpu time            0.01 seconds
      

12263  title9 ' ';
12264  proc print data = EMWS3.Trans2_STATISTICS(obs=500) noobs label;
12265  title9 "%sysfunc(sasmsg(sashelp.dmine, rpt_intervalinputStats_title, NOQUOTE))";
12266  title10 "%sysfunc(sasmsg(sashelp.dmine, rpt_maxObsPrinted_title, NOQUOTE))";
12267  var Name NMISS MIN MAX MEAN STD SKEWNESS KURTOSIS;
12268  where SOURCE eq 'INPUT' and mean ne .;
12269  run;

NOTE: No observations were selected from data set EMWS3.TRANS2_STATISTICS.
NOTE: There were 0 observations read from the data set EMWS3.TRANS2_STATISTICS.
      WHERE (SOURCE='INPUT') and (mean not = .);
NOTE: PROCEDURE PRINT used (Total process time):
      real time           0.03 seconds
      cpu time            0.00 seconds
      

12270  proc print data = EMWS3.Trans2_STATISTICS(obs=500) noobs label;
12271  title9 "%sysfunc(sasmsg(sashelp.dmine, rpt_intervaloutputStats_title, NOQUOTE))";
12272  title10 "%sysfunc(sasmsg(sashelp.dmine, rpt_maxObsPrinted_title, NOQUOTE))";
12273  var Name _METHOD_ NMISS MIN MAX MEAN STD SKEWNESS KURTOSIS;
12274  where SOURCE eq 'OUTPUT' and mean ne .;
12275  run;

NOTE: No observations were selected from data set EMWS3.TRANS2_STATISTICS.
NOTE: There were 0 observations read from the data set EMWS3.TRANS2_STATISTICS.
      WHERE (SOURCE='OUTPUT') and (mean not = .);
NOTE: PROCEDURE PRINT used (Total process time):
      real time           0.00 seconds
      cpu time            0.00 seconds
      

12276  proc print data = EMWS3.Trans2_STATISTICS(obs=500) noobs label;
12277  title9 "%sysfunc(sasmsg(sashelp.dmine, rpt_classinputStats_title, NOQUOTE))";
12278  title10 "%sysfunc(sasmsg(sashelp.dmine, rpt_maxObsPrinted_title, NOQUOTE))";
12279  var Name NLEVEL NMISS;
12280  where SOURCE eq 'INPUT' and nlevel ne .;
12281  run;

NOTE: No observations were selected from data set EMWS3.TRANS2_STATISTICS.
NOTE: There were 0 observations read from the data set EMWS3.TRANS2_STATISTICS.
      WHERE (SOURCE='INPUT') and (nlevel not = .);
NOTE: PROCEDURE PRINT used (Total process time):
      real time           0.00 seconds
      cpu time            0.00 seconds
      

12282  proc print data = EMWS3.Trans2_STATISTICS(obs=500) noobs label;
12283  title9 "%sysfunc(sasmsg(sashelp.dmine, rpt_classoutputStats_title, NOQUOTE))";
12284  title10 "%sysfunc(sasmsg(sashelp.dmine, rpt_maxObsPrinted_title, NOQUOTE))";
12285  var Name _METHOD_ NLEVEL NMISS;
12286  where SOURCE eq 'OUTPUT' and nlevel ne .;
12287  run;

NOTE: No observations were selected from data set EMWS3.TRANS2_STATISTICS.
NOTE: There were 0 observations read from the data set EMWS3.TRANS2_STATISTICS.
      WHERE (SOURCE='OUTPUT') and (nlevel not = .);
NOTE: PROCEDURE PRINT used (Total process time):
      real time           0.01 seconds
      cpu time            0.00 seconds
      

12288  title9;
12289  title10;

12290  data EMWS3.Trans2_EMSCOREVAR;
12291  length Name $32 formula $300 file $200;
12292  keep NAME Formula file;
12293  set EMWS3.Trans2_STATISTICS;
12294  where SOURCE='Output';
12295  select( _METHOD_);
12296  when('Computed') do;
12297  file="TRANSFORMCODE\"!!strip(NAME)!!'.sas';
12298  formula = '';
12299  end;
12300  when('Formula') do;
12301  if Formula eq 'Mixture of variables' then do;
12302  file= "EDITORCODE.sas";
12303  formula = '';
12304  end;
12305  if Formula = 'User Code' then do;
12306  file= "EDITORCODE.sas";
12307  formula = '';
12308  end;
12309  end;
12310  otherwise;
12311  end;
12312  output;
12313  run;

NOTE: There were 3 observations read from the data set EMWS3.TRANS2_STATISTICS.
      WHERE SOURCE='Output';
NOTE: The data set EMWS3.TRANS2_EMSCOREVAR has 3 observations and 3 variables.
NOTE: DATA statement used (Total process time):
      real time           0.04 seconds
      cpu time            0.03 seconds
      

